2018-02-05 21:43:42,506 - open -INFO - Start test at 2018/02/05 21:43:42
2018-02-05 21:43:42,509 - open -INFO - Setup to connect devices
2018-02-05 21:44:10,779 - open -INFO - Done setup to connect devices
2018-02-05 21:44:10,779 - open -INFO - Connect database
2018-02-05 21:44:10,780 - open -INFO - Connect database success
2018-02-05 21:44:11,158 - run -INFO - Start testcase 1
2018-02-05 21:44:11,195 - run -INFO - End testcase 1
2018-02-05 21:44:11,196 - run -INFO - Start testcase 2
2018-02-05 21:44:11,221 - run -INFO - End testcase 2
2018-02-05 21:44:11,222 - run -INFO - Start testcase 3
2018-02-05 21:44:11,244 - run -INFO - End testcase 3
2018-02-05 21:44:11,244 - run -INFO - Start testcase 4
2018-02-05 21:44:11,267 - run -INFO - End testcase 4
2018-02-05 21:44:11,268 - run -INFO - Start testcase 5
2018-02-05 21:44:11,287 - run -INFO - End testcase 5
2018-02-05 21:44:11,288 - run -INFO - Start testcase 6
2018-02-05 21:44:11,308 - run -INFO - End testcase 6
2018-02-05 21:44:11,309 - run -INFO - Start testcase 7
2018-02-05 21:44:11,337 - run -INFO - End testcase 7
2018-02-05 21:44:11,338 - run -INFO - Start testcase 8
2018-02-05 21:44:11,357 - run -INFO - End testcase 8
2018-02-05 21:44:11,357 - run -INFO - Start testcase 9
2018-02-05 21:44:11,379 - run -INFO - End testcase 9
2018-02-05 21:44:11,380 - run -INFO - Start testcase 10
2018-02-05 21:44:11,408 - run -INFO - End testcase 10
2018-02-05 21:44:11,408 - run -INFO - Start testcase 11
2018-02-05 21:44:11,446 - run -INFO - End testcase 11
2018-02-05 21:44:11,446 - run -INFO - Start testcase 12
2018-02-05 21:44:11,466 - run -INFO - End testcase 12
2018-02-05 21:44:11,466 - run -INFO - Start testcase 13
2018-02-05 21:44:11,485 - run -INFO - End testcase 13
2018-02-05 21:44:11,485 - run -INFO - Start testcase 14
2018-02-05 21:44:11,511 - run -INFO - End testcase 14
2018-02-05 21:44:11,512 - run -INFO - Start testcase 15
2018-02-05 21:44:11,526 - run -INFO - End testcase 15
2018-02-05 21:44:11,527 - run -INFO - Start testcase 16
2018-02-05 21:44:11,542 - run -INFO - End testcase 16
2018-02-05 21:44:11,542 - run -INFO - Start testcase 17
2018-02-05 21:44:11,558 - run -INFO - End testcase 17
2018-02-05 21:44:11,559 - run -INFO - Start testcase 18
2018-02-05 21:44:11,575 - run -INFO - End testcase 18
2018-02-05 21:44:11,576 - run -INFO - Start testcase 19
2018-02-05 21:44:11,601 - run -INFO - End testcase 19
2018-02-05 21:44:11,601 - run -INFO - Start testcase 20
2018-02-05 21:44:11,621 - run -INFO - End testcase 20
2018-02-05 21:44:11,622 - run -INFO - Start testcase 21
2018-02-05 21:44:11,646 - run -INFO - End testcase 21
2018-02-05 21:44:11,646 - run -INFO - Start testcase 22
2018-02-05 21:44:11,671 - run -INFO - End testcase 22
2018-02-05 21:44:11,672 - run -INFO - Start testcase 23
2018-02-05 21:44:11,690 - run -INFO - End testcase 23
2018-02-05 21:44:11,690 - run -INFO - Start testcase 24
2018-02-05 21:44:11,709 - run -INFO - End testcase 24
2018-02-05 21:44:11,710 - run -INFO - Start testcase 25
2018-02-05 21:44:11,742 - run -INFO - End testcase 25
2018-02-05 21:44:11,742 - run -INFO - Start testcase 26
2018-02-05 21:44:11,761 - run -INFO - End testcase 26
2018-02-05 21:44:11,762 - run -INFO - Start testcase 27
2018-02-05 21:44:11,780 - run -INFO - End testcase 27
2018-02-05 21:44:11,780 - run -INFO - Start testcase 28
2018-02-05 21:44:11,800 - run -INFO - End testcase 28
2018-02-05 21:44:11,800 - run -INFO - Start testcase 29
2018-02-05 21:44:11,830 - run -INFO - End testcase 29
2018-02-05 21:44:11,830 - run -INFO - Start testcase 30
2018-02-05 21:44:11,848 - run -INFO - End testcase 30
2018-02-05 21:44:11,848 - run -INFO - Start testcase 31
2018-02-05 21:44:11,863 - run -INFO - End testcase 31
2018-02-05 21:44:11,864 - run -INFO - Start testcase 32
2018-02-05 21:44:11,880 - run -INFO - End testcase 32
2018-02-05 21:44:11,880 - run -INFO - Start testcase 33
2018-02-05 21:44:11,895 - run -INFO - End testcase 33
2018-02-05 21:44:11,896 - run -INFO - Start testcase 34
2018-02-05 21:44:11,909 - run -INFO - End testcase 34
2018-02-05 21:44:11,909 - run -INFO - Start testcase 35
2018-02-05 21:44:11,923 - run -INFO - End testcase 35
2018-02-05 21:44:11,923 - run -INFO - Start testcase 36
2018-02-05 21:44:11,939 - run -INFO - End testcase 36
2018-02-05 21:44:11,939 - run -INFO - Start testcase 37
2018-02-05 21:44:11,953 - run -INFO - End testcase 37
2018-02-05 21:44:11,953 - run -INFO - Start testcase 38
2018-02-05 21:44:11,966 - run -INFO - End testcase 38
2018-02-05 21:44:11,967 - run -INFO - Start testcase 39
2018-02-05 21:44:11,986 - run -INFO - End testcase 39
2018-02-05 21:44:11,987 - run -INFO - Start testcase 40
2018-02-05 21:44:12,000 - run -INFO - End testcase 40
2018-02-05 21:44:12,001 - run -INFO - Start testcase 41
2018-02-05 21:44:12,008 - joinAndInterested -INFO - check demo 1 yêu cầu tham gia va quan tâm
2018-02-05 21:44:12,008 - Logout -INFO - touch menu
2018-02-05 21:44:14,583 - Logout -INFO - touch Dang xuat
2018-02-05 21:44:15,536 - joinAndInterested -INFO - login demo1
2018-02-05 21:44:15,537 - Login -INFO - Start Login
2018-02-05 21:44:15,537 - Login -INFO - Login account
2018-02-05 21:44:15,537 - Login -INFO - click button login email
2018-02-05 21:44:17,484 - Login -INFO - send username
2018-02-05 21:44:29,528 - Login -INFO - send pass 
2018-02-05 21:44:44,390 - Login -INFO - click button login
2018-02-05 21:44:45,077 - joinAndInterested -INFO - touch chuyen di
2018-02-05 21:44:45,841 - joinAndInterested -INFO - Fail: demo 1 gửi yêu cầu tham gia và quan tâm không thành công
2018-02-05 21:44:49,607 - run -INFO - End testcase 41
2018-02-05 21:44:49,607 - run -INFO - Start testcase 42
2018-02-05 21:44:49,608 - joinAndInterested -INFO - check demo 2 yêu cầu tham gia va quan tâm
2018-02-05 21:44:49,608 - Logout -INFO - touch menu
2018-02-05 21:44:49,747 - joinAndInterested -INFO - Fail: demo 2 gửi yêu cầu tham gia và quan tâm không thành công
2018-02-05 21:44:53,839 - run -INFO - End testcase 42
2018-02-05 21:44:53,839 - run -INFO - Start testcase 43
2018-02-05 21:44:53,839 - joinAndInterested -INFO - check demo 3 yêu cầu tham gia va quan tâm
2018-02-05 21:44:53,840 - Logout -INFO - touch menu
2018-02-05 21:44:54,268 - Logout -INFO - touch Dang xuat
2018-02-05 21:44:57,394 - joinAndInterested -INFO - login demo3
2018-02-05 21:44:57,395 - Login -INFO - Start Login
2018-02-05 21:44:57,395 - Login -INFO - Login account
2018-02-05 21:44:57,395 - Login -INFO - click button login email
2018-02-05 21:44:58,907 - Login -INFO - send username
2018-02-05 21:45:11,307 - Login -INFO - send pass 
2018-02-05 21:45:25,286 - Login -INFO - click button login
2018-02-05 21:45:25,966 - joinAndInterested -INFO - touch chuyen di
2018-02-05 21:45:26,524 - joinAndInterested -INFO - Fail: demo 3 gửi yêu cầu tham gia và quan tâm không thành công
2018-02-05 21:45:31,399 - run -INFO - End testcase 43
2018-02-05 21:45:31,399 - run -INFO - Start testcase 44
2018-02-05 21:45:31,399 - joinAndInterested -INFO - demo 3 hủy yêu cầu tham gia va quan tâm
2018-02-05 21:45:31,399 - joinAndInterested -INFO - touch Hủy yêu cầu
2018-02-05 21:45:31,752 - joinAndInterested -INFO - Fail: demo 3 hủy yêu cầu tham gia va quan tâm không thành công
2018-02-05 21:45:35,941 - joinAndInterested -INFO - touch button quay lại màn hình tab Công khai
2018-02-05 21:45:36,101 - run -ERROR - An element could not be located on the page using the given search parameters. (WARNING: The server did not provide any stacktrace information)
Command duration or timeout: 155 milliseconds
For documentation on this error, please visit: http://seleniumhq.org/exceptions/no_such_element.html
Build info: version: 'unknown', revision: 'unknown', time: 'unknown'
System info: host: 'TRANGTHU292', ip: '192.168.11.111', os.name: 'Windows 10', os.arch: 'amd64', os.version: '10.0', java.version: '1.8.0_131'
Driver info: io.appium.java_client.android.AndroidDriver
Capabilities [{appPackage=studio.crazybt.adventure, deviceScreenSize=720x1280, networkConnectionEnabled=true, noReset=true, warnings={}, databaseEnabled=false, version=, deviceName=4653bc57, fullReset=false, platform=ANDROID, deviceUDID=4653bc57, appActivity=studio.crazybt.adventure.activities.SplashActivity, desired={appPackage=studio.crazybt.adventure, appActivity=studio.crazybt.adventure.activities.SplashActivity, noReset=true, platformVersion=4.4.2, browserName=android, unicodeKeyboard=true, platformName=Android, version=, deviceName=4653bc57, fullReset=false, platform=ANDROID}, platformVersion=4.4.2, webStorageEnabled=false, locationContextEnabled=false, takesScreenshot=true, browserName=android, javascriptEnabled=true, deviceModel=SM-G7102, unicodeKeyboard=true, platformName=Android, deviceManufacturer=samsung}]
Session ID: 324ecea4-c4c1-45fe-802a-56ffdc24fcb4
*** Element info: {Using=id, value=studio.crazybt.adventure:id/tbTrip}
2018-02-05 21:45:36,102 - run -INFO - End testcase 44
2018-02-05 21:45:36,102 - run -INFO - Start testcase 45
2018-02-05 21:45:36,103 - joinAndInterested -INFO - demo 3 hủy yêu cầu tham gia va quan tâm
2018-02-05 21:45:36,103 - joinAndInterested -INFO - touch Hủy yêu cầu
2018-02-05 21:45:36,563 - joinAndInterested -INFO - Fail: demo 3 hủy yêu cầu tham gia va quan tâm không thành công
2018-02-05 21:45:39,870 - joinAndInterested -INFO - touch button quay lại màn hình tab Công khai
2018-02-05 21:45:40,139 - run -ERROR - An element could not be located on the page using the given search parameters. (WARNING: The server did not provide any stacktrace information)
Command duration or timeout: 268 milliseconds
For documentation on this error, please visit: http://seleniumhq.org/exceptions/no_such_element.html
Build info: version: 'unknown', revision: 'unknown', time: 'unknown'
System info: host: 'TRANGTHU292', ip: '192.168.11.111', os.name: 'Windows 10', os.arch: 'amd64', os.version: '10.0', java.version: '1.8.0_131'
Driver info: io.appium.java_client.android.AndroidDriver
Capabilities [{appPackage=studio.crazybt.adventure, deviceScreenSize=720x1280, networkConnectionEnabled=true, noReset=true, warnings={}, databaseEnabled=false, version=, deviceName=4653bc57, fullReset=false, platform=ANDROID, deviceUDID=4653bc57, appActivity=studio.crazybt.adventure.activities.SplashActivity, desired={appPackage=studio.crazybt.adventure, appActivity=studio.crazybt.adventure.activities.SplashActivity, noReset=true, platformVersion=4.4.2, browserName=android, unicodeKeyboard=true, platformName=Android, version=, deviceName=4653bc57, fullReset=false, platform=ANDROID}, platformVersion=4.4.2, webStorageEnabled=false, locationContextEnabled=false, takesScreenshot=true, browserName=android, javascriptEnabled=true, deviceModel=SM-G7102, unicodeKeyboard=true, platformName=Android, deviceManufacturer=samsung}]
Session ID: 324ecea4-c4c1-45fe-802a-56ffdc24fcb4
*** Element info: {Using=id, value=studio.crazybt.adventure:id/tbTrip}
2018-02-05 21:45:40,139 - run -INFO - End testcase 45
2018-02-05 21:45:40,139 - run -INFO - Start testcase 46
2018-02-05 21:45:40,142 - joinAndInterested -INFO - demo 3 hủy yêu cầu tham gia va quan tâm
2018-02-05 21:45:40,142 - joinAndInterested -INFO - touch Hủy yêu cầu
2018-02-05 21:45:40,247 - joinAndInterested -INFO - Fail: demo 3 hủy yêu cầu tham gia va quan tâm không thành công
2018-02-05 21:45:43,940 - joinAndInterested -INFO - touch button quay lại màn hình tab Công khai
2018-02-05 21:45:44,303 - run -ERROR - An element could not be located on the page using the given search parameters. (WARNING: The server did not provide any stacktrace information)
Command duration or timeout: 362 milliseconds
For documentation on this error, please visit: http://seleniumhq.org/exceptions/no_such_element.html
Build info: version: 'unknown', revision: 'unknown', time: 'unknown'
System info: host: 'TRANGTHU292', ip: '192.168.11.111', os.name: 'Windows 10', os.arch: 'amd64', os.version: '10.0', java.version: '1.8.0_131'
Driver info: io.appium.java_client.android.AndroidDriver
Capabilities [{appPackage=studio.crazybt.adventure, deviceScreenSize=720x1280, networkConnectionEnabled=true, noReset=true, warnings={}, databaseEnabled=false, version=, deviceName=4653bc57, fullReset=false, platform=ANDROID, deviceUDID=4653bc57, appActivity=studio.crazybt.adventure.activities.SplashActivity, desired={appPackage=studio.crazybt.adventure, appActivity=studio.crazybt.adventure.activities.SplashActivity, noReset=true, platformVersion=4.4.2, browserName=android, unicodeKeyboard=true, platformName=Android, version=, deviceName=4653bc57, fullReset=false, platform=ANDROID}, platformVersion=4.4.2, webStorageEnabled=false, locationContextEnabled=false, takesScreenshot=true, browserName=android, javascriptEnabled=true, deviceModel=SM-G7102, unicodeKeyboard=true, platformName=Android, deviceManufacturer=samsung}]
Session ID: 324ecea4-c4c1-45fe-802a-56ffdc24fcb4
*** Element info: {Using=id, value=studio.crazybt.adventure:id/tbTrip}
2018-02-05 21:45:44,303 - run -INFO - End testcase 46
2018-02-05 21:45:44,304 - run -INFO - Start testcase 47
2018-02-05 21:45:44,304 - joinAndInterested -INFO - demo 3 hủy yêu cầu tham gia va quan tâm
2018-02-05 21:45:44,304 - joinAndInterested -INFO - touch Hủy yêu cầu
2018-02-05 21:45:44,460 - joinAndInterested -INFO - Fail: demo 3 hủy yêu cầu tham gia va quan tâm không thành công
2018-02-05 21:45:48,128 - joinAndInterested -INFO - touch button quay lại màn hình tab Công khai
2018-02-05 21:45:48,468 - run -ERROR - An element could not be located on the page using the given search parameters. (WARNING: The server did not provide any stacktrace information)
Command duration or timeout: 339 milliseconds
For documentation on this error, please visit: http://seleniumhq.org/exceptions/no_such_element.html
Build info: version: 'unknown', revision: 'unknown', time: 'unknown'
System info: host: 'TRANGTHU292', ip: '192.168.11.111', os.name: 'Windows 10', os.arch: 'amd64', os.version: '10.0', java.version: '1.8.0_131'
Driver info: io.appium.java_client.android.AndroidDriver
Capabilities [{appPackage=studio.crazybt.adventure, deviceScreenSize=720x1280, networkConnectionEnabled=true, noReset=true, warnings={}, databaseEnabled=false, version=, deviceName=4653bc57, fullReset=false, platform=ANDROID, deviceUDID=4653bc57, appActivity=studio.crazybt.adventure.activities.SplashActivity, desired={appPackage=studio.crazybt.adventure, appActivity=studio.crazybt.adventure.activities.SplashActivity, noReset=true, platformVersion=4.4.2, browserName=android, unicodeKeyboard=true, platformName=Android, version=, deviceName=4653bc57, fullReset=false, platform=ANDROID}, platformVersion=4.4.2, webStorageEnabled=false, locationContextEnabled=false, takesScreenshot=true, browserName=android, javascriptEnabled=true, deviceModel=SM-G7102, unicodeKeyboard=true, platformName=Android, deviceManufacturer=samsung}]
Session ID: 324ecea4-c4c1-45fe-802a-56ffdc24fcb4
*** Element info: {Using=id, value=studio.crazybt.adventure:id/tbTrip}
2018-02-05 21:45:48,469 - run -INFO - End testcase 47
2018-02-05 21:45:48,469 - run -INFO - Start testcase 48
2018-02-05 21:45:48,917 - run -INFO - End testcase 48
2018-02-05 21:45:48,918 - run -INFO - Start testcase 49
2018-02-05 21:45:48,921 - run -INFO - End testcase 49
2018-02-05 21:45:48,921 - run -INFO - Start testcase 50
2018-02-05 21:45:48,927 - run -INFO - End testcase 50
2018-02-05 21:45:48,927 - run -INFO - Start testcase 51
2018-02-05 21:45:48,938 - run -INFO - End testcase 51
2018-02-05 21:45:48,939 - run -INFO - Start testcase 52
2018-02-05 21:45:48,944 - checkDiscussion -INFO - Check tạo bài thảo luận thành công
2018-02-05 21:45:48,944 - Logout -INFO - touch menu
2018-02-05 21:45:49,385 - Logout -INFO - touch Dang xuat
2018-02-05 21:45:51,998 - checkDiscussion -INFO - login trang thư - người tạo
2018-02-05 21:45:51,998 - Login -INFO - Start Login
2018-02-05 21:45:51,998 - Login -INFO - Login account
2018-02-05 21:45:51,999 - Login -INFO - click button login email
2018-02-05 21:45:53,477 - Login -INFO - send username
