2018-03-13 11:37:56,884 - open -INFO - Start test at 2018/03/13 11:37:56
2018-03-13 11:37:56,887 - open -INFO - Setup to connect devices
2018-03-13 11:38:25,663 - open -INFO - Done setup to connect devices
2018-03-13 11:38:25,664 - open -INFO - Connect database
2018-03-13 11:38:25,664 - open -INFO - Connect database success
2018-03-13 11:38:26,102 - run -INFO - Start testcase 1
2018-03-13 11:38:26,122 - run -INFO - End testcase 1
2018-03-13 11:38:26,123 - run -INFO - Start testcase 2
2018-03-13 11:38:26,144 - run -INFO - End testcase 2
2018-03-13 11:38:26,145 - run -INFO - Start testcase 3
2018-03-13 11:38:26,166 - run -INFO - End testcase 3
2018-03-13 11:38:26,166 - run -INFO - Start testcase 4
2018-03-13 11:38:26,324 - run -INFO - End testcase 4
2018-03-13 11:38:26,324 - run -INFO - Start testcase 5
2018-03-13 11:38:26,342 - run -INFO - End testcase 5
2018-03-13 11:38:26,343 - run -INFO - Start testcase 6
2018-03-13 11:38:26,376 - run -INFO - End testcase 6
2018-03-13 11:38:26,376 - run -INFO - Start testcase 7
2018-03-13 11:38:26,418 - run -INFO - End testcase 7
2018-03-13 11:38:26,418 - run -INFO - Start testcase 8
2018-03-13 11:38:26,453 - run -INFO - End testcase 8
2018-03-13 11:38:26,453 - run -INFO - Start testcase 9
2018-03-13 11:38:26,471 - run -INFO - End testcase 9
2018-03-13 11:38:26,471 - run -INFO - Start testcase 10
2018-03-13 11:38:26,491 - run -INFO - End testcase 10
2018-03-13 11:38:26,492 - run -INFO - Start testcase 11
2018-03-13 11:38:26,512 - run -INFO - End testcase 11
2018-03-13 11:38:26,513 - run -INFO - Start testcase 12
2018-03-13 11:38:26,540 - run -INFO - End testcase 12
2018-03-13 11:38:26,542 - run -INFO - Start testcase 13
2018-03-13 11:38:26,575 - run -INFO - End testcase 13
2018-03-13 11:38:26,575 - run -INFO - Start testcase 14
2018-03-13 11:38:26,595 - run -INFO - End testcase 14
2018-03-13 11:38:26,595 - run -INFO - Start testcase 15
2018-03-13 11:38:26,609 - run -INFO - End testcase 15
2018-03-13 11:38:26,610 - run -INFO - Start testcase 16
2018-03-13 11:38:26,625 - run -INFO - End testcase 16
2018-03-13 11:38:26,625 - run -INFO - Start testcase 17
2018-03-13 11:38:26,675 - run -INFO - End testcase 17
2018-03-13 11:38:26,675 - run -INFO - Start testcase 18
2018-03-13 11:38:26,714 - run -INFO - End testcase 18
2018-03-13 11:38:26,715 - run -INFO - Start testcase 19
2018-03-13 11:38:26,729 - run -INFO - End testcase 19
2018-03-13 11:38:26,729 - run -INFO - Start testcase 20
2018-03-13 11:38:26,744 - run -INFO - End testcase 20
2018-03-13 11:38:26,745 - run -INFO - Start testcase 21
2018-03-13 11:38:26,759 - run -INFO - End testcase 21
2018-03-13 11:38:26,760 - run -INFO - Start testcase 22
2018-03-13 11:38:26,775 - run -INFO - End testcase 22
2018-03-13 11:38:26,775 - run -INFO - Start testcase 23
2018-03-13 11:38:26,787 - run -INFO - End testcase 23
2018-03-13 11:38:26,787 - run -INFO - Start testcase 24
2018-03-13 11:38:26,796 - run -INFO - End testcase 24
2018-03-13 11:38:26,797 - run -INFO - Start testcase 25
2018-03-13 11:38:26,811 - run -INFO - End testcase 25
2018-03-13 11:38:26,811 - run -INFO - Start testcase 26
2018-03-13 11:38:26,835 - run -INFO - End testcase 26
2018-03-13 11:38:26,835 - run -INFO - Start testcase 27
2018-03-13 11:38:26,863 - run -INFO - End testcase 27
2018-03-13 11:38:26,863 - run -INFO - Start testcase 28
2018-03-13 11:38:26,876 - run -INFO - End testcase 28
2018-03-13 11:38:26,877 - run -INFO - Start testcase 29
2018-03-13 11:38:26,894 - run -INFO - End testcase 29
2018-03-13 11:38:26,894 - run -INFO - Start testcase 30
2018-03-13 11:38:26,912 - run -INFO - End testcase 30
2018-03-13 11:38:26,913 - run -INFO - Start testcase 31
2018-03-13 11:38:26,930 - run -INFO - End testcase 31
2018-03-13 11:38:26,930 - run -INFO - Start testcase 32
2018-03-13 11:38:26,946 - run -INFO - End testcase 32
2018-03-13 11:38:26,946 - run -INFO - Start testcase 33
2018-03-13 11:38:26,962 - run -INFO - End testcase 33
2018-03-13 11:38:26,962 - run -INFO - Start testcase 34
2018-03-13 11:38:26,991 - run -INFO - End testcase 34
2018-03-13 11:38:26,991 - run -INFO - Start testcase 35
2018-03-13 11:38:27,027 - run -INFO - End testcase 35
2018-03-13 11:38:27,028 - run -INFO - Start testcase 36
2018-03-13 11:38:27,040 - run -INFO - End testcase 36
2018-03-13 11:38:27,041 - run -INFO - Start testcase 37
2018-03-13 11:38:27,055 - run -INFO - End testcase 37
2018-03-13 11:38:27,056 - run -INFO - Start testcase 38
2018-03-13 11:38:27,068 - run -INFO - End testcase 38
2018-03-13 11:38:27,069 - run -INFO - Start testcase 39
2018-03-13 11:38:27,078 - run -INFO - End testcase 39
2018-03-13 11:38:27,079 - run -INFO - Start testcase 40
2018-03-13 11:38:27,091 - run -INFO - End testcase 40
2018-03-13 11:38:27,091 - run -INFO - Start testcase 41
2018-03-13 11:38:27,098 - joinAndInterested -INFO - check demo 1 yêu cầu tham gia va quan tâm
2018-03-13 11:38:27,099 - Logout -INFO - touch menu
2018-03-13 11:38:52,650 - Logout -INFO - touch Dang xuat
2018-03-13 11:38:54,248 - joinAndInterested -INFO - login demo1
2018-03-13 11:38:54,248 - Login -INFO - Start Login
2018-03-13 11:38:54,248 - Login -INFO - Login account
2018-03-13 11:38:54,249 - Login -INFO - click button login email
2018-03-13 11:38:56,316 - Login -INFO - send username
