2018-03-13 11:40:01,182 - open -INFO - Start test at 2018/03/13 11:40:01
2018-03-13 11:40:01,184 - open -INFO - Setup to connect devices
2018-03-13 11:40:32,021 - open -INFO - Done setup to connect devices
2018-03-13 11:40:32,021 - open -INFO - Connect database
2018-03-13 11:40:32,021 - open -INFO - Connect database success
2018-03-13 11:40:32,404 - run -INFO - Start testcase 1
2018-03-13 11:40:32,407 - run -INFO - End testcase 1
2018-03-13 11:40:32,407 - run -INFO - Start testcase 2
2018-03-13 11:40:32,408 - run -INFO - End testcase 2
2018-03-13 11:40:32,409 - run -INFO - Start testcase 3
2018-03-13 11:40:32,410 - run -INFO - End testcase 3
2018-03-13 11:40:32,411 - run -INFO - Start testcase 4
2018-03-13 11:40:32,451 - run -INFO - End testcase 4
2018-03-13 11:40:32,452 - run -INFO - Start testcase 5
2018-03-13 11:40:32,457 - run -INFO - End testcase 5
2018-03-13 11:40:32,459 - run -INFO - Start testcase 6
2018-03-13 11:40:32,468 - run -INFO - End testcase 6
2018-03-13 11:40:32,469 - run -INFO - Start testcase 7
2018-03-13 11:40:32,472 - run -INFO - End testcase 7
2018-03-13 11:40:32,472 - run -INFO - Start testcase 8
2018-03-13 11:40:32,475 - run -INFO - End testcase 8
2018-03-13 11:40:32,476 - run -INFO - Start testcase 9
2018-03-13 11:40:32,479 - run -INFO - End testcase 9
2018-03-13 11:40:32,479 - run -INFO - Start testcase 10
2018-03-13 11:40:32,481 - run -INFO - End testcase 10
2018-03-13 11:40:32,482 - run -INFO - Start testcase 11
2018-03-13 11:40:32,483 - run -INFO - End testcase 11
2018-03-13 11:40:32,484 - run -INFO - Start testcase 12
2018-03-13 11:40:32,491 - run -INFO - End testcase 12
2018-03-13 11:40:32,492 - run -INFO - Start testcase 13
2018-03-13 11:40:32,495 - run -INFO - End testcase 13
2018-03-13 11:40:32,497 - run -INFO - Start testcase 14
2018-03-13 11:40:32,499 - run -INFO - End testcase 14
2018-03-13 11:40:32,499 - run -INFO - Start testcase 15
2018-03-13 11:40:32,501 - run -INFO - End testcase 15
2018-03-13 11:40:32,501 - run -INFO - Start testcase 16
2018-03-13 11:40:32,502 - run -INFO - End testcase 16
2018-03-13 11:40:32,502 - run -INFO - Start testcase 17
2018-03-13 11:40:32,503 - run -INFO - End testcase 17
2018-03-13 11:40:32,503 - run -INFO - Start testcase 18
2018-03-13 11:40:32,505 - run -INFO - End testcase 18
2018-03-13 11:40:32,506 - run -INFO - Start testcase 19
2018-03-13 11:40:32,507 - run -INFO - End testcase 19
2018-03-13 11:40:32,507 - run -INFO - Start testcase 20
2018-03-13 11:40:32,509 - run -INFO - End testcase 20
2018-03-13 11:40:32,509 - run -INFO - Start testcase 21
2018-03-13 11:40:32,510 - run -INFO - End testcase 21
2018-03-13 11:40:32,510 - run -INFO - Start testcase 22
2018-03-13 11:40:32,511 - run -INFO - End testcase 22
2018-03-13 11:40:32,511 - run -INFO - Start testcase 23
2018-03-13 11:40:32,512 - run -INFO - End testcase 23
2018-03-13 11:40:32,513 - run -INFO - Start testcase 24
2018-03-13 11:40:32,514 - run -INFO - End testcase 24
2018-03-13 11:40:32,514 - run -INFO - Start testcase 25
2018-03-13 11:40:32,515 - run -INFO - End testcase 25
2018-03-13 11:40:32,515 - run -INFO - Start testcase 26
2018-03-13 11:40:32,516 - run -INFO - End testcase 26
2018-03-13 11:40:32,517 - run -INFO - Start testcase 27
2018-03-13 11:40:32,517 - run -INFO - End testcase 27
2018-03-13 11:40:32,518 - run -INFO - Start testcase 28
2018-03-13 11:40:32,519 - run -INFO - End testcase 28
2018-03-13 11:40:32,519 - run -INFO - Start testcase 29
2018-03-13 11:40:32,520 - run -INFO - End testcase 29
2018-03-13 11:40:32,520 - run -INFO - Start testcase 30
2018-03-13 11:40:32,521 - run -INFO - End testcase 30
2018-03-13 11:40:32,521 - run -INFO - Start testcase 31
2018-03-13 11:40:32,522 - run -INFO - End testcase 31
2018-03-13 11:40:32,522 - run -INFO - Start testcase 32
2018-03-13 11:40:32,523 - run -INFO - End testcase 32
2018-03-13 11:40:32,523 - run -INFO - Start testcase 33
2018-03-13 11:40:32,524 - run -INFO - End testcase 33
2018-03-13 11:40:32,525 - run -INFO - Start testcase 34
2018-03-13 11:40:32,525 - run -INFO - End testcase 34
2018-03-13 11:40:32,526 - run -INFO - Start testcase 35
2018-03-13 11:40:32,526 - run -INFO - End testcase 35
2018-03-13 11:40:32,527 - run -INFO - Start testcase 36
2018-03-13 11:40:32,528 - run -INFO - End testcase 36
2018-03-13 11:40:32,528 - run -INFO - Start testcase 37
2018-03-13 11:40:32,528 - run -INFO - End testcase 37
2018-03-13 11:40:32,529 - run -INFO - Start testcase 38
2018-03-13 11:40:32,530 - run -INFO - End testcase 38
2018-03-13 11:40:32,530 - run -INFO - Start testcase 39
2018-03-13 11:40:32,531 - run -INFO - End testcase 39
2018-03-13 11:40:32,531 - run -INFO - Start testcase 40
2018-03-13 11:40:32,532 - run -INFO - End testcase 40
2018-03-13 11:40:32,532 - run -INFO - Start testcase 41
2018-03-13 11:40:32,541 - joinAndInterested -INFO - check demo 1 yêu cầu tham gia va quan tâm
2018-03-13 11:40:32,541 - Logout -INFO - touch menu
2018-03-13 11:40:32,647 - joinAndInterested -INFO - Fail: demo 1 gửi yêu cầu tham gia và quan tâm không thành công
2018-03-13 11:40:39,394 - run -INFO - End testcase 41
2018-03-13 11:40:39,395 - run -INFO - Start testcase 42
2018-03-13 11:40:39,396 - joinAndInterested -INFO - check demo 2 yêu cầu tham gia va quan tâm
2018-03-13 11:40:39,396 - Logout -INFO - touch menu
2018-03-13 11:40:39,473 - joinAndInterested -INFO - Fail: demo 2 gửi yêu cầu tham gia và quan tâm không thành công
2018-03-13 11:40:44,058 - run -INFO - End testcase 42
2018-03-13 11:40:44,058 - run -INFO - Start testcase 43
2018-03-13 11:40:44,058 - joinAndInterested -INFO - check demo 3 yêu cầu tham gia va quan tâm
2018-03-13 11:40:44,059 - Logout -INFO - touch menu
2018-03-13 11:40:44,135 - joinAndInterested -INFO - Fail: demo 3 gửi yêu cầu tham gia và quan tâm không thành công
2018-03-13 11:40:48,727 - run -INFO - End testcase 43
2018-03-13 11:40:48,727 - run -INFO - Start testcase 44
2018-03-13 11:40:48,728 - joinAndInterested -INFO - demo 3 hủy yêu cầu tham gia va quan tâm
2018-03-13 11:40:48,728 - joinAndInterested -INFO - touch Hủy yêu cầu
2018-03-13 11:40:48,778 - joinAndInterested -INFO - Fail: demo 3 hủy yêu cầu tham gia va quan tâm không thành công
2018-03-13 11:40:53,366 - joinAndInterested -INFO - touch button quay lại màn hình tab Công khai
2018-03-13 11:40:53,406 - run -ERROR - An element could not be located on the page using the given search parameters. (WARNING: The server did not provide any stacktrace information)
Command duration or timeout: 38 milliseconds
For documentation on this error, please visit: http://seleniumhq.org/exceptions/no_such_element.html
Build info: version: 'unknown', revision: 'unknown', time: 'unknown'
System info: host: 'TRANGTHU292', ip: '192.168.1.4', os.name: 'Windows 10', os.arch: 'amd64', os.version: '10.0', java.version: '1.8.0_131'
Driver info: io.appium.java_client.android.AndroidDriver
Capabilities [{appPackage=studio.crazybt.adventure, deviceScreenSize=720x1280, networkConnectionEnabled=true, noReset=true, warnings={}, databaseEnabled=false, version=, deviceName=4653bc57, fullReset=false, platform=ANDROID, deviceUDID=4653bc57, appActivity=studio.crazybt.adventure.activities.SplashActivity, desired={appPackage=studio.crazybt.adventure, appActivity=studio.crazybt.adventure.activities.SplashActivity, noReset=true, platformVersion=4.4.2, browserName=android, unicodeKeyboard=true, platformName=Android, version=, deviceName=4653bc57, fullReset=false, platform=ANDROID}, platformVersion=4.4.2, webStorageEnabled=false, locationContextEnabled=false, takesScreenshot=true, browserName=android, javascriptEnabled=true, deviceModel=SM-G7102, unicodeKeyboard=true, platformName=Android, deviceManufacturer=samsung}]
Session ID: 7800ed41-22a9-4d27-9aef-1aac394fd8af
*** Element info: {Using=id, value=studio.crazybt.adventure:id/tbTrip}
2018-03-13 11:40:53,406 - run -INFO - End testcase 44
2018-03-13 11:40:53,407 - run -INFO - Start testcase 45
2018-03-13 11:40:53,407 - joinAndInterested -INFO - demo 3 hủy yêu cầu tham gia va quan tâm
2018-03-13 11:40:53,407 - joinAndInterested -INFO - touch Hủy yêu cầu
2018-03-13 11:40:53,504 - joinAndInterested -INFO - Fail: demo 3 hủy yêu cầu tham gia va quan tâm không thành công
2018-03-13 11:40:57,996 - joinAndInterested -INFO - touch button quay lại màn hình tab Công khai
2018-03-13 11:40:58,250 - run -ERROR - An element could not be located on the page using the given search parameters. (WARNING: The server did not provide any stacktrace information)
Command duration or timeout: 253 milliseconds
For documentation on this error, please visit: http://seleniumhq.org/exceptions/no_such_element.html
Build info: version: 'unknown', revision: 'unknown', time: 'unknown'
System info: host: 'TRANGTHU292', ip: '192.168.1.4', os.name: 'Windows 10', os.arch: 'amd64', os.version: '10.0', java.version: '1.8.0_131'
Driver info: io.appium.java_client.android.AndroidDriver
Capabilities [{appPackage=studio.crazybt.adventure, deviceScreenSize=720x1280, networkConnectionEnabled=true, noReset=true, warnings={}, databaseEnabled=false, version=, deviceName=4653bc57, fullReset=false, platform=ANDROID, deviceUDID=4653bc57, appActivity=studio.crazybt.adventure.activities.SplashActivity, desired={appPackage=studio.crazybt.adventure, appActivity=studio.crazybt.adventure.activities.SplashActivity, noReset=true, platformVersion=4.4.2, browserName=android, unicodeKeyboard=true, platformName=Android, version=, deviceName=4653bc57, fullReset=false, platform=ANDROID}, platformVersion=4.4.2, webStorageEnabled=false, locationContextEnabled=false, takesScreenshot=true, browserName=android, javascriptEnabled=true, deviceModel=SM-G7102, unicodeKeyboard=true, platformName=Android, deviceManufacturer=samsung}]
Session ID: 7800ed41-22a9-4d27-9aef-1aac394fd8af
*** Element info: {Using=id, value=studio.crazybt.adventure:id/tbTrip}
2018-03-13 11:40:58,250 - run -INFO - End testcase 45
2018-03-13 11:40:58,250 - run -INFO - Start testcase 46
2018-03-13 11:40:58,251 - joinAndInterested -INFO - demo 3 hủy yêu cầu tham gia va quan tâm
2018-03-13 11:40:58,251 - joinAndInterested -INFO - touch Hủy yêu cầu
2018-03-13 11:40:58,357 - joinAndInterested -INFO - Fail: demo 3 hủy yêu cầu tham gia va quan tâm không thành công
2018-03-13 11:41:02,839 - joinAndInterested -INFO - touch button quay lại màn hình tab Công khai
2018-03-13 11:41:02,917 - run -ERROR - An element could not be located on the page using the given search parameters. (WARNING: The server did not provide any stacktrace information)
Command duration or timeout: 76 milliseconds
For documentation on this error, please visit: http://seleniumhq.org/exceptions/no_such_element.html
Build info: version: 'unknown', revision: 'unknown', time: 'unknown'
System info: host: 'TRANGTHU292', ip: '192.168.1.4', os.name: 'Windows 10', os.arch: 'amd64', os.version: '10.0', java.version: '1.8.0_131'
Driver info: io.appium.java_client.android.AndroidDriver
Capabilities [{appPackage=studio.crazybt.adventure, deviceScreenSize=720x1280, networkConnectionEnabled=true, noReset=true, warnings={}, databaseEnabled=false, version=, deviceName=4653bc57, fullReset=false, platform=ANDROID, deviceUDID=4653bc57, appActivity=studio.crazybt.adventure.activities.SplashActivity, desired={appPackage=studio.crazybt.adventure, appActivity=studio.crazybt.adventure.activities.SplashActivity, noReset=true, platformVersion=4.4.2, browserName=android, unicodeKeyboard=true, platformName=Android, version=, deviceName=4653bc57, fullReset=false, platform=ANDROID}, platformVersion=4.4.2, webStorageEnabled=false, locationContextEnabled=false, takesScreenshot=true, browserName=android, javascriptEnabled=true, deviceModel=SM-G7102, unicodeKeyboard=true, platformName=Android, deviceManufacturer=samsung}]
Session ID: 7800ed41-22a9-4d27-9aef-1aac394fd8af
*** Element info: {Using=id, value=studio.crazybt.adventure:id/tbTrip}
2018-03-13 11:41:02,917 - run -INFO - End testcase 46
2018-03-13 11:41:02,918 - run -INFO - Start testcase 47
2018-03-13 11:41:02,919 - joinAndInterested -INFO - demo 3 hủy yêu cầu tham gia va quan tâm
2018-03-13 11:41:02,919 - joinAndInterested -INFO - touch Hủy yêu cầu
2018-03-13 11:41:02,984 - joinAndInterested -INFO - Fail: demo 3 hủy yêu cầu tham gia va quan tâm không thành công
2018-03-13 11:41:07,117 - joinAndInterested -INFO - touch button quay lại màn hình tab Công khai
2018-03-13 11:41:07,222 - run -ERROR - An element could not be located on the page using the given search parameters. (WARNING: The server did not provide any stacktrace information)
Command duration or timeout: 103 milliseconds
For documentation on this error, please visit: http://seleniumhq.org/exceptions/no_such_element.html
Build info: version: 'unknown', revision: 'unknown', time: 'unknown'
System info: host: 'TRANGTHU292', ip: '192.168.1.4', os.name: 'Windows 10', os.arch: 'amd64', os.version: '10.0', java.version: '1.8.0_131'
Driver info: io.appium.java_client.android.AndroidDriver
Capabilities [{appPackage=studio.crazybt.adventure, deviceScreenSize=720x1280, networkConnectionEnabled=true, noReset=true, warnings={}, databaseEnabled=false, version=, deviceName=4653bc57, fullReset=false, platform=ANDROID, deviceUDID=4653bc57, appActivity=studio.crazybt.adventure.activities.SplashActivity, desired={appPackage=studio.crazybt.adventure, appActivity=studio.crazybt.adventure.activities.SplashActivity, noReset=true, platformVersion=4.4.2, browserName=android, unicodeKeyboard=true, platformName=Android, version=, deviceName=4653bc57, fullReset=false, platform=ANDROID}, platformVersion=4.4.2, webStorageEnabled=false, locationContextEnabled=false, takesScreenshot=true, browserName=android, javascriptEnabled=true, deviceModel=SM-G7102, unicodeKeyboard=true, platformName=Android, deviceManufacturer=samsung}]
Session ID: 7800ed41-22a9-4d27-9aef-1aac394fd8af
*** Element info: {Using=id, value=studio.crazybt.adventure:id/tbTrip}
2018-03-13 11:41:07,223 - run -INFO - End testcase 47
2018-03-13 11:41:07,224 - run -INFO - Start testcase 48
2018-03-13 11:41:07,668 - run -INFO - End testcase 48
2018-03-13 11:41:07,668 - run -INFO - Start testcase 49
2018-03-13 11:41:07,671 - run -INFO - End testcase 49
2018-03-13 11:41:07,672 - run -INFO - Start testcase 50
2018-03-13 11:41:07,676 - run -INFO - End testcase 50
2018-03-13 11:41:07,676 - run -INFO - Start testcase 51
2018-03-13 11:41:07,680 - run -INFO - End testcase 51
2018-03-13 11:41:07,680 - run -INFO - Start testcase 52
2018-03-13 11:41:07,684 - checkDiscussion -INFO - Check tạo bài thảo luận thành công
2018-03-13 11:41:07,684 - Logout -INFO - touch menu
2018-03-13 11:41:07,744 - run -ERROR - An element could not be located on the page using the given search parameters. (WARNING: The server did not provide any stacktrace information)
Command duration or timeout: 60 milliseconds
For documentation on this error, please visit: http://seleniumhq.org/exceptions/no_such_element.html
Build info: version: 'unknown', revision: 'unknown', time: 'unknown'
System info: host: 'TRANGTHU292', ip: '192.168.1.4', os.name: 'Windows 10', os.arch: 'amd64', os.version: '10.0', java.version: '1.8.0_131'
Driver info: io.appium.java_client.android.AndroidDriver
Capabilities [{appPackage=studio.crazybt.adventure, deviceScreenSize=720x1280, networkConnectionEnabled=true, noReset=true, warnings={}, databaseEnabled=false, version=, deviceName=4653bc57, fullReset=false, platform=ANDROID, deviceUDID=4653bc57, appActivity=studio.crazybt.adventure.activities.SplashActivity, desired={appPackage=studio.crazybt.adventure, appActivity=studio.crazybt.adventure.activities.SplashActivity, noReset=true, platformVersion=4.4.2, browserName=android, unicodeKeyboard=true, platformName=Android, version=, deviceName=4653bc57, fullReset=false, platform=ANDROID}, platformVersion=4.4.2, webStorageEnabled=false, locationContextEnabled=false, takesScreenshot=true, browserName=android, javascriptEnabled=true, deviceModel=SM-G7102, unicodeKeyboard=true, platformName=Android, deviceManufacturer=samsung}]
Session ID: 7800ed41-22a9-4d27-9aef-1aac394fd8af
*** Element info: {Using=id, value=studio.crazybt.adventure:id/tbHomePage}
2018-03-13 11:41:07,745 - run -INFO - End testcase 52
2018-03-13 11:41:07,745 - run -INFO - Start testcase 53
2018-03-13 11:41:07,748 - checkDiscussion -INFO - Check tạo bài thảo luận thành công
2018-03-13 11:41:07,748 - Logout -INFO - touch menu
2018-03-13 11:41:07,941 - run -ERROR - An element could not be located on the page using the given search parameters. (WARNING: The server did not provide any stacktrace information)
Command duration or timeout: 192 milliseconds
For documentation on this error, please visit: http://seleniumhq.org/exceptions/no_such_element.html
Build info: version: 'unknown', revision: 'unknown', time: 'unknown'
System info: host: 'TRANGTHU292', ip: '192.168.1.4', os.name: 'Windows 10', os.arch: 'amd64', os.version: '10.0', java.version: '1.8.0_131'
Driver info: io.appium.java_client.android.AndroidDriver
Capabilities [{appPackage=studio.crazybt.adventure, deviceScreenSize=720x1280, networkConnectionEnabled=true, noReset=true, warnings={}, databaseEnabled=false, version=, deviceName=4653bc57, fullReset=false, platform=ANDROID, deviceUDID=4653bc57, appActivity=studio.crazybt.adventure.activities.SplashActivity, desired={appPackage=studio.crazybt.adventure, appActivity=studio.crazybt.adventure.activities.SplashActivity, noReset=true, platformVersion=4.4.2, browserName=android, unicodeKeyboard=true, platformName=Android, version=, deviceName=4653bc57, fullReset=false, platform=ANDROID}, platformVersion=4.4.2, webStorageEnabled=false, locationContextEnabled=false, takesScreenshot=true, browserName=android, javascriptEnabled=true, deviceModel=SM-G7102, unicodeKeyboard=true, platformName=Android, deviceManufacturer=samsung}]
Session ID: 7800ed41-22a9-4d27-9aef-1aac394fd8af
*** Element info: {Using=id, value=studio.crazybt.adventure:id/tbHomePage}
2018-03-13 11:41:07,941 - run -INFO - End testcase 53
2018-03-13 11:41:07,942 - run -INFO - Start testcase 54
2018-03-13 11:41:07,948 - checkDiscussion -INFO - Check tạo bài thảo luận thành công
2018-03-13 11:41:07,949 - Logout -INFO - touch menu
2018-03-13 11:41:08,049 - run -ERROR - An element could not be located on the page using the given search parameters. (WARNING: The server did not provide any stacktrace information)
Command duration or timeout: 99 milliseconds
For documentation on this error, please visit: http://seleniumhq.org/exceptions/no_such_element.html
Build info: version: 'unknown', revision: 'unknown', time: 'unknown'
System info: host: 'TRANGTHU292', ip: '192.168.1.4', os.name: 'Windows 10', os.arch: 'amd64', os.version: '10.0', java.version: '1.8.0_131'
Driver info: io.appium.java_client.android.AndroidDriver
Capabilities [{appPackage=studio.crazybt.adventure, deviceScreenSize=720x1280, networkConnectionEnabled=true, noReset=true, warnings={}, databaseEnabled=false, version=, deviceName=4653bc57, fullReset=false, platform=ANDROID, deviceUDID=4653bc57, appActivity=studio.crazybt.adventure.activities.SplashActivity, desired={appPackage=studio.crazybt.adventure, appActivity=studio.crazybt.adventure.activities.SplashActivity, noReset=true, platformVersion=4.4.2, browserName=android, unicodeKeyboard=true, platformName=Android, version=, deviceName=4653bc57, fullReset=false, platform=ANDROID}, platformVersion=4.4.2, webStorageEnabled=false, locationContextEnabled=false, takesScreenshot=true, browserName=android, javascriptEnabled=true, deviceModel=SM-G7102, unicodeKeyboard=true, platformName=Android, deviceManufacturer=samsung}]
Session ID: 7800ed41-22a9-4d27-9aef-1aac394fd8af
*** Element info: {Using=id, value=studio.crazybt.adventure:id/tbHomePage}
2018-03-13 11:41:08,050 - run -INFO - End testcase 54
2018-03-13 11:41:08,050 - run -INFO - Start testcase 55
2018-03-13 11:41:08,051 - run -INFO - End testcase 55
2018-03-13 11:41:08,052 - run -INFO - Start testcase 56
2018-03-13 11:41:08,053 - run -INFO - End testcase 56
2018-03-13 11:41:08,054 - run -INFO - Start testcase 57
2018-03-13 11:41:08,055 - run -INFO - End testcase 57
2018-03-13 11:41:08,056 - run -INFO - Start testcase 58
2018-03-13 11:41:08,058 - run -INFO - End testcase 58
2018-03-13 11:41:08,058 - run -INFO - Start testcase 59
2018-03-13 11:41:08,060 - run -INFO - End testcase 59
2018-03-13 11:41:08,060 - run -INFO - Start testcase 60
2018-03-13 11:41:08,062 - run -INFO - End testcase 60
2018-03-13 11:41:08,062 - run -INFO - Start testcase 61
2018-03-13 11:41:08,064 - run -INFO - End testcase 61
2018-03-13 11:41:08,064 - run -INFO - Start testcase 62
2018-03-13 11:41:08,065 - run -INFO - End testcase 62
2018-03-13 11:41:08,066 - run -INFO - Start testcase 63
2018-03-13 11:41:08,067 - run -INFO - End testcase 63
2018-03-13 11:41:08,068 - run -INFO - Start testcase 64
2018-03-13 11:41:08,070 - run -INFO - End testcase 64
2018-03-13 11:41:08,071 - run -INFO - Start testcase 65
2018-03-13 11:41:08,072 - run -INFO - End testcase 65
2018-03-13 11:41:08,073 - run -INFO - Start testcase 66
2018-03-13 11:41:08,075 - run -INFO - End testcase 66
2018-03-13 11:41:08,075 - run -INFO - Start testcase 67
2018-03-13 11:41:08,077 - run -INFO - End testcase 67
2018-03-13 11:41:08,078 - run -INFO - Start testcase 68
2018-03-13 11:41:08,079 - run -INFO - End testcase 68
2018-03-13 11:41:08,079 - run -INFO - Start testcase 69
2018-03-13 11:41:08,081 - run -INFO - End testcase 69
2018-03-13 11:41:08,114 - end -INFO - Tong thoi gian chay: 66s ~ 1p6s
2018-03-13 11:41:08,115 - end -INFO - Tong time nghi: 0s ~ 0p0s
