2018-03-13 23:17:04,511 - open -INFO - Start test at 2018/03/13 23:17:04
2018-03-13 23:17:04,514 - open -INFO - Setup to connect devices
2018-03-13 23:17:41,492 - open -INFO - Done setup to connect devices
2018-03-13 23:17:41,492 - open -INFO - Connect database
2018-03-13 23:17:41,493 - open -INFO - Connect database success
2018-03-13 23:17:42,372 - run -INFO - End testcase 1
2018-03-13 23:17:42,373 - run -INFO - End testcase 2
2018-03-13 23:17:42,374 - run -INFO - End testcase 3
2018-03-13 23:17:42,374 - run -INFO - End testcase 4
2018-03-13 23:17:42,375 - run -INFO - End testcase 5
2018-03-13 23:17:42,375 - run -INFO - End testcase 6
2018-03-13 23:17:42,376 - run -INFO - End testcase 7
2018-03-13 23:17:42,377 - run -INFO - End testcase 8
2018-03-13 23:17:42,377 - run -INFO - End testcase 9
2018-03-13 23:17:42,378 - run -INFO - End testcase 10
2018-03-13 23:17:42,378 - run -INFO - End testcase 11
2018-03-13 23:17:42,380 - run -INFO - End testcase 12
2018-03-13 23:17:42,380 - run -INFO - End testcase 13
2018-03-13 23:17:42,381 - run -INFO - End testcase 14
2018-03-13 23:17:42,381 - run -INFO - End testcase 15
2018-03-13 23:17:42,382 - run -INFO - End testcase 16
2018-03-13 23:17:42,382 - run -INFO - End testcase 17
2018-03-13 23:17:42,383 - run -INFO - End testcase 18
2018-03-13 23:17:42,383 - run -INFO - End testcase 19
2018-03-13 23:17:42,384 - run -INFO - End testcase 20
2018-03-13 23:17:42,384 - run -INFO - End testcase 21
2018-03-13 23:17:42,385 - run -INFO - End testcase 22
2018-03-13 23:17:42,388 - run -INFO - End testcase 23
2018-03-13 23:17:42,393 - run -INFO - End testcase 24
2018-03-13 23:17:42,394 - run -INFO - End testcase 25
2018-03-13 23:17:42,396 - run -INFO - End testcase 26
2018-03-13 23:17:42,396 - run -INFO - End testcase 27
2018-03-13 23:17:42,397 - run -INFO - End testcase 28
2018-03-13 23:17:42,397 - run -INFO - End testcase 29
2018-03-13 23:17:42,398 - run -INFO - End testcase 30
2018-03-13 23:17:42,398 - run -INFO - End testcase 31
2018-03-13 23:17:42,405 - run -INFO - End testcase 32
2018-03-13 23:17:42,406 - run -INFO - End testcase 33
2018-03-13 23:17:42,407 - run -INFO - End testcase 34
2018-03-13 23:17:42,407 - run -INFO - End testcase 35
2018-03-13 23:17:42,408 - run -INFO - End testcase 36
2018-03-13 23:17:42,408 - run -INFO - End testcase 37
2018-03-13 23:17:42,411 - run -INFO - End testcase 38
2018-03-13 23:17:42,412 - run -INFO - End testcase 39
2018-03-13 23:17:42,413 - run -INFO - End testcase 40
2018-03-13 23:17:42,414 - run -INFO - Start testcase 41
2018-03-13 23:17:42,452 - run -INFO - End testcase 41
2018-03-13 23:17:42,452 - run -INFO - End testcase 42
2018-03-13 23:17:42,453 - run -INFO - End testcase 43
2018-03-13 23:17:42,453 - run -INFO - End testcase 44
2018-03-13 23:17:42,454 - run -INFO - End testcase 45
2018-03-13 23:17:42,454 - run -INFO - End testcase 46
2018-03-13 23:17:42,454 - run -INFO - End testcase 47
2018-03-13 23:17:42,455 - run -INFO - End testcase 48
2018-03-13 23:17:42,456 - run -INFO - End testcase 49
2018-03-13 23:17:42,457 - run -INFO - End testcase 50
2018-03-13 23:17:42,458 - run -INFO - End testcase 51
2018-03-13 23:17:42,459 - run -INFO - End testcase 52
2018-03-13 23:17:42,459 - run -INFO - End testcase 53
2018-03-13 23:17:42,460 - run -INFO - End testcase 54
2018-03-13 23:17:42,460 - run -INFO - End testcase 55
2018-03-13 23:17:42,462 - run -INFO - End testcase 56
2018-03-13 23:17:42,465 - run -INFO - End testcase 57
2018-03-13 23:17:42,466 - run -INFO - End testcase 58
2018-03-13 23:17:42,467 - run -INFO - End testcase 59
2018-03-13 23:17:42,467 - run -INFO - End testcase 60
2018-03-13 23:17:42,467 - run -INFO - End testcase 61
2018-03-13 23:17:42,468 - run -INFO - End testcase 62
2018-03-13 23:17:42,468 - run -INFO - End testcase 63
2018-03-13 23:17:42,468 - run -INFO - End testcase 64
2018-03-13 23:17:42,469 - run -INFO - End testcase 65
2018-03-13 23:17:42,469 - run -INFO - End testcase 66
2018-03-13 23:17:42,470 - run -INFO - End testcase 67
2018-03-13 23:17:42,472 - run -INFO - End testcase 68
2018-03-13 23:17:42,473 - run -INFO - End testcase 69
2018-03-13 23:17:42,541 - end -INFO - Tong thoi gian chay: 38s ~ 0p38s
2018-03-13 23:17:42,542 - end -INFO - Tong time nghi: 0s ~ 0p0s
