2018-03-12 22:40:16,010 - open -INFO - Start test at 2018/03/12 22:40:16
2018-03-12 22:40:16,013 - open -INFO - Setup to connect devices
2018-03-12 22:40:46,901 - open -INFO - Done setup to connect devices
2018-03-12 22:40:46,902 - open -INFO - Connect database
2018-03-12 22:40:46,902 - open -INFO - Connect database success
2018-03-12 22:40:47,496 - run -INFO - Start testcase 1
2018-03-12 22:40:47,501 - run -INFO - End testcase 1
2018-03-12 22:40:47,502 - run -INFO - Start testcase 2
2018-03-12 22:40:47,505 - run -INFO - End testcase 2
2018-03-12 22:40:47,505 - run -INFO - Start testcase 3
2018-03-12 22:40:47,507 - run -INFO - End testcase 3
2018-03-12 22:40:47,508 - run -INFO - Start testcase 4
2018-03-12 22:40:47,512 - run -INFO - End testcase 4
2018-03-12 22:40:47,513 - run -INFO - Start testcase 5
2018-03-12 22:40:47,514 - run -INFO - End testcase 5
2018-03-12 22:40:47,515 - run -INFO - Start testcase 6
2018-03-12 22:40:47,519 - run -INFO - End testcase 6
2018-03-12 22:40:47,519 - run -INFO - Start testcase 7
2018-03-12 22:40:47,521 - run -INFO - End testcase 7
2018-03-12 22:40:47,522 - run -INFO - Start testcase 8
2018-03-12 22:40:47,523 - run -INFO - End testcase 8
2018-03-12 22:40:47,524 - run -INFO - Start testcase 9
2018-03-12 22:40:47,526 - run -INFO - End testcase 9
2018-03-12 22:40:47,526 - run -INFO - Start testcase 10
2018-03-12 22:40:47,527 - run -INFO - End testcase 10
2018-03-12 22:40:47,527 - run -INFO - Start testcase 11
2018-03-12 22:40:47,529 - run -INFO - End testcase 11
2018-03-12 22:40:47,529 - run -INFO - Start testcase 12
2018-03-12 22:40:47,532 - run -INFO - End testcase 12
2018-03-12 22:40:47,532 - run -INFO - Start testcase 13
2018-03-12 22:40:47,533 - run -INFO - End testcase 13
2018-03-12 22:40:47,534 - run -INFO - Start testcase 14
2018-03-12 22:40:47,535 - run -INFO - End testcase 14
2018-03-12 22:40:47,536 - run -INFO - Start testcase 15
2018-03-12 22:40:47,537 - run -INFO - End testcase 15
2018-03-12 22:40:47,538 - run -INFO - Start testcase 16
2018-03-12 22:40:47,539 - run -INFO - End testcase 16
2018-03-12 22:40:47,539 - run -INFO - Start testcase 17
2018-03-12 22:40:47,543 - run -INFO - End testcase 17
2018-03-12 22:40:47,543 - run -INFO - Start testcase 18
2018-03-12 22:40:47,544 - run -INFO - End testcase 18
2018-03-12 22:40:47,545 - run -INFO - Start testcase 19
2018-03-12 22:40:47,546 - run -INFO - End testcase 19
2018-03-12 22:40:47,546 - run -INFO - Start testcase 20
2018-03-12 22:40:47,547 - run -INFO - End testcase 20
2018-03-12 22:40:47,548 - run -INFO - Start testcase 21
2018-03-12 22:40:47,549 - run -INFO - End testcase 21
2018-03-12 22:40:47,549 - run -INFO - Start testcase 22
2018-03-12 22:40:47,552 - run -INFO - End testcase 22
2018-03-12 22:40:47,552 - run -INFO - Start testcase 23
2018-03-12 22:40:47,554 - run -INFO - End testcase 23
2018-03-12 22:40:47,554 - run -INFO - Start testcase 24
2018-03-12 22:40:47,555 - run -INFO - End testcase 24
2018-03-12 22:40:47,555 - run -INFO - Start testcase 25
2018-03-12 22:40:47,557 - run -INFO - End testcase 25
2018-03-12 22:40:47,557 - run -INFO - Start testcase 26
2018-03-12 22:40:47,558 - run -INFO - End testcase 26
2018-03-12 22:40:47,559 - run -INFO - Start testcase 27
2018-03-12 22:40:47,559 - run -INFO - End testcase 27
2018-03-12 22:40:47,560 - run -INFO - Start testcase 28
2018-03-12 22:40:47,560 - run -INFO - End testcase 28
2018-03-12 22:40:47,561 - run -INFO - Start testcase 29
2018-03-12 22:40:47,562 - run -INFO - End testcase 29
2018-03-12 22:40:47,562 - run -INFO - Start testcase 30
2018-03-12 22:40:47,568 - run -INFO - End testcase 30
2018-03-12 22:40:47,570 - run -INFO - Start testcase 31
2018-03-12 22:40:47,571 - run -INFO - End testcase 31
2018-03-12 22:40:47,572 - run -INFO - Start testcase 32
2018-03-12 22:40:47,572 - run -INFO - End testcase 32
2018-03-12 22:40:47,573 - run -INFO - Start testcase 33
2018-03-12 22:40:47,576 - run -INFO - End testcase 33
2018-03-12 22:40:47,577 - run -INFO - Start testcase 34
2018-03-12 22:40:47,577 - run -INFO - End testcase 34
2018-03-12 22:40:47,578 - run -INFO - Start testcase 35
2018-03-12 22:40:47,579 - run -INFO - End testcase 35
2018-03-12 22:40:47,580 - run -INFO - Start testcase 36
2018-03-12 22:40:47,581 - run -INFO - End testcase 36
2018-03-12 22:40:47,582 - run -INFO - Start testcase 37
2018-03-12 22:40:47,583 - run -INFO - End testcase 37
2018-03-12 22:40:47,583 - run -INFO - Start testcase 38
2018-03-12 22:40:47,584 - run -INFO - End testcase 38
2018-03-12 22:40:47,584 - run -INFO - Start testcase 39
2018-03-12 22:40:47,585 - run -INFO - End testcase 39
2018-03-12 22:40:47,586 - run -INFO - Start testcase 40
2018-03-12 22:40:47,587 - run -INFO - End testcase 40
2018-03-12 22:40:47,587 - run -INFO - Start testcase 41
2018-03-12 22:40:47,601 - joinAndInterested -INFO - check demo 1 yêu cầu tham gia va quan tâm
2018-03-12 22:40:47,601 - Logout -INFO - touch menu
2018-03-12 22:40:52,151 - Logout -INFO - touch Dang xuat
2018-03-12 22:40:53,872 - joinAndInterested -INFO - login demo1
2018-03-12 22:40:53,872 - Login -INFO - Start Login
2018-03-12 22:40:53,873 - Login -INFO - Login account
2018-03-12 22:40:53,873 - Login -INFO - click button login email
2018-03-12 22:40:54,668 - Login -INFO - send username
2018-03-12 22:41:07,564 - Login -INFO - send pass 
2018-03-12 22:41:22,010 - Login -INFO - click button login
2018-03-12 22:41:22,694 - joinAndInterested -INFO - touch chuyen di
2018-03-12 22:41:28,744 - joinAndInterested -INFO - touch Tham gia
2018-03-12 22:41:29,102 - joinAndInterested -INFO - gioi thieu ban than
