2018-03-12 22:30:13,621 - open -INFO - Start test at 2018/03/12 22:30:13
2018-03-12 22:30:13,625 - open -INFO - Setup to connect devices
2018-03-12 22:30:43,537 - open -INFO - Done setup to connect devices
2018-03-12 22:30:43,538 - open -INFO - Connect database
2018-03-12 22:30:43,538 - open -INFO - Connect database success
2018-03-12 22:30:44,036 - run -INFO - Start testcase 41
2018-03-12 22:30:44,044 - run -INFO - End testcase 41
2018-03-12 22:30:44,045 - run -INFO - Start testcase 42
2018-03-12 22:30:44,046 - run -INFO - End testcase 42
2018-03-12 22:30:44,046 - run -INFO - Start testcase 43
2018-03-12 22:30:44,047 - run -INFO - End testcase 43
2018-03-12 22:30:44,047 - run -INFO - Start testcase 44
2018-03-12 22:30:44,053 - run -INFO - End testcase 44
2018-03-12 22:30:44,053 - run -INFO - Start testcase 45
2018-03-12 22:30:44,054 - run -INFO - End testcase 45
2018-03-12 22:30:44,054 - run -INFO - Start testcase 46
2018-03-12 22:30:44,056 - run -INFO - End testcase 46
2018-03-12 22:30:44,056 - run -INFO - Start testcase 47
2018-03-12 22:30:44,057 - run -INFO - End testcase 47
2018-03-12 22:30:44,058 - run -INFO - Start testcase 48
2018-03-12 22:30:44,565 - run -INFO - End testcase 48
2018-03-12 22:30:44,565 - run -INFO - Start testcase 49
2018-03-12 22:30:44,572 - run -INFO - End testcase 49
2018-03-12 22:30:44,573 - run -INFO - Start testcase 50
2018-03-12 22:30:44,579 - run -INFO - End testcase 50
2018-03-12 22:30:44,580 - run -INFO - Start testcase 51
2018-03-12 22:30:44,592 - run -INFO - End testcase 51
2018-03-12 22:30:44,593 - run -INFO - Start testcase 52
2018-03-12 22:30:44,608 - run -INFO - End testcase 52
2018-03-12 22:30:44,609 - run -INFO - Start testcase 53
2018-03-12 22:30:44,618 - run -INFO - End testcase 53
2018-03-12 22:30:44,619 - run -INFO - Start testcase 54
2018-03-12 22:30:45,015 - run -INFO - End testcase 54
2018-03-12 22:30:45,056 - end -INFO - Tong thoi gian chay: 31s ~ 0p31s
2018-03-12 22:30:45,057 - end -INFO - Tong time nghi: 0s ~ 0p0s
