2018-03-13 11:54:25,309 - open -INFO - Start test at 2018/03/13 11:54:25
2018-03-13 11:54:25,311 - open -INFO - Setup to connect devices
2018-03-13 11:54:56,131 - open -INFO - Done setup to connect devices
2018-03-13 11:54:56,131 - open -INFO - Connect database
2018-03-13 11:54:56,132 - open -INFO - Connect database success
2018-03-13 11:54:56,577 - run -INFO - Start testcase 1
2018-03-13 11:54:56,581 - run -INFO - End testcase 1
2018-03-13 11:54:56,582 - run -INFO - Start testcase 2
2018-03-13 11:54:56,584 - run -INFO - End testcase 2
2018-03-13 11:54:56,585 - run -INFO - Start testcase 3
2018-03-13 11:54:56,586 - run -INFO - End testcase 3
2018-03-13 11:54:56,587 - run -INFO - Start testcase 4
2018-03-13 11:54:56,589 - run -INFO - End testcase 4
2018-03-13 11:54:56,590 - run -INFO - Start testcase 5
2018-03-13 11:54:56,592 - run -INFO - End testcase 5
2018-03-13 11:54:56,592 - run -INFO - Start testcase 6
2018-03-13 11:54:56,595 - run -INFO - End testcase 6
2018-03-13 11:54:56,596 - run -INFO - Start testcase 7
2018-03-13 11:54:56,598 - run -INFO - End testcase 7
2018-03-13 11:54:56,599 - run -INFO - Start testcase 8
2018-03-13 11:54:56,600 - run -INFO - End testcase 8
2018-03-13 11:54:56,600 - run -INFO - Start testcase 9
2018-03-13 11:54:56,601 - run -INFO - End testcase 9
2018-03-13 11:54:56,602 - run -INFO - Start testcase 10
2018-03-13 11:54:56,604 - run -INFO - End testcase 10
2018-03-13 11:54:56,604 - run -INFO - Start testcase 11
2018-03-13 11:54:56,605 - run -INFO - End testcase 11
2018-03-13 11:54:56,606 - run -INFO - Start testcase 12
2018-03-13 11:54:56,606 - run -INFO - End testcase 12
2018-03-13 11:54:56,607 - run -INFO - Start testcase 13
2018-03-13 11:54:56,608 - run -INFO - End testcase 13
2018-03-13 11:54:56,608 - run -INFO - Start testcase 14
2018-03-13 11:54:56,612 - run -INFO - End testcase 14
2018-03-13 11:54:56,613 - run -INFO - Start testcase 15
2018-03-13 11:54:56,614 - run -INFO - End testcase 15
2018-03-13 11:54:56,615 - run -INFO - Start testcase 16
2018-03-13 11:54:56,616 - run -INFO - End testcase 16
2018-03-13 11:54:56,616 - run -INFO - Start testcase 17
2018-03-13 11:54:56,617 - run -INFO - End testcase 17
2018-03-13 11:54:56,618 - run -INFO - Start testcase 18
2018-03-13 11:54:56,619 - run -INFO - End testcase 18
2018-03-13 11:54:56,620 - run -INFO - Start testcase 19
2018-03-13 11:54:56,621 - run -INFO - End testcase 19
2018-03-13 11:54:56,621 - run -INFO - Start testcase 20
2018-03-13 11:54:56,622 - run -INFO - End testcase 20
2018-03-13 11:54:56,622 - run -INFO - Start testcase 21
2018-03-13 11:54:56,623 - run -INFO - End testcase 21
2018-03-13 11:54:56,624 - run -INFO - Start testcase 22
2018-03-13 11:54:56,625 - run -INFO - End testcase 22
2018-03-13 11:54:56,625 - run -INFO - Start testcase 23
2018-03-13 11:54:56,626 - run -INFO - End testcase 23
2018-03-13 11:54:56,626 - run -INFO - Start testcase 24
2018-03-13 11:54:56,627 - run -INFO - End testcase 24
2018-03-13 11:54:56,627 - run -INFO - Start testcase 25
2018-03-13 11:54:56,628 - run -INFO - End testcase 25
2018-03-13 11:54:56,628 - run -INFO - Start testcase 26
2018-03-13 11:54:56,629 - run -INFO - End testcase 26
2018-03-13 11:54:56,630 - run -INFO - Start testcase 27
2018-03-13 11:54:56,630 - run -INFO - End testcase 27
2018-03-13 11:54:56,631 - run -INFO - Start testcase 28
2018-03-13 11:54:56,631 - run -INFO - End testcase 28
2018-03-13 11:54:56,631 - run -INFO - Start testcase 29
2018-03-13 11:54:56,632 - run -INFO - End testcase 29
2018-03-13 11:54:56,632 - run -INFO - Start testcase 30
2018-03-13 11:54:56,633 - run -INFO - End testcase 30
2018-03-13 11:54:56,633 - run -INFO - Start testcase 31
2018-03-13 11:54:56,634 - run -INFO - End testcase 31
2018-03-13 11:54:56,635 - run -INFO - Start testcase 32
2018-03-13 11:54:56,635 - run -INFO - End testcase 32
2018-03-13 11:54:56,636 - run -INFO - Start testcase 33
2018-03-13 11:54:56,636 - run -INFO - End testcase 33
2018-03-13 11:54:56,636 - run -INFO - Start testcase 34
2018-03-13 11:54:56,637 - run -INFO - End testcase 34
2018-03-13 11:54:56,638 - run -INFO - Start testcase 35
2018-03-13 11:54:56,638 - run -INFO - End testcase 35
2018-03-13 11:54:56,639 - run -INFO - Start testcase 36
2018-03-13 11:54:56,639 - run -INFO - End testcase 36
2018-03-13 11:54:56,639 - run -INFO - Start testcase 37
2018-03-13 11:54:56,640 - run -INFO - End testcase 37
2018-03-13 11:54:56,640 - run -INFO - Start testcase 38
2018-03-13 11:54:56,640 - run -INFO - End testcase 38
2018-03-13 11:54:56,641 - run -INFO - Start testcase 39
2018-03-13 11:54:56,641 - run -INFO - End testcase 39
2018-03-13 11:54:56,642 - run -INFO - Start testcase 40
2018-03-13 11:54:56,642 - run -INFO - End testcase 40
2018-03-13 11:54:56,642 - run -INFO - Start testcase 41
2018-03-13 11:54:56,649 - joinAndInterested -INFO - check demo 1 yêu cầu tham gia va quan tâm
2018-03-13 11:54:56,649 - Logout -INFO - touch menu
2018-03-13 11:55:07,246 - Logout -INFO - touch Dang xuat
2018-03-13 11:55:09,088 - joinAndInterested -INFO - login demo1
2018-03-13 11:55:09,088 - Login -INFO - Start Login
2018-03-13 11:55:09,088 - Login -INFO - Login account
2018-03-13 11:55:09,088 - Login -INFO - click button login email
2018-03-13 11:55:09,660 - Login -INFO - send username
2018-03-13 11:55:22,721 - Login -INFO - send pass 
2018-03-13 11:55:37,956 - Login -INFO - click button login
2018-03-13 11:55:38,647 - joinAndInterested -INFO - touch chuyen di
2018-03-13 11:55:44,309 - joinAndInterested -INFO - touch Tham gia
2018-03-13 11:55:44,661 - joinAndInterested -INFO - gioi thieu ban than
2018-03-13 11:55:53,544 - joinAndInterested -INFO - touch Cap nhat
2018-03-13 11:55:54,771 - joinAndInterested -INFO - touch quan tam
2018-03-13 11:55:55,378 - joinAndInterested -INFO - quay lại màn hình trước
2018-03-13 11:55:59,354 - joinAndInterested -INFO - Pass: demo 1 gửi yêu cầu tham gia và quan tâm thành công
2018-03-13 11:55:59,355 - run -INFO - End testcase 41
2018-03-13 11:55:59,355 - run -INFO - Start testcase 42
2018-03-13 11:55:59,356 - joinAndInterested -INFO - check demo 2 yêu cầu tham gia va quan tâm
2018-03-13 11:55:59,356 - Logout -INFO - touch menu
2018-03-13 11:55:59,933 - Logout -INFO - touch Dang xuat
2018-03-13 11:56:02,358 - joinAndInterested -INFO - login demo2
2018-03-13 11:56:02,359 - Login -INFO - Start Login
2018-03-13 11:56:02,360 - Login -INFO - Login account
2018-03-13 11:56:02,360 - Login -INFO - click button login email
2018-03-13 11:56:04,159 - Login -INFO - send username
2018-03-13 11:56:17,123 - Login -INFO - send pass 
2018-03-13 11:56:32,620 - Login -INFO - click button login
2018-03-13 11:56:33,285 - joinAndInterested -INFO - touch chuyen di
2018-03-13 11:56:37,860 - joinAndInterested -INFO - touch Tham gia
2018-03-13 11:56:38,213 - joinAndInterested -INFO - gioi thieu ban than
2018-03-13 11:56:49,885 - joinAndInterested -INFO - touch Cap nhat
2018-03-13 11:56:51,134 - joinAndInterested -INFO - touch quan tam
2018-03-13 11:56:51,670 - joinAndInterested -INFO - quay lại màn hình trước
2018-03-13 11:56:55,635 - joinAndInterested -INFO - Pass: demo 2 gửi yêu cầu tham gia và quan tâm thành công
2018-03-13 11:56:55,635 - run -INFO - End testcase 42
2018-03-13 11:56:55,636 - run -INFO - Start testcase 43
2018-03-13 11:56:55,636 - joinAndInterested -INFO - check demo 3 yêu cầu tham gia va quan tâm
2018-03-13 11:56:55,636 - Logout -INFO - touch menu
2018-03-13 11:56:56,033 - Logout -INFO - touch Dang xuat
2018-03-13 11:56:58,434 - joinAndInterested -INFO - login demo3
2018-03-13 11:56:58,434 - Login -INFO - Start Login
2018-03-13 11:56:58,434 - Login -INFO - Login account
2018-03-13 11:56:58,435 - Login -INFO - click button login email
2018-03-13 11:57:00,342 - Login -INFO - send username
2018-03-13 11:57:12,676 - Login -INFO - send pass 
2018-03-13 11:57:26,684 - Login -INFO - click button login
2018-03-13 11:57:27,351 - joinAndInterested -INFO - touch chuyen di
2018-03-13 11:57:31,839 - joinAndInterested -INFO - touch Tham gia
2018-03-13 11:57:32,193 - joinAndInterested -INFO - gioi thieu ban than
2018-03-13 11:57:41,040 - joinAndInterested -INFO - touch Cap nhat
2018-03-13 11:57:42,332 - joinAndInterested -INFO - touch quan tam
2018-03-13 11:57:42,930 - joinAndInterested -INFO - Pass: demo 3 gửi yêu cầu tham gia và quan tâm thành công
2018-03-13 11:57:42,931 - run -INFO - End testcase 43
2018-03-13 11:57:42,931 - run -INFO - Start testcase 44
2018-03-13 11:57:42,931 - joinAndInterested -INFO - demo 3 hủy yêu cầu tham gia va quan tâm
2018-03-13 11:57:42,931 - joinAndInterested -INFO - touch Hủy yêu cầu
2018-03-13 11:57:43,896 - joinAndInterested -INFO - touch button Hủy yêu cầu
2018-03-13 11:57:45,313 - joinAndInterested -INFO - touch Quan tam
2018-03-13 11:57:46,280 - joinAndInterested -INFO - touch Hủy quan tam
2018-03-13 11:57:47,710 - joinAndInterested -INFO - touch button quay lại màn hình tab Công khai
2018-03-13 11:57:51,764 - joinAndInterested -INFO - Pass: demo 3 hủy yêu cầu tham gia va quan tâm thành công
2018-03-13 11:57:51,765 - run -INFO - End testcase 44
2018-03-13 11:57:51,765 - run -INFO - Start testcase 45
2018-03-13 11:57:51,765 - joinAndInterested -INFO - check đồng ý yêu cầu demo1
2018-03-13 11:57:51,765 - Logout -INFO - touch menu
2018-03-13 11:57:52,156 - Logout -INFO - touch Dang xuat
2018-03-13 11:57:54,713 - joinAndInterested -INFO - login trang thư - người tạo
2018-03-13 11:57:54,713 - Login -INFO - Start Login
2018-03-13 11:57:54,713 - Login -INFO - Login account
2018-03-13 11:57:54,713 - Login -INFO - click button login email
2018-03-13 11:57:56,757 - Login -INFO - send username
2018-03-13 11:58:09,630 - Login -INFO - send pass 
2018-03-13 11:58:24,009 - Login -INFO - click button login
2018-03-13 11:58:24,711 - joinAndInterested -INFO - touch chuyen di
2018-03-13 11:58:29,609 - joinAndInterested -INFO - touch tab Yêu cầu
2018-03-13 11:58:31,821 - joinAndInterested -INFO - touch chap nhan
2018-03-13 11:58:33,555 - joinAndInterested -INFO - take screen short and check toast message
2018-03-13 11:58:47,152 - run -INFO - End testcase 45
2018-03-13 11:58:47,152 - run -INFO - Start testcase 46
2018-03-13 11:58:47,153 - joinAndInterested -INFO - check đồng ý yêu cầu demo2
2018-03-13 11:58:47,153 - joinAndInterested -INFO - touch chap nhan
2018-03-13 11:58:47,877 - joinAndInterested -INFO - take screen short and check toast message
2018-03-13 11:58:57,466 - run -INFO - End testcase 46
2018-03-13 11:58:57,467 - run -INFO - Start testcase 47
2018-03-13 11:58:57,467 - joinAndInterested -INFO - check demo2 rời khỏi chuyến đi
2018-03-13 11:58:57,468 - joinAndInterested -INFO - touch button quay lại màn hình tab Công khai
2018-03-13 11:59:00,970 - Logout -INFO - touch menu
2018-03-13 11:59:01,419 - Logout -INFO - touch Dang xuat
2018-03-13 11:59:03,828 - joinAndInterested -INFO - login demo2
2018-03-13 11:59:03,828 - Login -INFO - Start Login
2018-03-13 11:59:03,829 - Login -INFO - Login account
2018-03-13 11:59:03,829 - Login -INFO - click button login email
2018-03-13 11:59:05,835 - Login -INFO - send username
2018-03-13 11:59:18,200 - Login -INFO - send pass 
2018-03-13 11:59:33,120 - Login -INFO - click button login
2018-03-13 11:59:33,804 - joinAndInterested -INFO - touch chuyen di
2018-03-13 11:59:38,460 - joinAndInterested -INFO - touch Rời khỏi chuyến đi
2018-03-13 11:59:38,794 - joinAndInterested -INFO - touch button rời khỏi
2018-03-13 11:59:40,421 - joinAndInterested -INFO - quay lại màn hình trước
2018-03-13 11:59:44,388 - joinAndInterested -INFO - Pass: demo2 rời khỏi chuyến đi thành công
2018-03-13 11:59:44,389 - run -INFO - End testcase 47
2018-03-13 11:59:44,390 - run -INFO - Start testcase 48
2018-03-13 11:59:44,792 - checkDiscussion -INFO - Check tạo bài thảo luận thành công
2018-03-13 11:59:44,792 - Logout -INFO - touch menu
2018-03-13 11:59:45,432 - Logout -INFO - touch Dang xuat
2018-03-13 11:59:47,827 - checkDiscussion -INFO - login trang thư - người tạo
2018-03-13 11:59:47,828 - Login -INFO - Start Login
2018-03-13 11:59:47,828 - Login -INFO - Login account
2018-03-13 11:59:47,828 - Login -INFO - click button login email
2018-03-13 11:59:49,732 - Login -INFO - send username
2018-03-13 12:00:02,633 - Login -INFO - send pass 
2018-03-13 12:00:16,304 - Login -INFO - click button login
2018-03-13 12:00:16,975 - checkDiscussion -INFO - touch chuyen di
2018-03-13 12:00:20,752 - checkDiscussion -INFO - touch tab Thảo luận
2018-03-13 12:00:22,826 - checkDiscussion -INFO - touch +
2018-03-13 12:00:24,333 - checkDiscussion -INFO - send Nội dung
2018-03-13 12:00:32,504 - checkDiscussion -INFO - touch button Đăng
2018-03-13 12:00:34,294 - checkDiscussion -INFO - take screen short and check toast message
2018-03-13 12:00:40,216 - checkDiscussion -INFO - pass
2018-03-13 12:00:40,216 - run -INFO - End testcase 48
2018-03-13 12:00:40,217 - run -INFO - Start testcase 49
2018-03-13 12:00:40,219 - checkDiscussion -INFO - check thành viên không trong chuyến đi (demo2) xem bài thảo luận
2018-03-13 12:00:40,219 - checkDiscussion -INFO - quay lại màn hình trước
2018-03-13 12:00:43,522 - Logout -INFO - touch menu
2018-03-13 12:00:43,993 - Logout -INFO - touch Dang xuat
2018-03-13 12:00:46,358 - checkDiscussion -INFO - login demo2
2018-03-13 12:00:46,358 - Login -INFO - Start Login
2018-03-13 12:00:46,358 - Login -INFO - Login account
2018-03-13 12:00:46,359 - Login -INFO - click button login email
2018-03-13 12:00:47,994 - Login -INFO - send username
2018-03-13 12:01:00,123 - Login -INFO - send pass 
2018-03-13 12:01:15,222 - Login -INFO - click button login
2018-03-13 12:01:15,905 - checkDiscussion -INFO - touch chuyen di
2018-03-13 12:01:18,928 - checkDiscussion -INFO - touch tab Thảo luận
2018-03-13 12:01:22,183 - checkDiscussion -INFO - Pass: Khong duoc xem bai thao luan
2018-03-13 12:01:22,184 - run -INFO - End testcase 49
2018-03-13 12:01:22,184 - run -INFO - Start testcase 50
2018-03-13 12:01:22,187 - checkDiscussion -INFO - check thành viên trong chuyến đi (demo1) xem bài thảo luận
2018-03-13 12:01:22,187 - checkDiscussion -INFO - quay lại màn hình trước
2018-03-13 12:01:25,496 - Logout -INFO - touch menu
2018-03-13 12:01:26,265 - Logout -INFO - touch Dang xuat
2018-03-13 12:01:29,044 - checkDiscussion -INFO - login demo1
2018-03-13 12:01:29,045 - Login -INFO - Start Login
2018-03-13 12:01:29,045 - Login -INFO - Login account
2018-03-13 12:01:29,045 - Login -INFO - click button login email
2018-03-13 12:01:30,583 - Login -INFO - send username
2018-03-13 12:01:43,577 - Login -INFO - send pass 
2018-03-13 12:01:58,315 - Login -INFO - click button login
2018-03-13 12:01:59,321 - checkDiscussion -INFO - touch chuyen di
2018-03-13 12:02:02,653 - checkDiscussion -INFO - touch tab Thảo luận
2018-03-13 12:02:05,656 - checkDiscussion -INFO - Pass: Duoc xem bai thao luan
2018-03-13 12:02:05,657 - run -INFO - End testcase 50
2018-03-13 12:02:05,657 - run -INFO - Start testcase 51
2018-03-13 12:02:05,663 - checkDiscussion -INFO - check thành viên trong chuyến đi (demo1) Thích bài thảo luận
2018-03-13 12:02:05,664 - checkDiscussion -INFO - touch Thích
2018-03-13 12:02:07,402 - checkDiscussion -INFO - Pass: Thích thành công
2018-03-13 12:02:07,403 - run -INFO - End testcase 51
2018-03-13 12:02:07,404 - run -INFO - Start testcase 52
2018-03-13 12:02:07,407 - checkDiscussion -INFO - check thành viên trong chuyến đi (demo1) Bình luận bài thảo luận
2018-03-13 12:02:07,408 - checkDiscussion -INFO - touch Bình luận
2018-03-13 12:02:07,716 - checkDiscussion -INFO - send Binh luan
2018-03-13 12:02:17,238 - checkDiscussion -INFO - touch send
2018-03-13 12:02:21,974 - checkDiscussion -INFO - Fail: Bình luận không thành công
2018-03-13 12:02:26,208 - checkDiscussion -INFO - quay lại màn hình trước
2018-03-13 12:02:29,694 - run -INFO - End testcase 52
2018-03-13 12:02:29,694 - run -INFO - Start testcase 53
2018-03-13 12:02:29,697 - checkDiscussion -INFO - check người tạo bài thảo luận xem thông báo Thích
2018-03-13 12:02:29,697 - Logout -INFO - touch menu
2018-03-13 12:02:30,285 - Logout -INFO - touch Dang xuat
2018-03-13 12:02:32,641 - checkDiscussion -INFO - login trang thư - người tạo
2018-03-13 12:02:32,642 - Login -INFO - Start Login
2018-03-13 12:02:32,642 - Login -INFO - Login account
2018-03-13 12:02:32,642 - Login -INFO - click button login email
2018-03-13 12:02:34,678 - Login -INFO - send username
2018-03-13 12:02:47,310 - Login -INFO - send pass 
2018-03-13 12:03:02,571 - Login -INFO - click button login
2018-03-13 12:03:03,262 - checkDiscussion -INFO - touch tab Thông báo
2018-03-13 12:03:07,122 - checkDiscussion -INFO - touch vào thông báo Thích
2018-03-13 12:03:12,390 - checkDiscussion -INFO - Pass: Xem thông báo Thích thành công
2018-03-13 12:03:16,062 - run -INFO - End testcase 53
2018-03-13 12:03:16,062 - run -INFO - Start testcase 54
2018-03-13 12:03:16,066 - checkDiscussion -INFO - check người tạo bài thảo luận xem thông báo Bình luận
2018-03-13 12:03:16,067 - checkDiscussion -INFO - touch vào thông báo Bình luận
2018-03-13 12:03:19,952 - checkDiscussion -INFO - Pass: Xem thông báo Bình luận thành công
2018-03-13 12:03:23,632 - run -INFO - End testcase 54
2018-03-13 12:03:23,633 - run -INFO - Start testcase 55
2018-03-13 12:03:23,634 - run -INFO - End testcase 55
2018-03-13 12:03:23,634 - run -INFO - Start testcase 56
2018-03-13 12:03:23,636 - run -INFO - End testcase 56
2018-03-13 12:03:23,636 - run -INFO - Start testcase 57
2018-03-13 12:03:23,638 - run -INFO - End testcase 57
2018-03-13 12:03:23,638 - run -INFO - Start testcase 58
2018-03-13 12:03:23,640 - run -INFO - End testcase 58
2018-03-13 12:03:23,641 - run -INFO - Start testcase 59
2018-03-13 12:03:23,643 - run -INFO - End testcase 59
2018-03-13 12:03:23,644 - run -INFO - Start testcase 60
2018-03-13 12:03:23,645 - run -INFO - End testcase 60
2018-03-13 12:03:23,646 - run -INFO - Start testcase 61
2018-03-13 12:03:23,647 - run -INFO - End testcase 61
2018-03-13 12:03:23,648 - run -INFO - Start testcase 62
2018-03-13 12:03:23,649 - run -INFO - End testcase 62
2018-03-13 12:03:23,650 - run -INFO - Start testcase 63
2018-03-13 12:03:23,651 - run -INFO - End testcase 63
2018-03-13 12:03:23,652 - run -INFO - Start testcase 64
2018-03-13 12:03:23,653 - run -INFO - End testcase 64
2018-03-13 12:03:23,653 - run -INFO - Start testcase 65
2018-03-13 12:03:23,655 - run -INFO - End testcase 65
2018-03-13 12:03:23,655 - run -INFO - Start testcase 66
2018-03-13 12:03:23,656 - run -INFO - End testcase 66
2018-03-13 12:03:23,657 - run -INFO - Start testcase 67
2018-03-13 12:03:23,658 - run -INFO - End testcase 67
2018-03-13 12:03:23,660 - run -INFO - Start testcase 68
2018-03-13 12:03:23,661 - run -INFO - End testcase 68
2018-03-13 12:03:23,662 - run -INFO - Start testcase 69
2018-03-13 12:03:23,663 - run -INFO - End testcase 69
2018-03-13 12:03:23,691 - end -INFO - Tong thoi gian chay: 538s ~ 8p58s
2018-03-13 12:03:23,691 - end -INFO - Tong time nghi: 1s ~ 0p1s
