2018-03-13 10:08:10,190 - open -INFO - Start test at 2018/03/13 10:08:10
2018-03-13 10:08:10,192 - open -INFO - Setup to connect devices
2018-03-13 10:08:49,106 - open -INFO - Done setup to connect devices
2018-03-13 10:08:49,107 - open -INFO - Connect database
2018-03-13 10:08:49,107 - open -INFO - Connect database success
2018-03-13 10:08:50,152 - run -INFO - Start testcase 41
2018-03-13 10:08:50,188 - run -INFO - End testcase 41
2018-03-13 10:08:50,189 - run -INFO - Start testcase 42
2018-03-13 10:08:50,190 - run -INFO - End testcase 42
2018-03-13 10:08:50,190 - run -INFO - Start testcase 43
2018-03-13 10:08:50,191 - run -INFO - End testcase 43
2018-03-13 10:08:50,191 - run -INFO - Start testcase 44
2018-03-13 10:08:50,192 - run -INFO - End testcase 44
2018-03-13 10:08:50,193 - run -INFO - Start testcase 45
2018-03-13 10:08:50,194 - run -INFO - End testcase 45
2018-03-13 10:08:50,194 - run -INFO - Start testcase 46
2018-03-13 10:08:50,196 - run -INFO - End testcase 46
2018-03-13 10:08:50,197 - run -INFO - Start testcase 47
2018-03-13 10:08:50,197 - run -INFO - End testcase 47
2018-03-13 10:08:50,198 - run -INFO - Start testcase 48
2018-03-13 10:08:51,070 - run -INFO - End testcase 48
2018-03-13 10:08:51,071 - run -INFO - Start testcase 49
2018-03-13 10:08:51,078 - run -INFO - End testcase 49
2018-03-13 10:08:51,079 - run -INFO - Start testcase 50
2018-03-13 10:08:51,087 - run -INFO - End testcase 50
2018-03-13 10:08:51,088 - run -INFO - Start testcase 51
2018-03-13 10:08:51,096 - run -INFO - End testcase 51
2018-03-13 10:08:51,096 - run -INFO - Start testcase 52
2018-03-13 10:08:51,103 - run -INFO - End testcase 52
2018-03-13 10:08:51,103 - run -INFO - Start testcase 53
2018-03-13 10:08:51,107 - run -INFO - End testcase 53
2018-03-13 10:08:51,108 - run -INFO - Start testcase 54
2018-03-13 10:08:51,137 - run -INFO - End testcase 54
2018-03-13 10:08:51,164 - end -INFO - Tong thoi gian chay: 40s ~ 0p40s
2018-03-13 10:08:51,164 - end -INFO - Tong time nghi: 0s ~ 0p0s
