2018-03-12 22:24:31,502 - open -INFO - Start test at 2018/03/12 22:24:31
2018-03-12 22:24:31,505 - open -INFO - Setup to connect devices
2018-03-12 22:25:00,595 - open -INFO - Done setup to connect devices
2018-03-12 22:25:00,599 - open -INFO - Connect database
2018-03-12 22:25:00,599 - open -INFO - Connect database success
2018-03-12 22:25:01,104 - run -INFO - Start testcase 55
2018-03-12 22:25:01,116 - checkDiary -INFO - touch button Đăng
2018-03-12 22:25:03,293 - run -ERROR - An element could not be located on the page using the given search parameters. (WARNING: The server did not provide any stacktrace information)
Command duration or timeout: 1.60 seconds
For documentation on this error, please visit: http://seleniumhq.org/exceptions/no_such_element.html
Build info: version: 'unknown', revision: 'unknown', time: 'unknown'
System info: host: 'TRANGTHU292', ip: '192.168.11.109', os.name: 'Windows 10', os.arch: 'amd64', os.version: '10.0', java.version: '1.8.0_131'
Driver info: io.appium.java_client.android.AndroidDriver
Capabilities [{appPackage=studio.crazybt.adventure, deviceScreenSize=720x1280, networkConnectionEnabled=true, noReset=true, warnings={}, databaseEnabled=false, version=, deviceName=4653bc57, fullReset=false, platform=ANDROID, deviceUDID=4653bc57, appActivity=studio.crazybt.adventure.activities.SplashActivity, desired={appPackage=studio.crazybt.adventure, appActivity=studio.crazybt.adventure.activities.SplashActivity, noReset=true, platformVersion=4.4.2, browserName=android, unicodeKeyboard=true, platformName=Android, version=, deviceName=4653bc57, fullReset=false, platform=ANDROID}, platformVersion=4.4.2, webStorageEnabled=false, locationContextEnabled=false, takesScreenshot=true, browserName=android, javascriptEnabled=true, deviceModel=SM-G7102, unicodeKeyboard=true, platformName=Android, deviceManufacturer=samsung}]
Session ID: e525a50a-5fc9-4397-913a-489267b19691
*** Element info: {Using=id, value=studio.crazybt.adventure:id/itemPost}
2018-03-12 22:25:03,294 - run -INFO - End testcase 55
2018-03-12 22:25:03,295 - run -INFO - Start testcase 56
2018-03-12 22:25:03,299 - checkDiary -INFO - touch button Đăng
2018-03-12 22:25:03,579 - run -ERROR - An element could not be located on the page using the given search parameters. (WARNING: The server did not provide any stacktrace information)
Command duration or timeout: 279 milliseconds
For documentation on this error, please visit: http://seleniumhq.org/exceptions/no_such_element.html
Build info: version: 'unknown', revision: 'unknown', time: 'unknown'
System info: host: 'TRANGTHU292', ip: '192.168.11.109', os.name: 'Windows 10', os.arch: 'amd64', os.version: '10.0', java.version: '1.8.0_131'
Driver info: io.appium.java_client.android.AndroidDriver
Capabilities [{appPackage=studio.crazybt.adventure, deviceScreenSize=720x1280, networkConnectionEnabled=true, noReset=true, warnings={}, databaseEnabled=false, version=, deviceName=4653bc57, fullReset=false, platform=ANDROID, deviceUDID=4653bc57, appActivity=studio.crazybt.adventure.activities.SplashActivity, desired={appPackage=studio.crazybt.adventure, appActivity=studio.crazybt.adventure.activities.SplashActivity, noReset=true, platformVersion=4.4.2, browserName=android, unicodeKeyboard=true, platformName=Android, version=, deviceName=4653bc57, fullReset=false, platform=ANDROID}, platformVersion=4.4.2, webStorageEnabled=false, locationContextEnabled=false, takesScreenshot=true, browserName=android, javascriptEnabled=true, deviceModel=SM-G7102, unicodeKeyboard=true, platformName=Android, deviceManufacturer=samsung}]
Session ID: e525a50a-5fc9-4397-913a-489267b19691
*** Element info: {Using=id, value=studio.crazybt.adventure:id/itemPost}
2018-03-12 22:25:04,017 - run -INFO - End testcase 56
2018-03-12 22:25:04,017 - run -INFO - Start testcase 57
2018-03-12 22:25:04,018 - checkDiary -INFO - touch button Đăng
2018-03-12 22:25:04,219 - run -ERROR - An element could not be located on the page using the given search parameters. (WARNING: The server did not provide any stacktrace information)
Command duration or timeout: 199 milliseconds
For documentation on this error, please visit: http://seleniumhq.org/exceptions/no_such_element.html
Build info: version: 'unknown', revision: 'unknown', time: 'unknown'
System info: host: 'TRANGTHU292', ip: '192.168.11.109', os.name: 'Windows 10', os.arch: 'amd64', os.version: '10.0', java.version: '1.8.0_131'
Driver info: io.appium.java_client.android.AndroidDriver
Capabilities [{appPackage=studio.crazybt.adventure, deviceScreenSize=720x1280, networkConnectionEnabled=true, noReset=true, warnings={}, databaseEnabled=false, version=, deviceName=4653bc57, fullReset=false, platform=ANDROID, deviceUDID=4653bc57, appActivity=studio.crazybt.adventure.activities.SplashActivity, desired={appPackage=studio.crazybt.adventure, appActivity=studio.crazybt.adventure.activities.SplashActivity, noReset=true, platformVersion=4.4.2, browserName=android, unicodeKeyboard=true, platformName=Android, version=, deviceName=4653bc57, fullReset=false, platform=ANDROID}, platformVersion=4.4.2, webStorageEnabled=false, locationContextEnabled=false, takesScreenshot=true, browserName=android, javascriptEnabled=true, deviceModel=SM-G7102, unicodeKeyboard=true, platformName=Android, deviceManufacturer=samsung}]
Session ID: e525a50a-5fc9-4397-913a-489267b19691
*** Element info: {Using=id, value=studio.crazybt.adventure:id/itemPost}
2018-03-12 22:25:04,223 - run -INFO - End testcase 57
2018-03-12 22:25:04,260 - end -INFO - Tong thoi gian chay: 32s ~ 0p32s
2018-03-12 22:25:04,260 - end -INFO - Tong time nghi: 0s ~ 0p0s
