2018-03-12 22:27:49,522 - open -INFO - Start test at 2018/03/12 22:27:49
2018-03-12 22:27:49,526 - open -INFO - Setup to connect devices
2018-03-12 22:28:18,922 - open -INFO - Done setup to connect devices
2018-03-12 22:28:18,923 - open -INFO - Connect database
2018-03-12 22:28:18,923 - open -INFO - Connect database success
2018-03-12 22:28:19,395 - run -INFO - Start testcase 41
2018-03-12 22:28:19,424 - run -INFO - End testcase 41
2018-03-12 22:28:19,425 - run -INFO - Start testcase 42
2018-03-12 22:28:19,427 - run -INFO - End testcase 42
2018-03-12 22:28:19,428 - run -INFO - Start testcase 43
2018-03-12 22:28:19,429 - run -INFO - End testcase 43
2018-03-12 22:28:19,430 - run -INFO - Start testcase 44
2018-03-12 22:28:19,465 - run -INFO - End testcase 44
2018-03-12 22:28:19,466 - run -INFO - Start testcase 45
2018-03-12 22:28:19,466 - run -INFO - End testcase 45
2018-03-12 22:28:19,467 - run -INFO - Start testcase 46
2018-03-12 22:28:19,468 - run -INFO - End testcase 46
2018-03-12 22:28:19,469 - run -INFO - Start testcase 47
2018-03-12 22:28:19,470 - run -INFO - End testcase 47
2018-03-12 22:28:19,470 - run -INFO - Start testcase 48
2018-03-12 22:28:20,639 - run -INFO - End testcase 48
2018-03-12 22:28:20,639 - run -INFO - Start testcase 49
2018-03-12 22:28:20,643 - run -INFO - End testcase 49
2018-03-12 22:28:20,644 - run -INFO - Start testcase 50
2018-03-12 22:28:20,651 - run -INFO - End testcase 50
2018-03-12 22:28:20,651 - run -INFO - Start testcase 51
2018-03-12 22:28:20,656 - run -INFO - End testcase 51
2018-03-12 22:28:20,661 - run -INFO - Start testcase 52
2018-03-12 22:28:20,667 - run -INFO - End testcase 52
2018-03-12 22:28:20,667 - run -INFO - Start testcase 53
2018-03-12 22:28:20,680 - run -INFO - End testcase 53
2018-03-12 22:28:20,680 - run -INFO - Start testcase 54
2018-03-12 22:28:20,687 - run -INFO - End testcase 54
2018-03-12 22:28:20,739 - end -INFO - Tong thoi gian chay: 31s ~ 0p31s
2018-03-12 22:28:20,739 - end -INFO - Tong time nghi: 0s ~ 0p0s
