2018-03-12 22:37:43,157 - open -INFO - Start test at 2018/03/12 22:37:43
2018-03-12 22:37:43,160 - open -INFO - Setup to connect devices
2018-03-12 22:38:11,835 - open -INFO - Done setup to connect devices
2018-03-12 22:38:11,836 - open -INFO - Connect database
2018-03-12 22:38:11,836 - open -INFO - Connect database success
2018-03-12 22:38:12,410 - run -INFO - Start testcase 41
2018-03-12 22:38:12,418 - run -INFO - End testcase 41
2018-03-12 22:38:12,419 - run -INFO - Start testcase 42
2018-03-12 22:38:12,419 - run -INFO - End testcase 42
2018-03-12 22:38:12,420 - run -INFO - Start testcase 43
2018-03-12 22:38:12,421 - run -INFO - End testcase 43
2018-03-12 22:38:12,421 - run -INFO - Start testcase 44
2018-03-12 22:38:12,427 - run -INFO - End testcase 44
2018-03-12 22:38:12,428 - run -INFO - Start testcase 45
2018-03-12 22:38:12,429 - run -INFO - End testcase 45
2018-03-12 22:38:12,430 - run -INFO - Start testcase 46
2018-03-12 22:38:12,432 - run -INFO - End testcase 46
2018-03-12 22:38:12,433 - run -INFO - Start testcase 47
2018-03-12 22:38:12,434 - run -INFO - End testcase 47
2018-03-12 22:38:12,434 - run -INFO - Start testcase 48
2018-03-12 22:38:13,188 - run -INFO - End testcase 48
2018-03-12 22:38:13,190 - run -INFO - Start testcase 49
2018-03-12 22:38:13,196 - run -INFO - End testcase 49
2018-03-12 22:38:13,196 - run -INFO - Start testcase 50
2018-03-12 22:38:13,211 - run -INFO - End testcase 50
2018-03-12 22:38:13,212 - run -INFO - Start testcase 51
2018-03-12 22:38:13,242 - run -INFO - End testcase 51
2018-03-12 22:38:13,244 - run -INFO - Start testcase 52
2018-03-12 22:38:13,249 - run -INFO - End testcase 52
2018-03-12 22:38:13,249 - run -INFO - Start testcase 53
2018-03-12 22:38:13,256 - run -INFO - End testcase 53
2018-03-12 22:38:13,257 - run -INFO - Start testcase 54
2018-03-12 22:38:13,266 - run -INFO - End testcase 54
2018-03-12 22:38:13,333 - end -INFO - Tong thoi gian chay: 30s ~ 0p30s
2018-03-12 22:38:13,333 - end -INFO - Tong time nghi: 0s ~ 0p0s
