2018-03-12 21:02:13,948 - open -INFO - Start test at 2018/03/12 21:02:13
2018-03-12 21:02:13,955 - open -INFO - Setup to connect devices
2018-03-12 21:02:47,931 - open -INFO - Done setup to connect devices
2018-03-12 21:02:47,931 - open -INFO - Connect database
2018-03-12 21:02:47,931 - open -INFO - Connect database success
2018-03-12 21:02:48,322 - run -INFO - Start testcase 1
2018-03-12 21:02:48,324 - run -INFO - End testcase 1
2018-03-12 21:02:48,324 - run -INFO - Start testcase 2
2018-03-12 21:02:48,326 - run -INFO - End testcase 2
2018-03-12 21:02:48,327 - run -INFO - Start testcase 3
2018-03-12 21:02:48,328 - run -INFO - End testcase 3
2018-03-12 21:02:48,329 - run -INFO - Start testcase 4
2018-03-12 21:02:48,855 - run -INFO - End testcase 4
2018-03-12 21:02:48,856 - run -INFO - Start testcase 5
2018-03-12 21:02:48,857 - run -INFO - End testcase 5
2018-03-12 21:02:48,858 - run -INFO - Start testcase 6
2018-03-12 21:02:48,861 - run -INFO - End testcase 6
2018-03-12 21:02:48,861 - run -INFO - Start testcase 7
2018-03-12 21:02:48,863 - run -INFO - End testcase 7
2018-03-12 21:02:48,863 - run -INFO - Start testcase 8
2018-03-12 21:02:48,864 - run -INFO - End testcase 8
2018-03-12 21:02:48,865 - run -INFO - Start testcase 9
2018-03-12 21:02:48,866 - run -INFO - End testcase 9
2018-03-12 21:02:48,867 - run -INFO - Start testcase 10
2018-03-12 21:02:48,868 - run -INFO - End testcase 10
2018-03-12 21:02:48,868 - run -INFO - Start testcase 11
2018-03-12 21:02:48,869 - run -INFO - End testcase 11
2018-03-12 21:02:48,869 - run -INFO - Start testcase 12
2018-03-12 21:02:48,871 - run -INFO - End testcase 12
2018-03-12 21:02:48,871 - run -INFO - Start testcase 13
2018-03-12 21:02:48,873 - run -INFO - End testcase 13
2018-03-12 21:02:48,873 - run -INFO - Start testcase 14
2018-03-12 21:02:48,874 - run -INFO - End testcase 14
2018-03-12 21:02:48,876 - run -INFO - Start testcase 15
2018-03-12 21:02:48,878 - run -INFO - End testcase 15
2018-03-12 21:02:48,878 - run -INFO - Start testcase 16
2018-03-12 21:02:48,880 - run -INFO - End testcase 16
2018-03-12 21:02:48,881 - run -INFO - Start testcase 17
2018-03-12 21:02:48,883 - run -INFO - End testcase 17
2018-03-12 21:02:48,886 - run -INFO - Start testcase 18
2018-03-12 21:02:48,889 - run -INFO - End testcase 18
2018-03-12 21:02:48,890 - run -INFO - Start testcase 19
2018-03-12 21:02:48,891 - run -INFO - End testcase 19
2018-03-12 21:02:48,892 - run -INFO - Start testcase 20
2018-03-12 21:02:48,893 - run -INFO - End testcase 20
2018-03-12 21:02:48,893 - run -INFO - Start testcase 21
2018-03-12 21:02:48,895 - run -INFO - End testcase 21
2018-03-12 21:02:48,895 - run -INFO - Start testcase 22
2018-03-12 21:02:48,897 - run -INFO - End testcase 22
2018-03-12 21:02:48,898 - run -INFO - Start testcase 23
2018-03-12 21:02:48,899 - run -INFO - End testcase 23
2018-03-12 21:02:48,899 - run -INFO - Start testcase 24
2018-03-12 21:02:48,900 - run -INFO - End testcase 24
2018-03-12 21:02:48,901 - run -INFO - Start testcase 25
2018-03-12 21:02:48,902 - run -INFO - End testcase 25
2018-03-12 21:02:48,902 - run -INFO - Start testcase 26
2018-03-12 21:02:48,903 - run -INFO - End testcase 26
2018-03-12 21:02:48,903 - run -INFO - Start testcase 27
2018-03-12 21:02:48,905 - run -INFO - End testcase 27
2018-03-12 21:02:48,905 - run -INFO - Start testcase 28
2018-03-12 21:02:48,906 - run -INFO - End testcase 28
2018-03-12 21:02:48,907 - run -INFO - Start testcase 29
2018-03-12 21:02:48,908 - run -INFO - End testcase 29
2018-03-12 21:02:48,908 - run -INFO - Start testcase 30
2018-03-12 21:02:48,910 - run -INFO - End testcase 30
2018-03-12 21:02:48,910 - run -INFO - Start testcase 31
2018-03-12 21:02:48,911 - run -INFO - End testcase 31
2018-03-12 21:02:48,911 - run -INFO - Start testcase 32
2018-03-12 21:02:48,912 - run -INFO - End testcase 32
2018-03-12 21:02:48,913 - run -INFO - Start testcase 33
2018-03-12 21:02:48,914 - run -INFO - End testcase 33
2018-03-12 21:02:48,914 - run -INFO - Start testcase 34
2018-03-12 21:02:48,915 - run -INFO - End testcase 34
2018-03-12 21:02:48,915 - run -INFO - Start testcase 35
2018-03-12 21:02:48,916 - run -INFO - End testcase 35
2018-03-12 21:02:48,917 - run -INFO - Start testcase 36
2018-03-12 21:02:48,918 - run -INFO - End testcase 36
2018-03-12 21:02:48,918 - run -INFO - Start testcase 37
2018-03-12 21:02:48,919 - run -INFO - End testcase 37
2018-03-12 21:02:48,920 - run -INFO - Start testcase 38
2018-03-12 21:02:48,921 - run -INFO - End testcase 38
2018-03-12 21:02:48,921 - run -INFO - Start testcase 39
2018-03-12 21:02:48,922 - run -INFO - End testcase 39
2018-03-12 21:02:48,922 - run -INFO - Start testcase 40
2018-03-12 21:02:48,923 - run -INFO - End testcase 40
2018-03-12 21:02:48,923 - run -INFO - Start testcase 41
2018-03-12 21:02:48,924 - run -INFO - End testcase 41
2018-03-12 21:02:48,924 - run -INFO - Start testcase 42
2018-03-12 21:02:48,925 - run -INFO - End testcase 42
2018-03-12 21:02:48,925 - run -INFO - Start testcase 43
2018-03-12 21:02:48,925 - run -INFO - End testcase 43
2018-03-12 21:02:48,926 - run -INFO - Start testcase 44
2018-03-12 21:02:48,926 - run -INFO - End testcase 44
2018-03-12 21:02:48,926 - run -INFO - Start testcase 45
2018-03-12 21:02:48,927 - run -INFO - End testcase 45
2018-03-12 21:02:48,927 - run -INFO - Start testcase 46
2018-03-12 21:02:48,927 - run -INFO - End testcase 46
2018-03-12 21:02:48,927 - run -INFO - Start testcase 47
2018-03-12 21:02:48,928 - run -INFO - End testcase 47
2018-03-12 21:02:48,928 - run -INFO - Start testcase 48
2018-03-12 21:02:48,928 - run -INFO - End testcase 48
2018-03-12 21:02:48,928 - run -INFO - Start testcase 49
2018-03-12 21:02:48,929 - run -INFO - End testcase 49
2018-03-12 21:02:48,929 - run -INFO - Start testcase 50
2018-03-12 21:02:48,939 - run -INFO - End testcase 50
2018-03-12 21:02:48,939 - run -INFO - Start testcase 51
2018-03-12 21:02:48,941 - run -INFO - End testcase 51
2018-03-12 21:02:48,942 - run -INFO - Start testcase 52
2018-03-12 21:02:48,943 - run -INFO - End testcase 52
2018-03-12 21:02:48,943 - run -INFO - Start testcase 53
2018-03-12 21:02:48,944 - run -INFO - End testcase 53
2018-03-12 21:02:48,946 - run -INFO - Start testcase 54
2018-03-12 21:02:48,955 - run -INFO - End testcase 54
2018-03-12 21:02:48,955 - run -INFO - Start testcase 55
2018-03-12 21:02:48,967 - checkDiary -INFO - touch tab Công khai
2018-03-12 21:02:55,574 - checkDiary -INFO - touch chuyen di
2018-03-12 21:02:57,562 - checkDiary -INFO - touch tab Nhật ký
2018-03-12 21:02:58,365 - checkDiary -INFO - touch +
2018-03-12 21:03:00,463 - checkDiary -INFO - touch chọn quyền
2018-03-12 21:03:02,017 - checkDiary -INFO - touch Công khai
2018-03-12 21:03:06,581 - checkDiary -INFO - send Tiêu đề
2018-03-12 21:03:13,431 - checkDiary -INFO - send Nội dung
2018-03-12 21:03:23,717 - checkDiary -INFO - Thêm ảnh
2018-03-12 21:03:23,717 - checkDiary -INFO - touch button Thêm ảnh
2018-03-12 21:03:24,670 - checkDiary -INFO - chọn album
2018-03-12 21:03:26,620 - checkDiary -INFO - chọn 3 ảnh - dòng 1
2018-03-12 21:03:32,679 - checkDiary -INFO - touch button Done
2018-03-12 21:03:38,844 - checkDiary -INFO - touch button Thêm chi tiết
2018-03-12 21:03:43,068 - checkDiary -INFO - send Ngày - Thêm chi tiết
2018-03-12 21:03:48,555 - checkDiary -INFO - send Tiêu đề - Thêm chi tiết
2018-03-12 21:03:54,830 - checkDiary -INFO - send Nội dung - Thêm chi tiết
2018-03-12 21:04:03,110 - checkDiary -INFO - touch button Đăng
2018-03-12 21:04:04,018 - checkDiary -INFO - take screen short and check toast message
2018-03-12 21:04:18,876 - run -INFO - End testcase 55
2018-03-12 21:04:18,876 - run -INFO - Start testcase 56
2018-03-12 21:04:18,877 - checkDiary -INFO - touch +
2018-03-12 21:04:19,696 - checkDiary -INFO - touch chọn quyền
2018-03-12 21:04:21,210 - checkDiary -INFO - touch Thành viên chuyến đi
2018-03-12 21:04:23,053 - checkDiary -INFO - send Tiêu đề
2018-03-12 21:04:33,718 - checkDiary -INFO - send Nội dung
2018-03-12 21:04:43,137 - checkDiary -INFO - Thêm ảnh
2018-03-12 21:04:43,138 - checkDiary -INFO - touch button Thêm ảnh
2018-03-12 21:04:44,330 - checkDiary -INFO - chọn album
2018-03-12 21:04:45,820 - checkDiary -INFO - chọn 3 ảnh - dòng 2
2018-03-12 21:04:51,512 - checkDiary -INFO - touch button Done
2018-03-12 21:04:57,818 - checkDiary -INFO - touch button Thêm chi tiết
2018-03-12 21:05:02,030 - checkDiary -INFO - send Ngày - Thêm chi tiết
2018-03-12 21:05:07,343 - checkDiary -INFO - send Tiêu đề - Thêm chi tiết
2018-03-12 21:05:13,558 - checkDiary -INFO - send Nội dung - Thêm chi tiết
2018-03-12 21:05:21,560 - checkDiary -INFO - touch button Đăng
2018-03-12 21:05:22,092 - run -ERROR - An element could not be located on the page using the given search parameters. (WARNING: The server did not provide any stacktrace information)
Command duration or timeout: 518 milliseconds
For documentation on this error, please visit: http://seleniumhq.org/exceptions/no_such_element.html
Build info: version: 'unknown', revision: 'unknown', time: 'unknown'
System info: host: 'TRANGTHU292', ip: '192.168.11.109', os.name: 'Windows 10', os.arch: 'amd64', os.version: '10.0', java.version: '1.8.0_151'
Driver info: io.appium.java_client.android.AndroidDriver
Capabilities [{appPackage=studio.crazybt.adventure, deviceScreenSize=720x1280, networkConnectionEnabled=true, noReset=true, warnings={}, databaseEnabled=false, version=, deviceName=4653bc57, fullReset=false, platform=ANDROID, deviceUDID=4653bc57, appActivity=studio.crazybt.adventure.activities.SplashActivity, desired={appPackage=studio.crazybt.adventure, appActivity=studio.crazybt.adventure.activities.SplashActivity, noReset=true, platformVersion=4.4.2, browserName=android, unicodeKeyboard=true, platformName=Android, version=, deviceName=4653bc57, fullReset=false, platform=ANDROID}, platformVersion=4.4.2, webStorageEnabled=false, locationContextEnabled=false, takesScreenshot=true, browserName=android, javascriptEnabled=true, deviceModel=SM-G7102, unicodeKeyboard=true, platformName=Android, deviceManufacturer=samsung}]
Session ID: 758c34b9-77b9-4c30-98bd-afa41506294d
*** Element info: {Using=id, value=studio.crazybt.adventure:id/itemPost}
2018-03-12 21:05:22,093 - run -INFO - End testcase 56
2018-03-12 21:05:22,093 - run -INFO - Start testcase 57
2018-03-12 21:05:22,093 - checkDiary -INFO - touch +
2018-03-12 21:05:22,866 - run -ERROR - An element could not be located on the page using the given search parameters. (WARNING: The server did not provide any stacktrace information)
Command duration or timeout: 771 milliseconds
For documentation on this error, please visit: http://seleniumhq.org/exceptions/no_such_element.html
Build info: version: 'unknown', revision: 'unknown', time: 'unknown'
System info: host: 'TRANGTHU292', ip: '192.168.11.109', os.name: 'Windows 10', os.arch: 'amd64', os.version: '10.0', java.version: '1.8.0_151'
Driver info: io.appium.java_client.android.AndroidDriver
Capabilities [{appPackage=studio.crazybt.adventure, deviceScreenSize=720x1280, networkConnectionEnabled=true, noReset=true, warnings={}, databaseEnabled=false, version=, deviceName=4653bc57, fullReset=false, platform=ANDROID, deviceUDID=4653bc57, appActivity=studio.crazybt.adventure.activities.SplashActivity, desired={appPackage=studio.crazybt.adventure, appActivity=studio.crazybt.adventure.activities.SplashActivity, noReset=true, platformVersion=4.4.2, browserName=android, unicodeKeyboard=true, platformName=Android, version=, deviceName=4653bc57, fullReset=false, platform=ANDROID}, platformVersion=4.4.2, webStorageEnabled=false, locationContextEnabled=false, takesScreenshot=true, browserName=android, javascriptEnabled=true, deviceModel=SM-G7102, unicodeKeyboard=true, platformName=Android, deviceManufacturer=samsung}]
Session ID: 758c34b9-77b9-4c30-98bd-afa41506294d
*** Element info: {Using=id, value=studio.crazybt.adventure:id/fabCreateDiaryTrip}
2018-03-12 21:05:22,866 - run -INFO - End testcase 57
2018-03-12 21:05:22,866 - run -INFO - Start testcase 58
2018-03-12 21:05:22,867 - run -INFO - End testcase 58
2018-03-12 21:05:22,867 - run -INFO - Start testcase 59
2018-03-12 21:05:22,868 - run -INFO - End testcase 59
2018-03-12 21:05:22,868 - run -INFO - Start testcase 60
2018-03-12 21:05:22,868 - checkDiaryView -INFO - Người tạo nhật ký trong chuyến đi với cả 3 quyền -trang thư- xem nhật ký
2018-03-12 21:05:22,919 - run -ERROR - An element could not be located on the page using the given search parameters. (WARNING: The server did not provide any stacktrace information)
Command duration or timeout: 50 milliseconds
For documentation on this error, please visit: http://seleniumhq.org/exceptions/no_such_element.html
Build info: version: 'unknown', revision: 'unknown', time: 'unknown'
System info: host: 'TRANGTHU292', ip: '192.168.11.109', os.name: 'Windows 10', os.arch: 'amd64', os.version: '10.0', java.version: '1.8.0_151'
Driver info: io.appium.java_client.android.AndroidDriver
Capabilities [{appPackage=studio.crazybt.adventure, deviceScreenSize=720x1280, networkConnectionEnabled=true, noReset=true, warnings={}, databaseEnabled=false, version=, deviceName=4653bc57, fullReset=false, platform=ANDROID, deviceUDID=4653bc57, appActivity=studio.crazybt.adventure.activities.SplashActivity, desired={appPackage=studio.crazybt.adventure, appActivity=studio.crazybt.adventure.activities.SplashActivity, noReset=true, platformVersion=4.4.2, browserName=android, unicodeKeyboard=true, platformName=Android, version=, deviceName=4653bc57, fullReset=false, platform=ANDROID}, platformVersion=4.4.2, webStorageEnabled=false, locationContextEnabled=false, takesScreenshot=true, browserName=android, javascriptEnabled=true, deviceModel=SM-G7102, unicodeKeyboard=true, platformName=Android, deviceManufacturer=samsung}]
Session ID: 758c34b9-77b9-4c30-98bd-afa41506294d
*** Element info: {Using=id, value=studio.crazybt.adventure:id/rvDiaryTripShortcut}
2018-03-12 21:05:22,919 - run -INFO - End testcase 60
2018-03-12 21:05:22,919 - run -INFO - Start testcase 61
2018-03-12 21:05:22,920 - run -INFO - End testcase 61
2018-03-12 21:05:22,920 - run -INFO - Start testcase 62
2018-03-12 21:05:22,921 - run -INFO - End testcase 62
2018-03-12 21:05:22,921 - run -INFO - Start testcase 63
2018-03-12 21:05:22,922 - run -INFO - End testcase 63
2018-03-12 21:05:22,922 - run -INFO - Start testcase 64
2018-03-12 21:05:22,923 - Logout -INFO - touch menu
2018-03-12 21:05:22,956 - run -ERROR - An element could not be located on the page using the given search parameters. (WARNING: The server did not provide any stacktrace information)
Command duration or timeout: 32 milliseconds
For documentation on this error, please visit: http://seleniumhq.org/exceptions/no_such_element.html
Build info: version: 'unknown', revision: 'unknown', time: 'unknown'
System info: host: 'TRANGTHU292', ip: '192.168.11.109', os.name: 'Windows 10', os.arch: 'amd64', os.version: '10.0', java.version: '1.8.0_151'
Driver info: io.appium.java_client.android.AndroidDriver
Capabilities [{appPackage=studio.crazybt.adventure, deviceScreenSize=720x1280, networkConnectionEnabled=true, noReset=true, warnings={}, databaseEnabled=false, version=, deviceName=4653bc57, fullReset=false, platform=ANDROID, deviceUDID=4653bc57, appActivity=studio.crazybt.adventure.activities.SplashActivity, desired={appPackage=studio.crazybt.adventure, appActivity=studio.crazybt.adventure.activities.SplashActivity, noReset=true, platformVersion=4.4.2, browserName=android, unicodeKeyboard=true, platformName=Android, version=, deviceName=4653bc57, fullReset=false, platform=ANDROID}, platformVersion=4.4.2, webStorageEnabled=false, locationContextEnabled=false, takesScreenshot=true, browserName=android, javascriptEnabled=true, deviceModel=SM-G7102, unicodeKeyboard=true, platformName=Android, deviceManufacturer=samsung}]
Session ID: 758c34b9-77b9-4c30-98bd-afa41506294d
*** Element info: {Using=id, value=studio.crazybt.adventure:id/tbHomePage}
2018-03-12 21:05:22,956 - run -INFO - End testcase 64
2018-03-12 21:05:22,956 - run -INFO - Start testcase 65
2018-03-12 21:05:22,957 - Logout -INFO - touch menu
2018-03-12 21:05:23,008 - run -ERROR - An element could not be located on the page using the given search parameters. (WARNING: The server did not provide any stacktrace information)
Command duration or timeout: 50 milliseconds
For documentation on this error, please visit: http://seleniumhq.org/exceptions/no_such_element.html
Build info: version: 'unknown', revision: 'unknown', time: 'unknown'
System info: host: 'TRANGTHU292', ip: '192.168.11.109', os.name: 'Windows 10', os.arch: 'amd64', os.version: '10.0', java.version: '1.8.0_151'
Driver info: io.appium.java_client.android.AndroidDriver
Capabilities [{appPackage=studio.crazybt.adventure, deviceScreenSize=720x1280, networkConnectionEnabled=true, noReset=true, warnings={}, databaseEnabled=false, version=, deviceName=4653bc57, fullReset=false, platform=ANDROID, deviceUDID=4653bc57, appActivity=studio.crazybt.adventure.activities.SplashActivity, desired={appPackage=studio.crazybt.adventure, appActivity=studio.crazybt.adventure.activities.SplashActivity, noReset=true, platformVersion=4.4.2, browserName=android, unicodeKeyboard=true, platformName=Android, version=, deviceName=4653bc57, fullReset=false, platform=ANDROID}, platformVersion=4.4.2, webStorageEnabled=false, locationContextEnabled=false, takesScreenshot=true, browserName=android, javascriptEnabled=true, deviceModel=SM-G7102, unicodeKeyboard=true, platformName=Android, deviceManufacturer=samsung}]
Session ID: 758c34b9-77b9-4c30-98bd-afa41506294d
*** Element info: {Using=id, value=studio.crazybt.adventure:id/tbHomePage}
2018-03-12 21:05:23,009 - run -INFO - End testcase 65
2018-03-12 21:05:23,009 - run -INFO - Start testcase 66
2018-03-12 21:05:23,010 - Logout -INFO - touch menu
2018-03-12 21:05:23,331 - run -ERROR - An element could not be located on the page using the given search parameters. (WARNING: The server did not provide any stacktrace information)
Command duration or timeout: 320 milliseconds
For documentation on this error, please visit: http://seleniumhq.org/exceptions/no_such_element.html
Build info: version: 'unknown', revision: 'unknown', time: 'unknown'
System info: host: 'TRANGTHU292', ip: '192.168.11.109', os.name: 'Windows 10', os.arch: 'amd64', os.version: '10.0', java.version: '1.8.0_151'
Driver info: io.appium.java_client.android.AndroidDriver
Capabilities [{appPackage=studio.crazybt.adventure, deviceScreenSize=720x1280, networkConnectionEnabled=true, noReset=true, warnings={}, databaseEnabled=false, version=, deviceName=4653bc57, fullReset=false, platform=ANDROID, deviceUDID=4653bc57, appActivity=studio.crazybt.adventure.activities.SplashActivity, desired={appPackage=studio.crazybt.adventure, appActivity=studio.crazybt.adventure.activities.SplashActivity, noReset=true, platformVersion=4.4.2, browserName=android, unicodeKeyboard=true, platformName=Android, version=, deviceName=4653bc57, fullReset=false, platform=ANDROID}, platformVersion=4.4.2, webStorageEnabled=false, locationContextEnabled=false, takesScreenshot=true, browserName=android, javascriptEnabled=true, deviceModel=SM-G7102, unicodeKeyboard=true, platformName=Android, deviceManufacturer=samsung}]
Session ID: 758c34b9-77b9-4c30-98bd-afa41506294d
*** Element info: {Using=id, value=studio.crazybt.adventure:id/tbHomePage}
2018-03-12 21:05:23,332 - run -INFO - End testcase 66
2018-03-12 21:05:23,332 - run -INFO - Start testcase 67
2018-03-12 21:05:23,332 - Logout -INFO - touch menu
2018-03-12 21:05:23,382 - run -ERROR - An element could not be located on the page using the given search parameters. (WARNING: The server did not provide any stacktrace information)
Command duration or timeout: 49 milliseconds
For documentation on this error, please visit: http://seleniumhq.org/exceptions/no_such_element.html
Build info: version: 'unknown', revision: 'unknown', time: 'unknown'
System info: host: 'TRANGTHU292', ip: '192.168.11.109', os.name: 'Windows 10', os.arch: 'amd64', os.version: '10.0', java.version: '1.8.0_151'
Driver info: io.appium.java_client.android.AndroidDriver
Capabilities [{appPackage=studio.crazybt.adventure, deviceScreenSize=720x1280, networkConnectionEnabled=true, noReset=true, warnings={}, databaseEnabled=false, version=, deviceName=4653bc57, fullReset=false, platform=ANDROID, deviceUDID=4653bc57, appActivity=studio.crazybt.adventure.activities.SplashActivity, desired={appPackage=studio.crazybt.adventure, appActivity=studio.crazybt.adventure.activities.SplashActivity, noReset=true, platformVersion=4.4.2, browserName=android, unicodeKeyboard=true, platformName=Android, version=, deviceName=4653bc57, fullReset=false, platform=ANDROID}, platformVersion=4.4.2, webStorageEnabled=false, locationContextEnabled=false, takesScreenshot=true, browserName=android, javascriptEnabled=true, deviceModel=SM-G7102, unicodeKeyboard=true, platformName=Android, deviceManufacturer=samsung}]
Session ID: 758c34b9-77b9-4c30-98bd-afa41506294d
*** Element info: {Using=id, value=studio.crazybt.adventure:id/tbHomePage}
2018-03-12 21:05:23,382 - run -INFO - End testcase 67
2018-03-12 21:05:23,383 - run -INFO - Start testcase 68
2018-03-12 21:05:23,383 - Logout -INFO - touch menu
2018-03-12 21:05:23,427 - run -ERROR - An element could not be located on the page using the given search parameters. (WARNING: The server did not provide any stacktrace information)
Command duration or timeout: 42 milliseconds
For documentation on this error, please visit: http://seleniumhq.org/exceptions/no_such_element.html
Build info: version: 'unknown', revision: 'unknown', time: 'unknown'
System info: host: 'TRANGTHU292', ip: '192.168.11.109', os.name: 'Windows 10', os.arch: 'amd64', os.version: '10.0', java.version: '1.8.0_151'
Driver info: io.appium.java_client.android.AndroidDriver
Capabilities [{appPackage=studio.crazybt.adventure, deviceScreenSize=720x1280, networkConnectionEnabled=true, noReset=true, warnings={}, databaseEnabled=false, version=, deviceName=4653bc57, fullReset=false, platform=ANDROID, deviceUDID=4653bc57, appActivity=studio.crazybt.adventure.activities.SplashActivity, desired={appPackage=studio.crazybt.adventure, appActivity=studio.crazybt.adventure.activities.SplashActivity, noReset=true, platformVersion=4.4.2, browserName=android, unicodeKeyboard=true, platformName=Android, version=, deviceName=4653bc57, fullReset=false, platform=ANDROID}, platformVersion=4.4.2, webStorageEnabled=false, locationContextEnabled=false, takesScreenshot=true, browserName=android, javascriptEnabled=true, deviceModel=SM-G7102, unicodeKeyboard=true, platformName=Android, deviceManufacturer=samsung}]
Session ID: 758c34b9-77b9-4c30-98bd-afa41506294d
*** Element info: {Using=id, value=studio.crazybt.adventure:id/tbHomePage}
2018-03-12 21:05:23,427 - run -INFO - End testcase 68
2018-03-12 21:05:23,427 - run -INFO - Start testcase 69
2018-03-12 21:05:23,428 - Logout -INFO - touch menu
2018-03-12 21:05:23,461 - run -ERROR - An element could not be located on the page using the given search parameters. (WARNING: The server did not provide any stacktrace information)
Command duration or timeout: 32 milliseconds
For documentation on this error, please visit: http://seleniumhq.org/exceptions/no_such_element.html
Build info: version: 'unknown', revision: 'unknown', time: 'unknown'
System info: host: 'TRANGTHU292', ip: '192.168.11.109', os.name: 'Windows 10', os.arch: 'amd64', os.version: '10.0', java.version: '1.8.0_151'
Driver info: io.appium.java_client.android.AndroidDriver
Capabilities [{appPackage=studio.crazybt.adventure, deviceScreenSize=720x1280, networkConnectionEnabled=true, noReset=true, warnings={}, databaseEnabled=false, version=, deviceName=4653bc57, fullReset=false, platform=ANDROID, deviceUDID=4653bc57, appActivity=studio.crazybt.adventure.activities.SplashActivity, desired={appPackage=studio.crazybt.adventure, appActivity=studio.crazybt.adventure.activities.SplashActivity, noReset=true, platformVersion=4.4.2, browserName=android, unicodeKeyboard=true, platformName=Android, version=, deviceName=4653bc57, fullReset=false, platform=ANDROID}, platformVersion=4.4.2, webStorageEnabled=false, locationContextEnabled=false, takesScreenshot=true, browserName=android, javascriptEnabled=true, deviceModel=SM-G7102, unicodeKeyboard=true, platformName=Android, deviceManufacturer=samsung}]
Session ID: 758c34b9-77b9-4c30-98bd-afa41506294d
*** Element info: {Using=id, value=studio.crazybt.adventure:id/tbHomePage}
2018-03-12 21:05:23,461 - run -INFO - End testcase 69
2018-03-12 21:05:23,484 - end -INFO - Tong thoi gian chay: 189s ~ 3p9s
2018-03-12 21:05:23,484 - end -INFO - Tong time nghi: 0s ~ 0p0s
