2018-03-12 22:15:53,432 - open -INFO - Start test at 2018/03/12 22:15:53
2018-03-12 22:15:53,435 - open -INFO - Setup to connect devices
2018-03-12 22:16:24,939 - open -INFO - Done setup to connect devices
2018-03-12 22:16:24,944 - open -INFO - Connect database
2018-03-12 22:16:24,945 - open -INFO - Connect database success
2018-03-12 22:16:25,844 - run -INFO - Start testcase 1
2018-03-12 22:16:25,848 - run -INFO - End testcase 1
2018-03-12 22:16:25,848 - run -INFO - Start testcase 2
2018-03-12 22:16:25,850 - run -INFO - End testcase 2
2018-03-12 22:16:25,851 - run -INFO - Start testcase 3
2018-03-12 22:16:25,853 - run -INFO - End testcase 3
2018-03-12 22:16:25,854 - run -INFO - Start testcase 4
2018-03-12 22:16:25,856 - run -INFO - End testcase 4
2018-03-12 22:16:25,856 - run -INFO - Start testcase 5
2018-03-12 22:16:25,861 - run -INFO - End testcase 5
2018-03-12 22:16:25,862 - run -INFO - Start testcase 6
2018-03-12 22:16:25,867 - run -INFO - End testcase 6
2018-03-12 22:16:25,868 - run -INFO - Start testcase 7
2018-03-12 22:16:25,869 - run -INFO - End testcase 7
2018-03-12 22:16:25,870 - run -INFO - Start testcase 8
2018-03-12 22:16:25,871 - run -INFO - End testcase 8
2018-03-12 22:16:25,871 - run -INFO - Start testcase 9
2018-03-12 22:16:25,873 - run -INFO - End testcase 9
2018-03-12 22:16:25,873 - run -INFO - Start testcase 10
2018-03-12 22:16:25,874 - run -INFO - End testcase 10
2018-03-12 22:16:25,874 - run -INFO - Start testcase 11
2018-03-12 22:16:25,877 - run -INFO - End testcase 11
2018-03-12 22:16:25,878 - run -INFO - Start testcase 12
2018-03-12 22:16:25,881 - run -INFO - End testcase 12
2018-03-12 22:16:25,882 - run -INFO - Start testcase 13
2018-03-12 22:16:25,884 - run -INFO - End testcase 13
2018-03-12 22:16:25,885 - run -INFO - Start testcase 14
2018-03-12 22:16:25,886 - run -INFO - End testcase 14
2018-03-12 22:16:25,887 - run -INFO - Start testcase 15
2018-03-12 22:16:25,889 - run -INFO - End testcase 15
2018-03-12 22:16:25,890 - run -INFO - Start testcase 16
2018-03-12 22:16:25,891 - run -INFO - End testcase 16
2018-03-12 22:16:25,891 - run -INFO - Start testcase 17
2018-03-12 22:16:25,893 - run -INFO - End testcase 17
2018-03-12 22:16:25,893 - run -INFO - Start testcase 18
2018-03-12 22:16:25,894 - run -INFO - End testcase 18
2018-03-12 22:16:25,894 - run -INFO - Start testcase 19
2018-03-12 22:16:25,895 - run -INFO - End testcase 19
2018-03-12 22:16:25,896 - run -INFO - Start testcase 20
2018-03-12 22:16:25,897 - run -INFO - End testcase 20
2018-03-12 22:16:25,898 - run -INFO - Start testcase 21
2018-03-12 22:16:25,903 - run -INFO - End testcase 21
2018-03-12 22:16:25,904 - run -INFO - Start testcase 22
2018-03-12 22:16:25,905 - run -INFO - End testcase 22
2018-03-12 22:16:25,906 - run -INFO - Start testcase 23
2018-03-12 22:16:25,907 - run -INFO - End testcase 23
2018-03-12 22:16:25,908 - run -INFO - Start testcase 24
2018-03-12 22:16:25,909 - run -INFO - End testcase 24
2018-03-12 22:16:25,909 - run -INFO - Start testcase 25
2018-03-12 22:16:25,910 - run -INFO - End testcase 25
2018-03-12 22:16:25,911 - run -INFO - Start testcase 26
2018-03-12 22:16:25,912 - run -INFO - End testcase 26
2018-03-12 22:16:25,912 - run -INFO - Start testcase 27
2018-03-12 22:16:25,913 - run -INFO - End testcase 27
2018-03-12 22:16:25,913 - run -INFO - Start testcase 28
2018-03-12 22:16:25,918 - run -INFO - End testcase 28
2018-03-12 22:16:25,919 - run -INFO - Start testcase 29
2018-03-12 22:16:25,923 - run -INFO - End testcase 29
2018-03-12 22:16:25,924 - run -INFO - Start testcase 30
2018-03-12 22:16:25,925 - run -INFO - End testcase 30
2018-03-12 22:16:25,926 - run -INFO - Start testcase 31
2018-03-12 22:16:25,929 - run -INFO - End testcase 31
2018-03-12 22:16:25,929 - run -INFO - Start testcase 32
2018-03-12 22:16:25,930 - run -INFO - End testcase 32
2018-03-12 22:16:25,930 - run -INFO - Start testcase 33
2018-03-12 22:16:25,934 - run -INFO - End testcase 33
2018-03-12 22:16:25,934 - run -INFO - Start testcase 34
2018-03-12 22:16:25,937 - run -INFO - End testcase 34
2018-03-12 22:16:25,937 - run -INFO - Start testcase 35
2018-03-12 22:16:25,940 - run -INFO - End testcase 35
2018-03-12 22:16:25,941 - run -INFO - Start testcase 36
2018-03-12 22:16:25,941 - run -INFO - End testcase 36
2018-03-12 22:16:25,942 - run -INFO - Start testcase 37
2018-03-12 22:16:25,942 - run -INFO - End testcase 37
2018-03-12 22:16:25,943 - run -INFO - Start testcase 38
2018-03-12 22:16:25,943 - run -INFO - End testcase 38
2018-03-12 22:16:25,944 - run -INFO - Start testcase 39
2018-03-12 22:16:25,946 - run -INFO - End testcase 39
2018-03-12 22:16:25,948 - run -INFO - Start testcase 40
2018-03-12 22:16:25,953 - run -INFO - End testcase 40
2018-03-12 22:16:25,953 - run -INFO - Start testcase 41
2018-03-12 22:16:25,956 - run -INFO - End testcase 41
2018-03-12 22:16:25,957 - run -INFO - Start testcase 42
2018-03-12 22:16:25,958 - run -INFO - End testcase 42
2018-03-12 22:16:25,959 - run -INFO - Start testcase 43
2018-03-12 22:16:25,961 - run -INFO - End testcase 43
2018-03-12 22:16:25,963 - run -INFO - Start testcase 44
2018-03-12 22:16:25,969 - run -INFO - End testcase 44
2018-03-12 22:16:25,969 - run -INFO - Start testcase 45
2018-03-12 22:16:25,970 - run -INFO - End testcase 45
2018-03-12 22:16:25,970 - run -INFO - Start testcase 46
2018-03-12 22:16:25,971 - run -INFO - End testcase 46
2018-03-12 22:16:25,971 - run -INFO - Start testcase 47
2018-03-12 22:16:25,972 - run -INFO - End testcase 47
2018-03-12 22:16:25,972 - run -INFO - Start testcase 48
2018-03-12 22:16:25,973 - run -INFO - End testcase 48
2018-03-12 22:16:25,973 - run -INFO - Start testcase 49
2018-03-12 22:16:25,973 - run -INFO - End testcase 49
2018-03-12 22:16:25,974 - run -INFO - Start testcase 50
2018-03-12 22:16:25,974 - run -INFO - End testcase 50
2018-03-12 22:16:25,974 - run -INFO - Start testcase 51
2018-03-12 22:16:25,975 - run -INFO - End testcase 51
2018-03-12 22:16:25,975 - run -INFO - Start testcase 52
2018-03-12 22:16:25,977 - run -INFO - End testcase 52
2018-03-12 22:16:25,978 - run -INFO - Start testcase 53
2018-03-12 22:16:25,980 - run -INFO - End testcase 53
2018-03-12 22:16:25,980 - run -INFO - Start testcase 54
2018-03-12 22:16:25,981 - run -INFO - End testcase 54
2018-03-12 22:16:26,013 - end -INFO - Tong thoi gian chay: 32s ~ 0p32s
2018-03-12 22:16:26,014 - end -INFO - Tong time nghi: 0s ~ 0p0s
