2018-02-05 21:41:08,813 - open -INFO - Start test at 2018/02/05 21:41:08
2018-02-05 21:41:08,816 - open -INFO - Setup to connect devices
2018-02-05 21:41:39,143 - open -INFO - Done setup to connect devices
2018-02-05 21:41:39,143 - open -INFO - Connect database
2018-02-05 21:41:39,143 - open -INFO - Connect database success
2018-02-05 21:41:39,521 - run -INFO - Start testcase 1
2018-02-05 21:41:39,560 - run -INFO - End testcase 1
2018-02-05 21:41:39,561 - run -INFO - Start testcase 2
2018-02-05 21:41:39,602 - run -INFO - End testcase 2
2018-02-05 21:41:39,603 - run -INFO - Start testcase 3
2018-02-05 21:41:39,637 - run -INFO - End testcase 3
2018-02-05 21:41:39,637 - run -INFO - Start testcase 4
2018-02-05 21:41:39,675 - run -INFO - End testcase 4
2018-02-05 21:41:39,675 - run -INFO - Start testcase 5
2018-02-05 21:41:39,701 - run -INFO - End testcase 5
2018-02-05 21:41:39,701 - run -INFO - Start testcase 6
2018-02-05 21:41:39,725 - run -INFO - End testcase 6
2018-02-05 21:41:39,726 - run -INFO - Start testcase 7
2018-02-05 21:41:39,754 - run -INFO - End testcase 7
2018-02-05 21:41:39,754 - run -INFO - Start testcase 8
2018-02-05 21:41:39,779 - run -INFO - End testcase 8
2018-02-05 21:41:39,779 - run -INFO - Start testcase 9
2018-02-05 21:41:39,813 - run -INFO - End testcase 9
2018-02-05 21:41:39,813 - run -INFO - Start testcase 10
2018-02-05 21:41:39,842 - run -INFO - End testcase 10
2018-02-05 21:41:39,842 - run -INFO - Start testcase 11
2018-02-05 21:41:39,888 - run -INFO - End testcase 11
2018-02-05 21:41:39,888 - run -INFO - Start testcase 12
2018-02-05 21:41:39,913 - run -INFO - End testcase 12
2018-02-05 21:41:39,913 - run -INFO - Start testcase 13
2018-02-05 21:41:39,945 - run -INFO - End testcase 13
2018-02-05 21:41:39,945 - run -INFO - Start testcase 14
2018-02-05 21:41:39,975 - run -INFO - End testcase 14
2018-02-05 21:41:39,975 - run -INFO - Start testcase 15
2018-02-05 21:41:39,992 - run -INFO - End testcase 15
2018-02-05 21:41:39,992 - run -INFO - Start testcase 16
2018-02-05 21:41:40,007 - run -INFO - End testcase 16
2018-02-05 21:41:40,007 - run -INFO - Start testcase 17
2018-02-05 21:41:40,021 - run -INFO - End testcase 17
2018-02-05 21:41:40,021 - run -INFO - Start testcase 18
2018-02-05 21:41:40,038 - run -INFO - End testcase 18
2018-02-05 21:41:40,038 - run -INFO - Start testcase 19
2018-02-05 21:41:40,060 - run -INFO - End testcase 19
2018-02-05 21:41:40,060 - run -INFO - Start testcase 20
2018-02-05 21:41:40,079 - run -INFO - End testcase 20
2018-02-05 21:41:40,080 - run -INFO - Start testcase 21
2018-02-05 21:41:40,108 - run -INFO - End testcase 21
2018-02-05 21:41:40,108 - run -INFO - Start testcase 22
2018-02-05 21:41:40,126 - run -INFO - End testcase 22
2018-02-05 21:41:40,126 - run -INFO - Start testcase 23
2018-02-05 21:41:40,144 - run -INFO - End testcase 23
2018-02-05 21:41:40,145 - run -INFO - Start testcase 24
2018-02-05 21:41:40,163 - run -INFO - End testcase 24
2018-02-05 21:41:40,164 - run -INFO - Start testcase 25
2018-02-05 21:41:40,193 - run -INFO - End testcase 25
2018-02-05 21:41:40,194 - run -INFO - Start testcase 26
2018-02-05 21:41:40,215 - run -INFO - End testcase 26
2018-02-05 21:41:40,215 - run -INFO - Start testcase 27
2018-02-05 21:41:40,243 - run -INFO - End testcase 27
2018-02-05 21:41:40,243 - run -INFO - Start testcase 28
2018-02-05 21:41:40,266 - run -INFO - End testcase 28
2018-02-05 21:41:40,266 - run -INFO - Start testcase 29
2018-02-05 21:41:40,280 - run -INFO - End testcase 29
2018-02-05 21:41:40,280 - run -INFO - Start testcase 30
2018-02-05 21:41:40,294 - run -INFO - End testcase 30
2018-02-05 21:41:40,295 - run -INFO - Start testcase 31
2018-02-05 21:41:40,311 - run -INFO - End testcase 31
2018-02-05 21:41:40,312 - run -INFO - Start testcase 32
2018-02-05 21:41:40,336 - run -INFO - End testcase 32
2018-02-05 21:41:40,337 - run -INFO - Start testcase 33
2018-02-05 21:41:40,354 - run -INFO - End testcase 33
2018-02-05 21:41:40,354 - run -INFO - Start testcase 34
2018-02-05 21:41:40,367 - run -INFO - End testcase 34
2018-02-05 21:41:40,368 - run -INFO - Start testcase 35
2018-02-05 21:41:40,385 - run -INFO - End testcase 35
2018-02-05 21:41:40,385 - run -INFO - Start testcase 36
2018-02-05 21:41:40,400 - run -INFO - End testcase 36
2018-02-05 21:41:40,401 - run -INFO - Start testcase 37
2018-02-05 21:41:40,423 - run -INFO - End testcase 37
2018-02-05 21:41:40,423 - run -INFO - Start testcase 38
2018-02-05 21:41:40,441 - run -INFO - End testcase 38
2018-02-05 21:41:40,441 - run -INFO - Start testcase 39
2018-02-05 21:41:40,463 - run -INFO - End testcase 39
2018-02-05 21:41:40,464 - run -INFO - Start testcase 40
2018-02-05 21:41:40,489 - run -INFO - End testcase 40
2018-02-05 21:41:40,489 - run -INFO - Start testcase 41
2018-02-05 21:41:40,497 - joinAndInterested -INFO - check demo 1 yêu cầu tham gia va quan tâm
2018-02-05 21:41:40,497 - Logout -INFO - touch menu
2018-02-05 21:41:48,934 - joinAndInterested -INFO - Fail: demo 1 gửi yêu cầu tham gia và quan tâm không thành công
2018-02-05 21:41:53,916 - run -INFO - End testcase 41
2018-02-05 21:41:53,916 - run -INFO - Start testcase 42
2018-02-05 21:41:53,916 - joinAndInterested -INFO - check demo 2 yêu cầu tham gia va quan tâm
2018-02-05 21:41:53,917 - Logout -INFO - touch menu
2018-02-05 21:41:53,984 - joinAndInterested -INFO - Fail: demo 2 gửi yêu cầu tham gia và quan tâm không thành công
2018-02-05 21:41:58,483 - run -INFO - End testcase 42
2018-02-05 21:41:58,483 - run -INFO - Start testcase 43
2018-02-05 21:41:58,483 - joinAndInterested -INFO - check demo 3 yêu cầu tham gia va quan tâm
2018-02-05 21:41:58,484 - Logout -INFO - touch menu
2018-02-05 21:41:58,628 - joinAndInterested -INFO - Fail: demo 3 gửi yêu cầu tham gia và quan tâm không thành công
2018-02-05 21:42:02,686 - run -INFO - End testcase 43
2018-02-05 21:42:02,686 - run -INFO - Start testcase 44
2018-02-05 21:42:02,687 - joinAndInterested -INFO - demo 3 hủy yêu cầu tham gia va quan tâm
2018-02-05 21:42:02,687 - joinAndInterested -INFO - touch Hủy yêu cầu
2018-02-05 21:42:02,809 - joinAndInterested -INFO - Fail: demo 3 hủy yêu cầu tham gia va quan tâm không thành công
