2018-03-12 21:51:36,040 - open -INFO - Start test at 2018/03/12 21:51:36
2018-03-12 21:51:36,046 - open -INFO - Setup to connect devices
2018-03-12 21:52:05,182 - open -INFO - Done setup to connect devices
2018-03-12 21:52:05,183 - open -INFO - Connect database
2018-03-12 21:52:05,183 - open -INFO - Connect database success
2018-03-12 21:52:05,987 - run -INFO - Start testcase 1
2018-03-12 21:52:05,994 - run -INFO - End testcase 1
2018-03-12 21:52:05,996 - run -INFO - Start testcase 2
2018-03-12 21:52:06,001 - run -INFO - End testcase 2
2018-03-12 21:52:06,002 - run -INFO - Start testcase 3
2018-03-12 21:52:06,004 - run -INFO - End testcase 3
2018-03-12 21:52:06,005 - run -INFO - Start testcase 4
2018-03-12 21:52:06,007 - run -INFO - End testcase 4
2018-03-12 21:52:06,008 - run -INFO - Start testcase 5
2018-03-12 21:52:06,010 - run -INFO - End testcase 5
2018-03-12 21:52:06,010 - run -INFO - Start testcase 6
2018-03-12 21:52:06,015 - run -INFO - End testcase 6
2018-03-12 21:52:06,015 - run -INFO - Start testcase 7
2018-03-12 21:52:06,018 - run -INFO - End testcase 7
2018-03-12 21:52:06,018 - run -INFO - Start testcase 8
2018-03-12 21:52:06,021 - run -INFO - End testcase 8
2018-03-12 21:52:06,022 - run -INFO - Start testcase 9
2018-03-12 21:52:06,024 - run -INFO - End testcase 9
2018-03-12 21:52:06,024 - run -INFO - Start testcase 10
2018-03-12 21:52:06,026 - run -INFO - End testcase 10
2018-03-12 21:52:06,026 - run -INFO - Start testcase 11
2018-03-12 21:52:06,028 - run -INFO - End testcase 11
2018-03-12 21:52:06,028 - run -INFO - Start testcase 12
2018-03-12 21:52:06,030 - run -INFO - End testcase 12
2018-03-12 21:52:06,030 - run -INFO - Start testcase 13
2018-03-12 21:52:06,031 - run -INFO - End testcase 13
2018-03-12 21:52:06,031 - run -INFO - Start testcase 14
2018-03-12 21:52:06,034 - run -INFO - End testcase 14
2018-03-12 21:52:06,034 - run -INFO - Start testcase 15
2018-03-12 21:52:06,037 - run -INFO - End testcase 15
2018-03-12 21:52:06,037 - run -INFO - Start testcase 16
2018-03-12 21:52:06,038 - run -INFO - End testcase 16
2018-03-12 21:52:06,039 - run -INFO - Start testcase 17
2018-03-12 21:52:06,040 - run -INFO - End testcase 17
2018-03-12 21:52:06,041 - run -INFO - Start testcase 18
2018-03-12 21:52:06,042 - run -INFO - End testcase 18
2018-03-12 21:52:06,042 - run -INFO - Start testcase 19
2018-03-12 21:52:06,045 - run -INFO - End testcase 19
2018-03-12 21:52:06,046 - run -INFO - Start testcase 20
2018-03-12 21:52:06,048 - run -INFO - End testcase 20
2018-03-12 21:52:06,049 - run -INFO - Start testcase 21
2018-03-12 21:52:06,051 - run -INFO - End testcase 21
2018-03-12 21:52:06,051 - run -INFO - Start testcase 22
2018-03-12 21:52:06,053 - run -INFO - End testcase 22
2018-03-12 21:52:06,053 - run -INFO - Start testcase 23
2018-03-12 21:52:06,055 - run -INFO - End testcase 23
2018-03-12 21:52:06,056 - run -INFO - Start testcase 24
2018-03-12 21:52:06,057 - run -INFO - End testcase 24
2018-03-12 21:52:06,057 - run -INFO - Start testcase 25
2018-03-12 21:52:06,058 - run -INFO - End testcase 25
2018-03-12 21:52:06,059 - run -INFO - Start testcase 26
2018-03-12 21:52:06,060 - run -INFO - End testcase 26
2018-03-12 21:52:06,061 - run -INFO - Start testcase 27
2018-03-12 21:52:06,063 - run -INFO - End testcase 27
2018-03-12 21:52:06,063 - run -INFO - Start testcase 28
2018-03-12 21:52:06,065 - run -INFO - End testcase 28
2018-03-12 21:52:06,065 - run -INFO - Start testcase 29
2018-03-12 21:52:06,066 - run -INFO - End testcase 29
2018-03-12 21:52:06,066 - run -INFO - Start testcase 30
2018-03-12 21:52:06,067 - run -INFO - End testcase 30
2018-03-12 21:52:06,068 - run -INFO - Start testcase 31
2018-03-12 21:52:06,069 - run -INFO - End testcase 31
2018-03-12 21:52:06,070 - run -INFO - Start testcase 32
2018-03-12 21:52:06,072 - run -INFO - End testcase 32
2018-03-12 21:52:06,072 - run -INFO - Start testcase 33
2018-03-12 21:52:06,073 - run -INFO - End testcase 33
2018-03-12 21:52:06,074 - run -INFO - Start testcase 34
2018-03-12 21:52:06,075 - run -INFO - End testcase 34
2018-03-12 21:52:06,077 - run -INFO - Start testcase 35
2018-03-12 21:52:06,078 - run -INFO - End testcase 35
2018-03-12 21:52:06,079 - run -INFO - Start testcase 36
2018-03-12 21:52:06,080 - run -INFO - End testcase 36
2018-03-12 21:52:06,080 - run -INFO - Start testcase 37
2018-03-12 21:52:06,082 - run -INFO - End testcase 37
2018-03-12 21:52:06,083 - run -INFO - Start testcase 38
2018-03-12 21:52:06,084 - run -INFO - End testcase 38
2018-03-12 21:52:06,085 - run -INFO - Start testcase 39
2018-03-12 21:52:06,086 - run -INFO - End testcase 39
2018-03-12 21:52:06,086 - run -INFO - Start testcase 40
2018-03-12 21:52:06,088 - run -INFO - End testcase 40
2018-03-12 21:52:06,088 - run -INFO - Start testcase 41
2018-03-12 21:52:06,089 - run -INFO - End testcase 41
2018-03-12 21:52:06,089 - run -INFO - Start testcase 42
2018-03-12 21:52:06,090 - run -INFO - End testcase 42
2018-03-12 21:52:06,091 - run -INFO - Start testcase 43
2018-03-12 21:52:06,092 - run -INFO - End testcase 43
2018-03-12 21:52:06,092 - run -INFO - Start testcase 44
2018-03-12 21:52:06,093 - run -INFO - End testcase 44
2018-03-12 21:52:06,093 - run -INFO - Start testcase 45
2018-03-12 21:52:06,094 - run -INFO - End testcase 45
2018-03-12 21:52:06,094 - run -INFO - Start testcase 46
2018-03-12 21:52:06,095 - run -INFO - End testcase 46
2018-03-12 21:52:06,095 - run -INFO - Start testcase 47
2018-03-12 21:52:06,096 - run -INFO - End testcase 47
2018-03-12 21:52:06,096 - run -INFO - Start testcase 48
2018-03-12 21:52:06,097 - run -INFO - End testcase 48
2018-03-12 21:52:06,097 - run -INFO - Start testcase 49
2018-03-12 21:52:06,098 - run -INFO - End testcase 49
2018-03-12 21:52:06,098 - run -INFO - Start testcase 50
2018-03-12 21:52:06,099 - run -INFO - End testcase 50
2018-03-12 21:52:06,099 - run -INFO - Start testcase 51
2018-03-12 21:52:06,100 - run -INFO - End testcase 51
2018-03-12 21:52:06,112 - run -INFO - Start testcase 52
2018-03-12 21:52:06,113 - run -INFO - End testcase 52
2018-03-12 21:52:06,113 - run -INFO - Start testcase 53
2018-03-12 21:52:06,114 - run -INFO - End testcase 53
2018-03-12 21:52:06,114 - run -INFO - Start testcase 54
2018-03-12 21:52:06,115 - run -INFO - End testcase 54
2018-03-12 21:52:06,116 - run -INFO - Start testcase 55
2018-03-12 21:52:06,122 - checkDiary -INFO - touch tab Công khai
2018-03-12 21:52:10,818 - checkDiary -INFO - touch chuyen di
2018-03-12 21:52:12,405 - checkDiary -INFO - touch tab Nhật ký
2018-03-12 21:52:14,448 - checkDiary -INFO - touch +
2018-03-12 21:52:15,932 - checkDiary -INFO - touch chọn quyền
2018-03-12 21:52:17,643 - checkDiary -INFO - touch Công khai
2018-03-12 21:52:22,230 - checkDiary -INFO - send Tiêu đề
2018-03-12 21:52:30,516 - checkDiary -INFO - send Nội dung
2018-03-12 21:52:40,057 - checkDiary -INFO - Thêm ảnh
2018-03-12 21:52:40,057 - checkDiary -INFO - touch button Thêm ảnh
2018-03-12 21:52:41,018 - checkDiary -INFO - chọn album
2018-03-12 21:52:42,774 - checkDiary -INFO - chọn 3 ảnh - dòng 1
2018-03-12 21:52:49,202 - checkDiary -INFO - touch button Done
2018-03-12 21:52:55,151 - checkDiary -INFO - touch button Thêm chi tiết
2018-03-12 21:52:59,280 - checkDiary -INFO - send Ngày - Thêm chi tiết
2018-03-12 21:53:04,327 - checkDiary -INFO - send Tiêu đề - Thêm chi tiết
2018-03-12 21:53:10,597 - checkDiary -INFO - send Nội dung - Thêm chi tiết
2018-03-12 21:53:20,344 - checkDiary -INFO - touch button Đăng
2018-03-12 21:53:21,305 - checkDiary -INFO - take screen short and check toast message
2018-03-12 21:53:35,151 - run -INFO - End testcase 55
2018-03-12 21:53:35,151 - run -INFO - Start testcase 56
2018-03-12 21:53:35,152 - checkDiary -INFO - touch +
2018-03-12 21:53:35,872 - checkDiary -INFO - touch chọn quyền
2018-03-12 21:53:37,536 - checkDiary -INFO - touch Thành viên chuyến đi
2018-03-12 21:53:39,659 - checkDiary -INFO - send Tiêu đề
2018-03-12 21:53:47,351 - checkDiary -INFO - send Nội dung
2018-03-12 21:53:54,959 - checkDiary -INFO - Thêm ảnh
2018-03-12 21:53:54,960 - checkDiary -INFO - touch button Thêm ảnh
2018-03-12 21:53:56,039 - checkDiary -INFO - chọn album
2018-03-12 21:53:57,581 - checkDiary -INFO - chọn 3 ảnh - dòng 2
2018-03-12 21:54:03,665 - checkDiary -INFO - touch button Done
2018-03-12 21:54:10,163 - checkDiary -INFO - touch button Thêm chi tiết
2018-03-12 21:54:14,405 - checkDiary -INFO - send Ngày - Thêm chi tiết
2018-03-12 21:54:20,250 - checkDiary -INFO - send Tiêu đề - Thêm chi tiết
2018-03-12 21:54:27,114 - checkDiary -INFO - send Nội dung - Thêm chi tiết
2018-03-12 21:54:34,473 - checkDiary -INFO - touch button Đăng
2018-03-12 21:54:35,552 - checkDiary -INFO - take screen short and check toast message
2018-03-12 21:54:49,114 - run -INFO - End testcase 56
2018-03-12 21:54:49,115 - run -INFO - Start testcase 57
2018-03-12 21:54:49,115 - checkDiary -INFO - touch +
2018-03-12 21:54:49,897 - checkDiary -INFO - touch chọn quyền
2018-03-12 21:54:51,480 - checkDiary -INFO - touch Chỉ mình tôi
2018-03-12 21:54:53,261 - checkDiary -INFO - send Tiêu đề
2018-03-12 21:55:01,423 - checkDiary -INFO - send Nội dung
2018-03-12 21:55:08,043 - checkDiary -INFO - Thêm ảnh
2018-03-12 21:55:08,043 - checkDiary -INFO - touch button Thêm ảnh
2018-03-12 21:55:09,072 - checkDiary -INFO - chọn album
2018-03-12 21:55:10,563 - checkDiary -INFO - chọn 3 ảnh - dòng 3
2018-03-12 21:55:16,504 - checkDiary -INFO - touch button Done
2018-03-12 21:55:24,952 - checkDiary -INFO - touch button Thêm chi tiết
2018-03-12 21:55:29,052 - checkDiary -INFO - send Ngày - Thêm chi tiết
2018-03-12 21:55:34,667 - checkDiary -INFO - send Tiêu đề - Thêm chi tiết
2018-03-12 21:55:41,344 - checkDiary -INFO - send Nội dung - Thêm chi tiết
2018-03-12 21:55:54,381 - checkDiary -INFO - touch button Đăng
2018-03-12 21:55:55,407 - checkDiary -INFO - take screen short and check toast message
2018-03-12 21:56:13,988 - run -INFO - End testcase 57
2018-03-12 21:56:13,988 - run -INFO - Start testcase 58
2018-03-12 21:56:13,989 - run -INFO - End testcase 58
2018-03-12 21:56:13,990 - run -INFO - Start testcase 59
2018-03-12 21:56:13,993 - run -INFO - End testcase 59
2018-03-12 21:56:13,997 - run -INFO - Start testcase 60
2018-03-12 21:56:13,998 - run -INFO - End testcase 60
2018-03-12 21:56:13,999 - run -INFO - Start testcase 61
2018-03-12 21:56:14,000 - run -INFO - End testcase 61
2018-03-12 21:56:14,000 - run -INFO - Start testcase 62
2018-03-12 21:56:14,001 - run -INFO - End testcase 62
2018-03-12 21:56:14,001 - run -INFO - Start testcase 63
2018-03-12 21:56:14,002 - run -INFO - End testcase 63
2018-03-12 21:56:14,002 - run -INFO - Start testcase 64
2018-03-12 21:56:14,003 - run -INFO - End testcase 64
2018-03-12 21:56:14,003 - run -INFO - Start testcase 65
2018-03-12 21:56:14,004 - run -INFO - End testcase 65
2018-03-12 21:56:14,005 - run -INFO - Start testcase 66
2018-03-12 21:56:14,005 - run -INFO - End testcase 66
2018-03-12 21:56:14,005 - run -INFO - Start testcase 67
2018-03-12 21:56:14,006 - run -INFO - End testcase 67
2018-03-12 21:56:14,007 - run -INFO - Start testcase 68
2018-03-12 21:56:14,007 - run -INFO - End testcase 68
2018-03-12 21:56:14,008 - run -INFO - Start testcase 69
2018-03-12 21:56:14,008 - run -INFO - End testcase 69
2018-03-12 21:56:14,042 - end -INFO - Tong thoi gian chay: 277s ~ 4p37s
2018-03-12 21:56:14,042 - end -INFO - Tong time nghi: 0s ~ 0p0s
