2018-03-13 23:09:15,044 - open -INFO - Start test at 2018/03/13 23:09:15
2018-03-13 23:09:15,046 - open -INFO - Setup to connect devices
2018-03-13 23:10:00,489 - open -INFO - Done setup to connect devices
2018-03-13 23:10:00,489 - open -INFO - Connect database
2018-03-13 23:10:00,490 - open -INFO - Connect database success
2018-03-13 23:10:01,734 - run -INFO - Start testcase 1
2018-03-13 23:10:01,918 - creatTrips -INFO - Start creat trips
2018-03-13 23:10:01,919 - creatTrips -INFO - touch tab Ban tin
2018-03-13 23:10:04,912 - creatTrips -INFO - touch +
2018-03-13 23:10:05,080 - creatTrips -INFO - touch  tao chuyen di
2018-03-13 23:10:08,037 - creatTrips -INFO - touch quyen rieng tu
2018-03-13 23:10:08,599 - creatTrips -INFO - touch Cong khai
2018-03-13 23:10:10,253 - creatTrips -INFO - send Ten chuyen di
2018-03-13 23:10:27,069 - creatTrips -INFO - send Mieu ta
2018-03-13 23:10:42,351 - creatTrips -INFO - touch Ban do Diem bat dau
2018-03-13 23:10:46,030 - creatTrips -INFO - send Diem bat dau
2018-03-13 23:11:03,096 - creatTrips -INFO - touch diem bat dau
2018-03-13 23:11:05,095 - creatTrips -INFO - send Tom tat diem den
2018-03-13 23:11:15,360 - creatTrips -INFO - touch Ban do Diem den
2018-03-13 23:11:17,342 - creatTrips -INFO - send Diem den
2018-03-13 23:11:37,832 - creatTrips -INFO - touch diem den
2018-03-13 23:11:39,446 - creatTrips -INFO - send Ngay bat dau
2018-03-13 23:11:52,712 - creatTrips -INFO - send Ngay ket thuc
2018-03-13 23:12:03,040 - creatTrips -INFO - send Kinh phi
2018-03-13 23:12:12,328 - creatTrips -INFO - send So nguoi
2018-03-13 23:12:24,882 - creatTrips -INFO - send Phuong tien
2018-03-13 23:12:32,878 - creatTrips -INFO - touch button Them chi tiet
2018-03-13 23:12:33,905 - creatTrips -INFO - Ngay bat dau
2018-03-13 23:12:44,400 - creatTrips -INFO - Ngay ket thuc
2018-03-13 23:12:55,413 - creatTrips -INFO - send Tieu de
2018-03-13 23:13:08,998 - creatTrips -INFO - send Noi dung
2018-03-13 23:13:23,416 - creatTrips -INFO - send Chuan bi
2018-03-13 23:13:33,308 - creatTrips -INFO - send Luu y
2018-03-13 23:13:43,453 - creatTrips -INFO - touch button Dang
2018-03-13 23:13:44,639 - creatTrips -INFO - take screen short and check toast message
2018-03-13 23:14:00,495 - run -INFO - End testcase 1
2018-03-13 23:14:00,495 - run -INFO - End testcase 2
2018-03-13 23:14:00,496 - run -INFO - End testcase 3
2018-03-13 23:14:00,496 - run -INFO - End testcase 4
2018-03-13 23:14:00,496 - run -INFO - End testcase 5
2018-03-13 23:14:00,496 - run -INFO - End testcase 6
2018-03-13 23:14:00,497 - run -INFO - End testcase 7
2018-03-13 23:14:00,497 - run -INFO - End testcase 8
2018-03-13 23:14:00,497 - run -INFO - End testcase 9
2018-03-13 23:14:00,497 - run -INFO - End testcase 10
2018-03-13 23:14:00,498 - run -INFO - End testcase 11
2018-03-13 23:14:00,498 - run -INFO - End testcase 12
2018-03-13 23:14:00,498 - run -INFO - End testcase 13
2018-03-13 23:14:00,498 - run -INFO - End testcase 14
2018-03-13 23:14:00,498 - run -INFO - End testcase 15
2018-03-13 23:14:00,499 - run -INFO - End testcase 16
2018-03-13 23:14:00,499 - run -INFO - End testcase 17
2018-03-13 23:14:00,499 - run -INFO - End testcase 18
2018-03-13 23:14:00,500 - run -INFO - End testcase 19
2018-03-13 23:14:00,500 - run -INFO - End testcase 20
2018-03-13 23:14:00,500 - run -INFO - End testcase 21
2018-03-13 23:14:00,501 - run -INFO - End testcase 22
2018-03-13 23:14:00,501 - run -INFO - End testcase 23
2018-03-13 23:14:00,502 - run -INFO - End testcase 24
2018-03-13 23:14:00,502 - run -INFO - End testcase 25
2018-03-13 23:14:00,502 - run -INFO - End testcase 26
2018-03-13 23:14:00,503 - run -INFO - End testcase 27
2018-03-13 23:14:00,503 - run -INFO - End testcase 28
2018-03-13 23:14:00,503 - run -INFO - End testcase 29
2018-03-13 23:14:00,504 - run -INFO - End testcase 30
2018-03-13 23:14:00,504 - run -INFO - End testcase 31
2018-03-13 23:14:00,505 - run -INFO - End testcase 32
2018-03-13 23:14:00,505 - run -INFO - End testcase 33
2018-03-13 23:14:00,506 - run -INFO - End testcase 34
2018-03-13 23:14:00,506 - run -INFO - End testcase 35
2018-03-13 23:14:00,507 - run -INFO - End testcase 36
2018-03-13 23:14:00,507 - run -INFO - End testcase 37
2018-03-13 23:14:00,507 - run -INFO - End testcase 38
2018-03-13 23:14:00,508 - run -INFO - End testcase 39
2018-03-13 23:14:00,508 - run -INFO - End testcase 40
2018-03-13 23:14:00,508 - run -INFO - End testcase 41
2018-03-13 23:14:00,509 - run -INFO - End testcase 42
2018-03-13 23:14:00,509 - run -INFO - End testcase 43
2018-03-13 23:14:00,509 - run -INFO - End testcase 44
2018-03-13 23:14:00,509 - run -INFO - End testcase 45
2018-03-13 23:14:00,510 - run -INFO - End testcase 46
2018-03-13 23:14:00,510 - run -INFO - End testcase 47
2018-03-13 23:14:00,510 - run -INFO - End testcase 48
2018-03-13 23:14:00,510 - run -INFO - End testcase 49
2018-03-13 23:14:00,511 - run -INFO - End testcase 50
2018-03-13 23:14:00,511 - run -INFO - End testcase 51
2018-03-13 23:14:00,511 - run -INFO - End testcase 52
2018-03-13 23:14:00,511 - run -INFO - End testcase 53
2018-03-13 23:14:00,512 - run -INFO - End testcase 54
2018-03-13 23:14:00,512 - run -INFO - End testcase 55
2018-03-13 23:14:00,512 - run -INFO - End testcase 56
2018-03-13 23:14:00,513 - run -INFO - End testcase 57
2018-03-13 23:14:00,513 - run -INFO - End testcase 58
2018-03-13 23:14:00,514 - run -INFO - End testcase 59
2018-03-13 23:14:00,515 - run -INFO - End testcase 60
2018-03-13 23:14:00,515 - run -INFO - End testcase 61
2018-03-13 23:14:00,515 - run -INFO - End testcase 62
2018-03-13 23:14:00,517 - run -INFO - End testcase 63
2018-03-13 23:14:00,518 - run -INFO - End testcase 64
2018-03-13 23:14:00,518 - run -INFO - End testcase 65
2018-03-13 23:14:00,518 - run -INFO - End testcase 66
2018-03-13 23:14:00,519 - run -INFO - End testcase 67
2018-03-13 23:14:00,519 - run -INFO - End testcase 68
2018-03-13 23:14:00,519 - run -INFO - End testcase 69
2018-03-13 23:14:00,578 - end -INFO - Tong thoi gian chay: 285s ~ 4p45s
2018-03-13 23:14:00,578 - end -INFO - Tong time nghi: 12s ~ 0p12s
