2018-03-12 22:12:47,827 - open -INFO - Start test at 2018/03/12 22:12:47
2018-03-12 22:12:47,832 - open -INFO - Setup to connect devices
2018-03-12 22:13:17,578 - open -INFO - Done setup to connect devices
2018-03-12 22:13:17,579 - open -INFO - Connect database
2018-03-12 22:13:17,579 - open -INFO - Connect database success
2018-03-12 22:13:18,092 - run -INFO - Start testcase 1
2018-03-12 22:13:18,096 - run -INFO - End testcase 1
2018-03-12 22:13:18,097 - run -INFO - Start testcase 2
2018-03-12 22:13:18,099 - run -INFO - End testcase 2
2018-03-12 22:13:18,100 - run -INFO - Start testcase 3
2018-03-12 22:13:18,102 - run -INFO - End testcase 3
2018-03-12 22:13:18,103 - run -INFO - Start testcase 4
2018-03-12 22:13:18,128 - run -INFO - End testcase 4
2018-03-12 22:13:18,129 - run -INFO - Start testcase 5
2018-03-12 22:13:18,131 - run -INFO - End testcase 5
2018-03-12 22:13:18,132 - run -INFO - Start testcase 6
2018-03-12 22:13:18,135 - run -INFO - End testcase 6
2018-03-12 22:13:18,136 - run -INFO - Start testcase 7
2018-03-12 22:13:18,137 - run -INFO - End testcase 7
2018-03-12 22:13:18,138 - run -INFO - Start testcase 8
2018-03-12 22:13:18,139 - run -INFO - End testcase 8
2018-03-12 22:13:18,140 - run -INFO - Start testcase 9
2018-03-12 22:13:18,141 - run -INFO - End testcase 9
2018-03-12 22:13:18,142 - run -INFO - Start testcase 10
2018-03-12 22:13:18,145 - run -INFO - End testcase 10
2018-03-12 22:13:18,145 - run -INFO - Start testcase 11
2018-03-12 22:13:18,146 - run -INFO - End testcase 11
2018-03-12 22:13:18,146 - run -INFO - Start testcase 12
2018-03-12 22:13:18,151 - run -INFO - End testcase 12
2018-03-12 22:13:18,153 - run -INFO - Start testcase 13
2018-03-12 22:13:18,155 - run -INFO - End testcase 13
2018-03-12 22:13:18,156 - run -INFO - Start testcase 14
2018-03-12 22:13:18,161 - run -INFO - End testcase 14
2018-03-12 22:13:18,161 - run -INFO - Start testcase 15
2018-03-12 22:13:18,163 - run -INFO - End testcase 15
2018-03-12 22:13:18,163 - run -INFO - Start testcase 16
2018-03-12 22:13:18,166 - run -INFO - End testcase 16
2018-03-12 22:13:18,166 - run -INFO - Start testcase 17
2018-03-12 22:13:18,167 - run -INFO - End testcase 17
2018-03-12 22:13:18,168 - run -INFO - Start testcase 18
2018-03-12 22:13:18,169 - run -INFO - End testcase 18
2018-03-12 22:13:18,169 - run -INFO - Start testcase 19
2018-03-12 22:13:18,170 - run -INFO - End testcase 19
2018-03-12 22:13:18,171 - run -INFO - Start testcase 20
2018-03-12 22:13:18,171 - run -INFO - End testcase 20
2018-03-12 22:13:18,172 - run -INFO - Start testcase 21
2018-03-12 22:13:18,173 - run -INFO - End testcase 21
2018-03-12 22:13:18,173 - run -INFO - Start testcase 22
2018-03-12 22:13:18,175 - run -INFO - End testcase 22
2018-03-12 22:13:18,176 - run -INFO - Start testcase 23
2018-03-12 22:13:18,177 - run -INFO - End testcase 23
2018-03-12 22:13:18,177 - run -INFO - Start testcase 24
2018-03-12 22:13:18,178 - run -INFO - End testcase 24
2018-03-12 22:13:18,179 - run -INFO - Start testcase 25
2018-03-12 22:13:18,179 - run -INFO - End testcase 25
2018-03-12 22:13:18,180 - run -INFO - Start testcase 26
2018-03-12 22:13:18,180 - run -INFO - End testcase 26
2018-03-12 22:13:18,181 - run -INFO - Start testcase 27
2018-03-12 22:13:18,182 - run -INFO - End testcase 27
2018-03-12 22:13:18,182 - run -INFO - Start testcase 28
2018-03-12 22:13:18,186 - run -INFO - End testcase 28
2018-03-12 22:13:18,186 - run -INFO - Start testcase 29
2018-03-12 22:13:18,187 - run -INFO - End testcase 29
2018-03-12 22:13:18,188 - run -INFO - Start testcase 30
2018-03-12 22:13:18,190 - run -INFO - End testcase 30
2018-03-12 22:13:18,191 - run -INFO - Start testcase 31
2018-03-12 22:13:18,192 - run -INFO - End testcase 31
2018-03-12 22:13:18,193 - run -INFO - Start testcase 32
2018-03-12 22:13:18,194 - run -INFO - End testcase 32
2018-03-12 22:13:18,194 - run -INFO - Start testcase 33
2018-03-12 22:13:18,195 - run -INFO - End testcase 33
2018-03-12 22:13:18,195 - run -INFO - Start testcase 34
2018-03-12 22:13:18,196 - run -INFO - End testcase 34
2018-03-12 22:13:18,196 - run -INFO - Start testcase 35
2018-03-12 22:13:18,197 - run -INFO - End testcase 35
2018-03-12 22:13:18,198 - run -INFO - Start testcase 36
2018-03-12 22:13:18,199 - run -INFO - End testcase 36
2018-03-12 22:13:18,200 - run -INFO - Start testcase 37
2018-03-12 22:13:18,200 - run -INFO - End testcase 37
2018-03-12 22:13:18,201 - run -INFO - Start testcase 38
2018-03-12 22:13:18,202 - run -INFO - End testcase 38
2018-03-12 22:13:18,202 - run -INFO - Start testcase 39
2018-03-12 22:13:18,203 - run -INFO - End testcase 39
2018-03-12 22:13:18,204 - run -INFO - Start testcase 40
2018-03-12 22:13:18,204 - run -INFO - End testcase 40
2018-03-12 22:13:18,205 - run -INFO - Start testcase 41
2018-03-12 22:13:18,206 - run -INFO - End testcase 41
2018-03-12 22:13:18,207 - run -INFO - Start testcase 42
2018-03-12 22:13:18,208 - run -INFO - End testcase 42
2018-03-12 22:13:18,209 - run -INFO - Start testcase 43
2018-03-12 22:13:18,209 - run -INFO - End testcase 43
2018-03-12 22:13:18,210 - run -INFO - Start testcase 44
2018-03-12 22:13:18,210 - run -INFO - End testcase 44
2018-03-12 22:13:18,210 - run -INFO - Start testcase 45
2018-03-12 22:13:18,211 - run -INFO - End testcase 45
2018-03-12 22:13:18,211 - run -INFO - Start testcase 46
2018-03-12 22:13:18,212 - run -INFO - End testcase 46
2018-03-12 22:13:18,212 - run -INFO - Start testcase 47
2018-03-12 22:13:18,213 - run -INFO - End testcase 47
2018-03-12 22:13:18,213 - run -INFO - Start testcase 48
2018-03-12 22:13:18,214 - run -INFO - End testcase 48
2018-03-12 22:13:18,215 - run -INFO - Start testcase 49
2018-03-12 22:13:18,217 - run -INFO - End testcase 49
2018-03-12 22:13:18,218 - run -INFO - Start testcase 50
2018-03-12 22:13:18,218 - run -INFO - End testcase 50
2018-03-12 22:13:18,219 - run -INFO - Start testcase 51
2018-03-12 22:13:18,221 - run -INFO - End testcase 51
2018-03-12 22:13:18,221 - run -INFO - Start testcase 52
2018-03-12 22:13:18,222 - run -INFO - End testcase 52
2018-03-12 22:13:18,230 - run -INFO - Start testcase 53
2018-03-12 22:13:18,232 - run -INFO - End testcase 53
2018-03-12 22:13:18,232 - run -INFO - Start testcase 54
2018-03-12 22:13:18,233 - run -INFO - End testcase 54
2018-03-12 22:13:18,262 - end -INFO - Tong thoi gian chay: 30s ~ 0p30s
2018-03-12 22:13:18,262 - end -INFO - Tong time nghi: 0s ~ 0p0s
