2018-03-13 23:34:17,768 - open -INFO - Start test at 2018/03/13 23:34:17
2018-03-13 23:34:17,771 - open -INFO - Setup to connect devices
2018-03-13 23:34:55,077 - open -INFO - Done setup to connect devices
2018-03-13 23:34:55,077 - open -INFO - Connect database
2018-03-13 23:34:55,078 - open -INFO - Connect database success
2018-03-13 23:34:56,107 - run -INFO - End testcase 1
2018-03-13 23:34:56,123 - run -INFO - End testcase 2
2018-03-13 23:34:56,123 - run -INFO - End testcase 3
2018-03-13 23:34:56,126 - run -INFO - End testcase 4
2018-03-13 23:34:56,127 - run -INFO - End testcase 5
2018-03-13 23:34:56,129 - run -INFO - End testcase 6
2018-03-13 23:34:56,129 - run -INFO - End testcase 7
2018-03-13 23:34:56,170 - run -INFO - End testcase 8
2018-03-13 23:34:56,171 - run -INFO - End testcase 9
2018-03-13 23:34:56,171 - run -INFO - End testcase 10
2018-03-13 23:34:56,172 - run -INFO - End testcase 11
2018-03-13 23:34:56,175 - run -INFO - End testcase 12
2018-03-13 23:34:56,176 - run -INFO - End testcase 13
2018-03-13 23:34:56,176 - run -INFO - End testcase 14
2018-03-13 23:34:56,177 - run -INFO - End testcase 15
2018-03-13 23:34:56,177 - run -INFO - End testcase 16
2018-03-13 23:34:56,178 - run -INFO - End testcase 17
2018-03-13 23:34:56,179 - run -INFO - End testcase 18
2018-03-13 23:34:56,179 - run -INFO - End testcase 19
2018-03-13 23:34:56,180 - run -INFO - End testcase 20
2018-03-13 23:34:56,181 - run -INFO - End testcase 21
2018-03-13 23:34:56,181 - run -INFO - End testcase 22
2018-03-13 23:34:56,182 - run -INFO - End testcase 23
2018-03-13 23:34:56,182 - run -INFO - End testcase 24
2018-03-13 23:34:56,182 - run -INFO - End testcase 25
2018-03-13 23:34:56,183 - run -INFO - End testcase 26
2018-03-13 23:34:56,184 - run -INFO - End testcase 27
2018-03-13 23:34:56,184 - run -INFO - End testcase 28
2018-03-13 23:34:56,185 - run -INFO - End testcase 29
2018-03-13 23:34:56,185 - run -INFO - End testcase 30
2018-03-13 23:34:56,186 - run -INFO - End testcase 31
2018-03-13 23:34:56,186 - run -INFO - End testcase 32
2018-03-13 23:34:56,187 - run -INFO - End testcase 33
2018-03-13 23:34:56,188 - run -INFO - End testcase 34
2018-03-13 23:34:56,188 - run -INFO - End testcase 35
2018-03-13 23:34:56,190 - run -INFO - End testcase 36
2018-03-13 23:34:56,192 - run -INFO - End testcase 37
2018-03-13 23:34:56,192 - run -INFO - End testcase 38
2018-03-13 23:34:56,193 - run -INFO - End testcase 39
2018-03-13 23:34:56,194 - run -INFO - End testcase 40
2018-03-13 23:34:56,194 - run -INFO - Start testcase 41
2018-03-13 23:34:56,210 - run -INFO - End testcase 41
2018-03-13 23:34:56,210 - run -INFO - End testcase 42
2018-03-13 23:34:56,215 - run -INFO - End testcase 43
2018-03-13 23:34:56,217 - run -INFO - End testcase 44
2018-03-13 23:34:56,218 - run -INFO - End testcase 45
2018-03-13 23:34:56,218 - run -INFO - End testcase 46
2018-03-13 23:34:56,219 - run -INFO - End testcase 47
2018-03-13 23:34:56,219 - run -INFO - End testcase 48
2018-03-13 23:34:56,220 - run -INFO - End testcase 49
2018-03-13 23:34:56,221 - run -INFO - End testcase 50
2018-03-13 23:34:56,222 - run -INFO - End testcase 51
2018-03-13 23:34:56,222 - run -INFO - End testcase 52
2018-03-13 23:34:56,223 - run -INFO - End testcase 53
2018-03-13 23:34:56,223 - run -INFO - End testcase 54
2018-03-13 23:34:56,223 - run -INFO - End testcase 55
2018-03-13 23:34:56,223 - run -INFO - End testcase 56
2018-03-13 23:34:56,225 - run -INFO - End testcase 57
2018-03-13 23:34:56,225 - run -INFO - End testcase 58
2018-03-13 23:34:56,226 - run -INFO - End testcase 59
2018-03-13 23:34:56,226 - run -INFO - End testcase 60
2018-03-13 23:34:56,226 - run -INFO - End testcase 61
2018-03-13 23:34:56,227 - run -INFO - End testcase 62
2018-03-13 23:34:56,227 - run -INFO - End testcase 63
2018-03-13 23:34:56,228 - run -INFO - End testcase 64
2018-03-13 23:34:56,228 - run -INFO - End testcase 65
2018-03-13 23:34:56,229 - run -INFO - End testcase 66
2018-03-13 23:34:56,229 - run -INFO - End testcase 67
2018-03-13 23:34:56,229 - run -INFO - End testcase 68
2018-03-13 23:34:56,230 - run -INFO - End testcase 69
2018-03-13 23:34:56,308 - end -INFO - Tong thoi gian chay: 38s ~ 0p38s
2018-03-13 23:34:56,308 - end -INFO - Tong time nghi: 0s ~ 0p0s
