2018-03-13 11:16:51,977 - open -INFO - Start test at 2018/03/13 11:16:51
2018-03-13 11:16:51,981 - open -INFO - Setup to connect devices
2018-03-13 11:17:23,528 - open -INFO - Done setup to connect devices
2018-03-13 11:17:23,528 - open -INFO - Connect database
2018-03-13 11:17:23,529 - open -INFO - Connect database success
2018-03-13 11:17:23,927 - run -INFO - Start testcase 41
2018-03-13 11:17:23,935 - run -INFO - End testcase 41
2018-03-13 11:17:23,936 - run -INFO - Start testcase 42
2018-03-13 11:17:23,938 - run -INFO - End testcase 42
2018-03-13 11:17:23,938 - run -INFO - Start testcase 43
2018-03-13 11:17:23,942 - run -INFO - End testcase 43
2018-03-13 11:17:23,942 - run -INFO - Start testcase 44
2018-03-13 11:17:24,120 - run -INFO - End testcase 44
2018-03-13 11:17:24,120 - run -INFO - Start testcase 45
2018-03-13 11:17:24,121 - run -INFO - End testcase 45
2018-03-13 11:17:24,121 - run -INFO - Start testcase 46
2018-03-13 11:17:24,124 - run -INFO - End testcase 46
2018-03-13 11:17:24,124 - run -INFO - Start testcase 47
2018-03-13 11:17:24,125 - run -INFO - End testcase 47
2018-03-13 11:17:24,126 - run -INFO - Start testcase 48
2018-03-13 11:17:24,535 - run -INFO - End testcase 48
2018-03-13 11:17:24,535 - run -INFO - Start testcase 49
2018-03-13 11:17:24,539 - run -INFO - End testcase 49
2018-03-13 11:17:24,539 - run -INFO - Start testcase 50
2018-03-13 11:17:24,546 - run -INFO - End testcase 50
2018-03-13 11:17:24,548 - run -INFO - Start testcase 51
2018-03-13 11:17:24,558 - run -INFO - End testcase 51
2018-03-13 11:17:24,559 - run -INFO - Start testcase 52
2018-03-13 11:17:24,568 - run -INFO - End testcase 52
2018-03-13 11:17:24,568 - run -INFO - Start testcase 53
2018-03-13 11:17:24,575 - run -INFO - End testcase 53
2018-03-13 11:17:24,575 - run -INFO - Start testcase 54
2018-03-13 11:17:24,581 - run -INFO - End testcase 54
2018-03-13 11:17:24,617 - end -INFO - Tong thoi gian chay: 32s ~ 0p32s
2018-03-13 11:17:24,617 - end -INFO - Tong time nghi: 0s ~ 0p0s
