2018-03-12 22:46:59,543 - open -INFO - Start test at 2018/03/12 22:46:59
2018-03-12 22:46:59,546 - open -INFO - Setup to connect devices
2018-03-12 22:47:37,976 - open -INFO - Done setup to connect devices
2018-03-12 22:47:37,977 - open -INFO - Connect database
2018-03-12 22:47:37,977 - open -INFO - Connect database success
2018-03-12 22:47:38,829 - run -INFO - Start testcase 1
2018-03-12 22:47:38,837 - creatTrips -INFO - Start creat trips
2018-03-12 22:47:38,837 - creatTrips -INFO - touch tab Ban tin
2018-03-12 22:48:27,289 - creatTrips -INFO - touch +
2018-03-12 22:48:27,437 - creatTrips -INFO - touch  tao chuyen di
2018-03-12 22:48:30,147 - creatTrips -INFO - touch quyen rieng tu
2018-03-12 22:48:30,818 - creatTrips -INFO - touch Cong khai
2018-03-12 22:48:34,729 - creatTrips -INFO - send Ten chuyen di
2018-03-12 22:48:47,922 - creatTrips -INFO - send Mieu ta
2018-03-12 22:49:05,481 - creatTrips -INFO - touch Ban do Diem bat dau
2018-03-12 22:49:08,225 - creatTrips -INFO - send Diem bat dau
2018-03-12 22:49:26,309 - creatTrips -INFO - touch diem bat dau
2018-03-12 22:49:28,339 - creatTrips -INFO - send Tom tat diem den
2018-03-12 22:49:37,221 - creatTrips -INFO - touch Ban do Diem den
2018-03-12 22:49:38,265 - creatTrips -INFO - send Diem den
2018-03-12 22:49:57,491 - creatTrips -INFO - touch diem den
2018-03-12 22:49:59,530 - creatTrips -INFO - send Ngay bat dau
2018-03-12 22:50:13,040 - creatTrips -INFO - send Ngay ket thuc
2018-03-12 22:50:22,351 - creatTrips -INFO - send Kinh phi
2018-03-12 22:50:31,534 - creatTrips -INFO - send So nguoi
2018-03-12 22:50:43,482 - creatTrips -INFO - send Phuong tien
2018-03-12 22:50:52,458 - creatTrips -INFO - touch button Them chi tiet
2018-03-12 22:50:53,491 - creatTrips -INFO - Ngay bat dau
2018-03-12 22:51:03,864 - creatTrips -INFO - Ngay ket thuc
2018-03-12 22:51:13,135 - creatTrips -INFO - send Tieu de
2018-03-12 22:51:22,166 - creatTrips -INFO - send Noi dung
2018-03-12 22:51:34,912 - creatTrips -INFO - send Chuan bi
2018-03-12 22:51:43,958 - creatTrips -INFO - send Luu y
2018-03-12 22:51:53,987 - creatTrips -INFO - touch button Dang
2018-03-12 22:51:55,085 - creatTrips -INFO - take screen short and check toast message
2018-03-12 22:52:14,183 - creatTrips -INFO - pass
2018-03-12 22:52:14,184 - run -INFO - End testcase 1
2018-03-12 22:52:14,185 - run -INFO - Start testcase 2
2018-03-12 22:52:14,185 - creatTrips -INFO - Start creat trips
2018-03-12 22:52:14,186 - creatTrips -INFO - touch tab Ban tin
2018-03-12 22:52:18,261 - creatTrips -INFO - touch +
2018-03-12 22:52:18,421 - creatTrips -INFO - touch  tao chuyen di
2018-03-12 22:52:20,757 - creatTrips -INFO - touch quyen rieng tu
2018-03-12 22:52:22,276 - creatTrips -INFO - touch Ban be
2018-03-12 22:52:24,618 - creatTrips -INFO - send Ten chuyen di
2018-03-12 22:52:36,762 - creatTrips -INFO - send Mieu ta
2018-03-12 22:52:54,022 - creatTrips -INFO - touch Ban do Diem bat dau
2018-03-12 22:52:55,008 - creatTrips -INFO - send Diem bat dau
2018-03-12 22:53:13,210 - creatTrips -INFO - touch diem bat dau
2018-03-12 22:53:15,257 - creatTrips -INFO - send Tom tat diem den
2018-03-12 22:53:24,873 - creatTrips -INFO - touch Ban do Diem den
2018-03-12 22:53:25,861 - creatTrips -INFO - send Diem den
2018-03-12 22:53:43,393 - creatTrips -INFO - touch diem den
2018-03-12 22:53:45,180 - creatTrips -INFO - send Ngay bat dau
2018-03-12 22:53:58,890 - creatTrips -INFO - send Ngay ket thuc
2018-03-12 22:54:08,854 - creatTrips -INFO - send Kinh phi
2018-03-12 22:54:18,570 - creatTrips -INFO - send So nguoi
2018-03-12 22:54:31,856 - creatTrips -INFO - send Phuong tien
2018-03-12 22:54:40,267 - creatTrips -INFO - touch button Them chi tiet
2018-03-12 22:54:41,295 - creatTrips -INFO - Ngay bat dau
2018-03-12 22:54:50,751 - creatTrips -INFO - Ngay ket thuc
2018-03-12 22:54:59,471 - creatTrips -INFO - send Tieu de
2018-03-12 22:55:07,952 - creatTrips -INFO - send Noi dung
2018-03-12 22:55:21,776 - creatTrips -INFO - send Chuan bi
2018-03-12 22:55:31,681 - creatTrips -INFO - send Luu y
2018-03-12 22:55:40,901 - creatTrips -INFO - touch button Dang
2018-03-12 22:55:42,012 - creatTrips -INFO - take screen short and check toast message
2018-03-12 22:55:54,596 - creatTrips -INFO - pass
2018-03-12 22:55:54,597 - run -INFO - End testcase 2
2018-03-12 22:55:54,598 - run -INFO - Start testcase 3
2018-03-12 22:55:54,599 - creatTrips -INFO - Start creat trips
2018-03-12 22:55:54,599 - creatTrips -INFO - touch tab Ban tin
2018-03-12 22:55:58,170 - creatTrips -INFO - touch +
2018-03-12 22:55:58,171 - run -ERROR - Cannot get a NUMERIC value from a STRING cell
2018-03-12 22:55:58,171 - run -INFO - End testcase 3
2018-03-12 22:55:58,172 - run -INFO - Start testcase 4
2018-03-12 22:55:58,173 - check trips view -INFO - Start check trips view
2018-03-12 22:55:59,164 - check trips view -INFO - check chuyen di voi quyen Chỉ minh tôi
2018-03-12 22:55:59,165 - check trips view -INFO - touch menu
2018-03-12 22:55:59,582 - check trips view -INFO - touch Trang cá nhân
2018-03-12 22:56:03,057 - run -ERROR - An unknown server-side error occurred while processing the command. (WARNING: The server did not provide any stacktrace information)
Command duration or timeout: 32 milliseconds
Build info: version: 'unknown', revision: 'unknown', time: 'unknown'
System info: host: 'TRANGTHU292', ip: '192.168.11.109', os.name: 'Windows 10', os.arch: 'amd64', os.version: '10.0', java.version: '1.8.0_131'
Driver info: io.appium.java_client.android.AndroidDriver
Capabilities [{appPackage=studio.crazybt.adventure, deviceScreenSize=720x1280, networkConnectionEnabled=true, noReset=true, warnings={}, databaseEnabled=false, version=, deviceName=4653bc57, fullReset=false, platform=ANDROID, deviceUDID=4653bc57, appActivity=studio.crazybt.adventure.activities.SplashActivity, desired={appPackage=studio.crazybt.adventure, appActivity=studio.crazybt.adventure.activities.SplashActivity, noReset=true, platformVersion=4.4.2, browserName=android, unicodeKeyboard=true, platformName=Android, version=, deviceName=4653bc57, fullReset=false, platform=ANDROID}, platformVersion=4.4.2, webStorageEnabled=false, locationContextEnabled=false, takesScreenshot=true, browserName=android, javascriptEnabled=true, deviceModel=SM-G7102, unicodeKeyboard=true, platformName=Android, deviceManufacturer=samsung}]
Session ID: 2baf1b49-d695-4dd5-aba2-941bfbff01ff
2018-03-12 22:56:03,057 - run -INFO - End testcase 4
2018-03-12 22:56:03,058 - run -INFO - Start testcase 5
2018-03-12 22:56:03,058 - check trips view -INFO - Start check trips view
2018-03-12 22:56:03,061 - check trips view -INFO - check chuyen di voi quyen Chỉ minh tôi
2018-03-12 22:56:03,062 - check trips view -INFO - touch menu
2018-03-12 22:56:05,845 - run -ERROR - Index: 0, Size: 0
2018-03-12 22:56:05,846 - run -INFO - End testcase 5
2018-03-12 22:56:05,846 - run -INFO - Start testcase 6
2018-03-12 22:56:05,847 - check trips view -INFO - Start check trips view
2018-03-12 22:56:05,850 - check trips view -INFO - check chuyen di voi quyen Chỉ minh tôi
2018-03-12 22:56:05,850 - check trips view -INFO - touch menu
2018-03-12 22:56:06,219 - run -ERROR - An element could not be located on the page using the given search parameters. (WARNING: The server did not provide any stacktrace information)
Command duration or timeout: 368 milliseconds
For documentation on this error, please visit: http://seleniumhq.org/exceptions/no_such_element.html
Build info: version: 'unknown', revision: 'unknown', time: 'unknown'
System info: host: 'TRANGTHU292', ip: '192.168.11.109', os.name: 'Windows 10', os.arch: 'amd64', os.version: '10.0', java.version: '1.8.0_131'
Driver info: io.appium.java_client.android.AndroidDriver
Capabilities [{appPackage=studio.crazybt.adventure, deviceScreenSize=720x1280, networkConnectionEnabled=true, noReset=true, warnings={}, databaseEnabled=false, version=, deviceName=4653bc57, fullReset=false, platform=ANDROID, deviceUDID=4653bc57, appActivity=studio.crazybt.adventure.activities.SplashActivity, desired={appPackage=studio.crazybt.adventure, appActivity=studio.crazybt.adventure.activities.SplashActivity, noReset=true, platformVersion=4.4.2, browserName=android, unicodeKeyboard=true, platformName=Android, version=, deviceName=4653bc57, fullReset=false, platform=ANDROID}, platformVersion=4.4.2, webStorageEnabled=false, locationContextEnabled=false, takesScreenshot=true, browserName=android, javascriptEnabled=true, deviceModel=SM-G7102, unicodeKeyboard=true, platformName=Android, deviceManufacturer=samsung}]
Session ID: 2baf1b49-d695-4dd5-aba2-941bfbff01ff
*** Element info: {Using=id, value=studio.crazybt.adventure:id/tbHomePage}
2018-03-12 22:56:06,219 - run -INFO - End testcase 6
2018-03-12 22:56:06,220 - run -INFO - Start testcase 7
2018-03-12 22:56:06,222 - run -INFO - End testcase 7
2018-03-12 22:56:06,223 - run -INFO - Start testcase 8
2018-03-12 22:56:06,224 - run -INFO - End testcase 8
2018-03-12 22:56:06,224 - run -INFO - Start testcase 9
2018-03-12 22:56:06,226 - run -INFO - End testcase 9
2018-03-12 22:56:06,227 - run -INFO - Start testcase 10
2018-03-12 22:56:06,227 - run -INFO - End testcase 10
2018-03-12 22:56:06,229 - run -INFO - Start testcase 11
2018-03-12 22:56:06,230 - check validate form create trips -INFO - Check validate
2018-03-12 22:56:06,230 - check validate form create trips -INFO - touch tab Ban tin
2018-03-12 22:56:06,406 - run -ERROR - An element could not be located on the page using the given search parameters. (WARNING: The server did not provide any stacktrace information)
Command duration or timeout: 176 milliseconds
For documentation on this error, please visit: http://seleniumhq.org/exceptions/no_such_element.html
Build info: version: 'unknown', revision: 'unknown', time: 'unknown'
System info: host: 'TRANGTHU292', ip: '192.168.11.109', os.name: 'Windows 10', os.arch: 'amd64', os.version: '10.0', java.version: '1.8.0_131'
Driver info: io.appium.java_client.android.AndroidDriver
Capabilities [{appPackage=studio.crazybt.adventure, deviceScreenSize=720x1280, networkConnectionEnabled=true, noReset=true, warnings={}, databaseEnabled=false, version=, deviceName=4653bc57, fullReset=false, platform=ANDROID, deviceUDID=4653bc57, appActivity=studio.crazybt.adventure.activities.SplashActivity, desired={appPackage=studio.crazybt.adventure, appActivity=studio.crazybt.adventure.activities.SplashActivity, noReset=true, platformVersion=4.4.2, browserName=android, unicodeKeyboard=true, platformName=Android, version=, deviceName=4653bc57, fullReset=false, platform=ANDROID}, platformVersion=4.4.2, webStorageEnabled=false, locationContextEnabled=false, takesScreenshot=true, browserName=android, javascriptEnabled=true, deviceModel=SM-G7102, unicodeKeyboard=true, platformName=Android, deviceManufacturer=samsung}]
Session ID: 2baf1b49-d695-4dd5-aba2-941bfbff01ff
*** Element info: {Using=id, value=studio.crazybt.adventure:id/tlHomePage}
2018-03-12 22:56:06,406 - run -INFO - End testcase 11
2018-03-12 22:56:06,407 - run -INFO - Start testcase 12
2018-03-12 22:56:06,407 - check validate form create trips -INFO - Check validate
2018-03-12 22:56:06,407 - check validate form create trips -INFO - touch tab Ban tin
2018-03-12 22:56:06,579 - run -ERROR - An element could not be located on the page using the given search parameters. (WARNING: The server did not provide any stacktrace information)
Command duration or timeout: 171 milliseconds
For documentation on this error, please visit: http://seleniumhq.org/exceptions/no_such_element.html
Build info: version: 'unknown', revision: 'unknown', time: 'unknown'
System info: host: 'TRANGTHU292', ip: '192.168.11.109', os.name: 'Windows 10', os.arch: 'amd64', os.version: '10.0', java.version: '1.8.0_131'
Driver info: io.appium.java_client.android.AndroidDriver
Capabilities [{appPackage=studio.crazybt.adventure, deviceScreenSize=720x1280, networkConnectionEnabled=true, noReset=true, warnings={}, databaseEnabled=false, version=, deviceName=4653bc57, fullReset=false, platform=ANDROID, deviceUDID=4653bc57, appActivity=studio.crazybt.adventure.activities.SplashActivity, desired={appPackage=studio.crazybt.adventure, appActivity=studio.crazybt.adventure.activities.SplashActivity, noReset=true, platformVersion=4.4.2, browserName=android, unicodeKeyboard=true, platformName=Android, version=, deviceName=4653bc57, fullReset=false, platform=ANDROID}, platformVersion=4.4.2, webStorageEnabled=false, locationContextEnabled=false, takesScreenshot=true, browserName=android, javascriptEnabled=true, deviceModel=SM-G7102, unicodeKeyboard=true, platformName=Android, deviceManufacturer=samsung}]
Session ID: 2baf1b49-d695-4dd5-aba2-941bfbff01ff
*** Element info: {Using=id, value=studio.crazybt.adventure:id/tlHomePage}
2018-03-12 22:56:06,579 - run -INFO - End testcase 12
2018-03-12 22:56:06,579 - run -INFO - Start testcase 13
2018-03-12 22:56:06,580 - check validate form create trips -INFO - Check validate
2018-03-12 22:56:06,580 - check validate form create trips -INFO - touch tab Ban tin
2018-03-12 22:56:06,913 - run -ERROR - An element could not be located on the page using the given search parameters. (WARNING: The server did not provide any stacktrace information)
Command duration or timeout: 332 milliseconds
For documentation on this error, please visit: http://seleniumhq.org/exceptions/no_such_element.html
Build info: version: 'unknown', revision: 'unknown', time: 'unknown'
System info: host: 'TRANGTHU292', ip: '192.168.11.109', os.name: 'Windows 10', os.arch: 'amd64', os.version: '10.0', java.version: '1.8.0_131'
Driver info: io.appium.java_client.android.AndroidDriver
Capabilities [{appPackage=studio.crazybt.adventure, deviceScreenSize=720x1280, networkConnectionEnabled=true, noReset=true, warnings={}, databaseEnabled=false, version=, deviceName=4653bc57, fullReset=false, platform=ANDROID, deviceUDID=4653bc57, appActivity=studio.crazybt.adventure.activities.SplashActivity, desired={appPackage=studio.crazybt.adventure, appActivity=studio.crazybt.adventure.activities.SplashActivity, noReset=true, platformVersion=4.4.2, browserName=android, unicodeKeyboard=true, platformName=Android, version=, deviceName=4653bc57, fullReset=false, platform=ANDROID}, platformVersion=4.4.2, webStorageEnabled=false, locationContextEnabled=false, takesScreenshot=true, browserName=android, javascriptEnabled=true, deviceModel=SM-G7102, unicodeKeyboard=true, platformName=Android, deviceManufacturer=samsung}]
Session ID: 2baf1b49-d695-4dd5-aba2-941bfbff01ff
*** Element info: {Using=id, value=studio.crazybt.adventure:id/tlHomePage}
2018-03-12 22:56:06,914 - run -INFO - End testcase 13
2018-03-12 22:56:06,914 - run -INFO - Start testcase 14
2018-03-12 22:56:06,915 - check validate form create trips -INFO - Check validate
2018-03-12 22:56:06,915 - check validate form create trips -INFO - touch tab Ban tin
2018-03-12 22:56:07,030 - run -ERROR - An element could not be located on the page using the given search parameters. (WARNING: The server did not provide any stacktrace information)
Command duration or timeout: 114 milliseconds
For documentation on this error, please visit: http://seleniumhq.org/exceptions/no_such_element.html
Build info: version: 'unknown', revision: 'unknown', time: 'unknown'
System info: host: 'TRANGTHU292', ip: '192.168.11.109', os.name: 'Windows 10', os.arch: 'amd64', os.version: '10.0', java.version: '1.8.0_131'
Driver info: io.appium.java_client.android.AndroidDriver
Capabilities [{appPackage=studio.crazybt.adventure, deviceScreenSize=720x1280, networkConnectionEnabled=true, noReset=true, warnings={}, databaseEnabled=false, version=, deviceName=4653bc57, fullReset=false, platform=ANDROID, deviceUDID=4653bc57, appActivity=studio.crazybt.adventure.activities.SplashActivity, desired={appPackage=studio.crazybt.adventure, appActivity=studio.crazybt.adventure.activities.SplashActivity, noReset=true, platformVersion=4.4.2, browserName=android, unicodeKeyboard=true, platformName=Android, version=, deviceName=4653bc57, fullReset=false, platform=ANDROID}, platformVersion=4.4.2, webStorageEnabled=false, locationContextEnabled=false, takesScreenshot=true, browserName=android, javascriptEnabled=true, deviceModel=SM-G7102, unicodeKeyboard=true, platformName=Android, deviceManufacturer=samsung}]
Session ID: 2baf1b49-d695-4dd5-aba2-941bfbff01ff
*** Element info: {Using=id, value=studio.crazybt.adventure:id/tlHomePage}
2018-03-12 22:56:07,030 - run -INFO - End testcase 14
2018-03-12 22:56:07,031 - run -INFO - Start testcase 15
2018-03-12 22:56:07,031 - check validate form create trips -INFO - Check validate
2018-03-12 22:56:07,031 - check validate form create trips -INFO - touch tab Ban tin
2018-03-12 22:56:07,343 - run -ERROR - An element could not be located on the page using the given search parameters. (WARNING: The server did not provide any stacktrace information)
Command duration or timeout: 311 milliseconds
For documentation on this error, please visit: http://seleniumhq.org/exceptions/no_such_element.html
Build info: version: 'unknown', revision: 'unknown', time: 'unknown'
System info: host: 'TRANGTHU292', ip: '192.168.11.109', os.name: 'Windows 10', os.arch: 'amd64', os.version: '10.0', java.version: '1.8.0_131'
Driver info: io.appium.java_client.android.AndroidDriver
Capabilities [{appPackage=studio.crazybt.adventure, deviceScreenSize=720x1280, networkConnectionEnabled=true, noReset=true, warnings={}, databaseEnabled=false, version=, deviceName=4653bc57, fullReset=false, platform=ANDROID, deviceUDID=4653bc57, appActivity=studio.crazybt.adventure.activities.SplashActivity, desired={appPackage=studio.crazybt.adventure, appActivity=studio.crazybt.adventure.activities.SplashActivity, noReset=true, platformVersion=4.4.2, browserName=android, unicodeKeyboard=true, platformName=Android, version=, deviceName=4653bc57, fullReset=false, platform=ANDROID}, platformVersion=4.4.2, webStorageEnabled=false, locationContextEnabled=false, takesScreenshot=true, browserName=android, javascriptEnabled=true, deviceModel=SM-G7102, unicodeKeyboard=true, platformName=Android, deviceManufacturer=samsung}]
Session ID: 2baf1b49-d695-4dd5-aba2-941bfbff01ff
*** Element info: {Using=id, value=studio.crazybt.adventure:id/tlHomePage}
2018-03-12 22:56:07,343 - run -INFO - End testcase 15
2018-03-12 22:56:07,344 - run -INFO - Start testcase 16
2018-03-12 22:56:07,344 - check validate form create trips -INFO - Check validate
2018-03-12 22:56:07,344 - check validate form create trips -INFO - touch tab Ban tin
2018-03-12 22:56:07,544 - run -ERROR - An element could not be located on the page using the given search parameters. (WARNING: The server did not provide any stacktrace information)
Command duration or timeout: 198 milliseconds
For documentation on this error, please visit: http://seleniumhq.org/exceptions/no_such_element.html
Build info: version: 'unknown', revision: 'unknown', time: 'unknown'
System info: host: 'TRANGTHU292', ip: '192.168.11.109', os.name: 'Windows 10', os.arch: 'amd64', os.version: '10.0', java.version: '1.8.0_131'
Driver info: io.appium.java_client.android.AndroidDriver
Capabilities [{appPackage=studio.crazybt.adventure, deviceScreenSize=720x1280, networkConnectionEnabled=true, noReset=true, warnings={}, databaseEnabled=false, version=, deviceName=4653bc57, fullReset=false, platform=ANDROID, deviceUDID=4653bc57, appActivity=studio.crazybt.adventure.activities.SplashActivity, desired={appPackage=studio.crazybt.adventure, appActivity=studio.crazybt.adventure.activities.SplashActivity, noReset=true, platformVersion=4.4.2, browserName=android, unicodeKeyboard=true, platformName=Android, version=, deviceName=4653bc57, fullReset=false, platform=ANDROID}, platformVersion=4.4.2, webStorageEnabled=false, locationContextEnabled=false, takesScreenshot=true, browserName=android, javascriptEnabled=true, deviceModel=SM-G7102, unicodeKeyboard=true, platformName=Android, deviceManufacturer=samsung}]
Session ID: 2baf1b49-d695-4dd5-aba2-941bfbff01ff
*** Element info: {Using=id, value=studio.crazybt.adventure:id/tlHomePage}
2018-03-12 22:56:07,544 - run -INFO - End testcase 16
2018-03-12 22:56:07,545 - run -INFO - Start testcase 17
2018-03-12 22:56:07,545 - check validate form create trips -INFO - Check validate
2018-03-12 22:56:07,546 - check validate form create trips -INFO - touch tab Ban tin
2018-03-12 22:56:07,955 - run -ERROR - An element could not be located on the page using the given search parameters. (WARNING: The server did not provide any stacktrace information)
Command duration or timeout: 409 milliseconds
For documentation on this error, please visit: http://seleniumhq.org/exceptions/no_such_element.html
Build info: version: 'unknown', revision: 'unknown', time: 'unknown'
System info: host: 'TRANGTHU292', ip: '192.168.11.109', os.name: 'Windows 10', os.arch: 'amd64', os.version: '10.0', java.version: '1.8.0_131'
Driver info: io.appium.java_client.android.AndroidDriver
Capabilities [{appPackage=studio.crazybt.adventure, deviceScreenSize=720x1280, networkConnectionEnabled=true, noReset=true, warnings={}, databaseEnabled=false, version=, deviceName=4653bc57, fullReset=false, platform=ANDROID, deviceUDID=4653bc57, appActivity=studio.crazybt.adventure.activities.SplashActivity, desired={appPackage=studio.crazybt.adventure, appActivity=studio.crazybt.adventure.activities.SplashActivity, noReset=true, platformVersion=4.4.2, browserName=android, unicodeKeyboard=true, platformName=Android, version=, deviceName=4653bc57, fullReset=false, platform=ANDROID}, platformVersion=4.4.2, webStorageEnabled=false, locationContextEnabled=false, takesScreenshot=true, browserName=android, javascriptEnabled=true, deviceModel=SM-G7102, unicodeKeyboard=true, platformName=Android, deviceManufacturer=samsung}]
Session ID: 2baf1b49-d695-4dd5-aba2-941bfbff01ff
*** Element info: {Using=id, value=studio.crazybt.adventure:id/tlHomePage}
2018-03-12 22:56:07,956 - run -INFO - End testcase 17
2018-03-12 22:56:07,956 - run -INFO - Start testcase 18
2018-03-12 22:56:07,957 - check validate form create trips -INFO - Check validate
2018-03-12 22:56:07,957 - check validate form create trips -INFO - touch tab Ban tin
2018-03-12 22:56:08,082 - run -ERROR - An element could not be located on the page using the given search parameters. (WARNING: The server did not provide any stacktrace information)
Command duration or timeout: 125 milliseconds
For documentation on this error, please visit: http://seleniumhq.org/exceptions/no_such_element.html
Build info: version: 'unknown', revision: 'unknown', time: 'unknown'
System info: host: 'TRANGTHU292', ip: '192.168.11.109', os.name: 'Windows 10', os.arch: 'amd64', os.version: '10.0', java.version: '1.8.0_131'
Driver info: io.appium.java_client.android.AndroidDriver
Capabilities [{appPackage=studio.crazybt.adventure, deviceScreenSize=720x1280, networkConnectionEnabled=true, noReset=true, warnings={}, databaseEnabled=false, version=, deviceName=4653bc57, fullReset=false, platform=ANDROID, deviceUDID=4653bc57, appActivity=studio.crazybt.adventure.activities.SplashActivity, desired={appPackage=studio.crazybt.adventure, appActivity=studio.crazybt.adventure.activities.SplashActivity, noReset=true, platformVersion=4.4.2, browserName=android, unicodeKeyboard=true, platformName=Android, version=, deviceName=4653bc57, fullReset=false, platform=ANDROID}, platformVersion=4.4.2, webStorageEnabled=false, locationContextEnabled=false, takesScreenshot=true, browserName=android, javascriptEnabled=true, deviceModel=SM-G7102, unicodeKeyboard=true, platformName=Android, deviceManufacturer=samsung}]
Session ID: 2baf1b49-d695-4dd5-aba2-941bfbff01ff
*** Element info: {Using=id, value=studio.crazybt.adventure:id/tlHomePage}
2018-03-12 22:56:08,083 - run -INFO - End testcase 18
2018-03-12 22:56:08,083 - run -INFO - Start testcase 19
2018-03-12 22:56:08,084 - check validate form create trips -INFO - Check validate
2018-03-12 22:56:08,084 - check validate form create trips -INFO - touch tab Ban tin
2018-03-12 22:56:08,207 - run -ERROR - An element could not be located on the page using the given search parameters. (WARNING: The server did not provide any stacktrace information)
Command duration or timeout: 123 milliseconds
For documentation on this error, please visit: http://seleniumhq.org/exceptions/no_such_element.html
Build info: version: 'unknown', revision: 'unknown', time: 'unknown'
System info: host: 'TRANGTHU292', ip: '192.168.11.109', os.name: 'Windows 10', os.arch: 'amd64', os.version: '10.0', java.version: '1.8.0_131'
Driver info: io.appium.java_client.android.AndroidDriver
Capabilities [{appPackage=studio.crazybt.adventure, deviceScreenSize=720x1280, networkConnectionEnabled=true, noReset=true, warnings={}, databaseEnabled=false, version=, deviceName=4653bc57, fullReset=false, platform=ANDROID, deviceUDID=4653bc57, appActivity=studio.crazybt.adventure.activities.SplashActivity, desired={appPackage=studio.crazybt.adventure, appActivity=studio.crazybt.adventure.activities.SplashActivity, noReset=true, platformVersion=4.4.2, browserName=android, unicodeKeyboard=true, platformName=Android, version=, deviceName=4653bc57, fullReset=false, platform=ANDROID}, platformVersion=4.4.2, webStorageEnabled=false, locationContextEnabled=false, takesScreenshot=true, browserName=android, javascriptEnabled=true, deviceModel=SM-G7102, unicodeKeyboard=true, platformName=Android, deviceManufacturer=samsung}]
Session ID: 2baf1b49-d695-4dd5-aba2-941bfbff01ff
*** Element info: {Using=id, value=studio.crazybt.adventure:id/tlHomePage}
2018-03-12 22:56:08,207 - run -INFO - End testcase 19
2018-03-12 22:56:08,208 - run -INFO - Start testcase 20
2018-03-12 22:56:08,208 - check validate form create trips -INFO - Check validate
2018-03-12 22:56:08,208 - check validate form create trips -INFO - touch tab Ban tin
2018-03-12 22:56:08,572 - run -ERROR - An element could not be located on the page using the given search parameters. (WARNING: The server did not provide any stacktrace information)
Command duration or timeout: 363 milliseconds
For documentation on this error, please visit: http://seleniumhq.org/exceptions/no_such_element.html
Build info: version: 'unknown', revision: 'unknown', time: 'unknown'
System info: host: 'TRANGTHU292', ip: '192.168.11.109', os.name: 'Windows 10', os.arch: 'amd64', os.version: '10.0', java.version: '1.8.0_131'
Driver info: io.appium.java_client.android.AndroidDriver
Capabilities [{appPackage=studio.crazybt.adventure, deviceScreenSize=720x1280, networkConnectionEnabled=true, noReset=true, warnings={}, databaseEnabled=false, version=, deviceName=4653bc57, fullReset=false, platform=ANDROID, deviceUDID=4653bc57, appActivity=studio.crazybt.adventure.activities.SplashActivity, desired={appPackage=studio.crazybt.adventure, appActivity=studio.crazybt.adventure.activities.SplashActivity, noReset=true, platformVersion=4.4.2, browserName=android, unicodeKeyboard=true, platformName=Android, version=, deviceName=4653bc57, fullReset=false, platform=ANDROID}, platformVersion=4.4.2, webStorageEnabled=false, locationContextEnabled=false, takesScreenshot=true, browserName=android, javascriptEnabled=true, deviceModel=SM-G7102, unicodeKeyboard=true, platformName=Android, deviceManufacturer=samsung}]
Session ID: 2baf1b49-d695-4dd5-aba2-941bfbff01ff
*** Element info: {Using=id, value=studio.crazybt.adventure:id/tlHomePage}
2018-03-12 22:56:08,573 - run -INFO - End testcase 20
2018-03-12 22:56:08,573 - run -INFO - Start testcase 21
2018-03-12 22:56:08,573 - check validate form create trips -INFO - Check validate
2018-03-12 22:56:08,574 - check validate form create trips -INFO - touch tab Ban tin
2018-03-12 22:56:08,819 - run -ERROR - An element could not be located on the page using the given search parameters. (WARNING: The server did not provide any stacktrace information)
Command duration or timeout: 245 milliseconds
For documentation on this error, please visit: http://seleniumhq.org/exceptions/no_such_element.html
Build info: version: 'unknown', revision: 'unknown', time: 'unknown'
System info: host: 'TRANGTHU292', ip: '192.168.11.109', os.name: 'Windows 10', os.arch: 'amd64', os.version: '10.0', java.version: '1.8.0_131'
Driver info: io.appium.java_client.android.AndroidDriver
Capabilities [{appPackage=studio.crazybt.adventure, deviceScreenSize=720x1280, networkConnectionEnabled=true, noReset=true, warnings={}, databaseEnabled=false, version=, deviceName=4653bc57, fullReset=false, platform=ANDROID, deviceUDID=4653bc57, appActivity=studio.crazybt.adventure.activities.SplashActivity, desired={appPackage=studio.crazybt.adventure, appActivity=studio.crazybt.adventure.activities.SplashActivity, noReset=true, platformVersion=4.4.2, browserName=android, unicodeKeyboard=true, platformName=Android, version=, deviceName=4653bc57, fullReset=false, platform=ANDROID}, platformVersion=4.4.2, webStorageEnabled=false, locationContextEnabled=false, takesScreenshot=true, browserName=android, javascriptEnabled=true, deviceModel=SM-G7102, unicodeKeyboard=true, platformName=Android, deviceManufacturer=samsung}]
Session ID: 2baf1b49-d695-4dd5-aba2-941bfbff01ff
*** Element info: {Using=id, value=studio.crazybt.adventure:id/tlHomePage}
2018-03-12 22:56:08,820 - run -INFO - End testcase 21
2018-03-12 22:56:08,820 - run -INFO - Start testcase 22
2018-03-12 22:56:08,820 - check validate form create trips -INFO - Check validate
2018-03-12 22:56:08,820 - check validate form create trips -INFO - touch tab Ban tin
2018-03-12 22:56:09,149 - run -ERROR - An element could not be located on the page using the given search parameters. (WARNING: The server did not provide any stacktrace information)
Command duration or timeout: 328 milliseconds
For documentation on this error, please visit: http://seleniumhq.org/exceptions/no_such_element.html
Build info: version: 'unknown', revision: 'unknown', time: 'unknown'
System info: host: 'TRANGTHU292', ip: '192.168.11.109', os.name: 'Windows 10', os.arch: 'amd64', os.version: '10.0', java.version: '1.8.0_131'
Driver info: io.appium.java_client.android.AndroidDriver
Capabilities [{appPackage=studio.crazybt.adventure, deviceScreenSize=720x1280, networkConnectionEnabled=true, noReset=true, warnings={}, databaseEnabled=false, version=, deviceName=4653bc57, fullReset=false, platform=ANDROID, deviceUDID=4653bc57, appActivity=studio.crazybt.adventure.activities.SplashActivity, desired={appPackage=studio.crazybt.adventure, appActivity=studio.crazybt.adventure.activities.SplashActivity, noReset=true, platformVersion=4.4.2, browserName=android, unicodeKeyboard=true, platformName=Android, version=, deviceName=4653bc57, fullReset=false, platform=ANDROID}, platformVersion=4.4.2, webStorageEnabled=false, locationContextEnabled=false, takesScreenshot=true, browserName=android, javascriptEnabled=true, deviceModel=SM-G7102, unicodeKeyboard=true, platformName=Android, deviceManufacturer=samsung}]
Session ID: 2baf1b49-d695-4dd5-aba2-941bfbff01ff
*** Element info: {Using=id, value=studio.crazybt.adventure:id/tlHomePage}
2018-03-12 22:56:09,150 - run -INFO - End testcase 22
2018-03-12 22:56:09,150 - run -INFO - Start testcase 23
2018-03-12 22:56:09,151 - check validate form create trips -INFO - Check validate
2018-03-12 22:56:09,151 - check validate form create trips -INFO - touch tab Ban tin
2018-03-12 22:56:09,275 - run -ERROR - An element could not be located on the page using the given search parameters. (WARNING: The server did not provide any stacktrace information)
Command duration or timeout: 124 milliseconds
For documentation on this error, please visit: http://seleniumhq.org/exceptions/no_such_element.html
Build info: version: 'unknown', revision: 'unknown', time: 'unknown'
System info: host: 'TRANGTHU292', ip: '192.168.11.109', os.name: 'Windows 10', os.arch: 'amd64', os.version: '10.0', java.version: '1.8.0_131'
Driver info: io.appium.java_client.android.AndroidDriver
Capabilities [{appPackage=studio.crazybt.adventure, deviceScreenSize=720x1280, networkConnectionEnabled=true, noReset=true, warnings={}, databaseEnabled=false, version=, deviceName=4653bc57, fullReset=false, platform=ANDROID, deviceUDID=4653bc57, appActivity=studio.crazybt.adventure.activities.SplashActivity, desired={appPackage=studio.crazybt.adventure, appActivity=studio.crazybt.adventure.activities.SplashActivity, noReset=true, platformVersion=4.4.2, browserName=android, unicodeKeyboard=true, platformName=Android, version=, deviceName=4653bc57, fullReset=false, platform=ANDROID}, platformVersion=4.4.2, webStorageEnabled=false, locationContextEnabled=false, takesScreenshot=true, browserName=android, javascriptEnabled=true, deviceModel=SM-G7102, unicodeKeyboard=true, platformName=Android, deviceManufacturer=samsung}]
Session ID: 2baf1b49-d695-4dd5-aba2-941bfbff01ff
*** Element info: {Using=id, value=studio.crazybt.adventure:id/tlHomePage}
2018-03-12 22:56:09,276 - run -INFO - End testcase 23
2018-03-12 22:56:09,276 - run -INFO - Start testcase 24
2018-03-12 22:56:09,277 - check validate form create trips -INFO - Check validate
2018-03-12 22:56:09,277 - check validate form create trips -INFO - touch tab Ban tin
2018-03-12 22:56:09,396 - run -ERROR - An element could not be located on the page using the given search parameters. (WARNING: The server did not provide any stacktrace information)
Command duration or timeout: 118 milliseconds
For documentation on this error, please visit: http://seleniumhq.org/exceptions/no_such_element.html
Build info: version: 'unknown', revision: 'unknown', time: 'unknown'
System info: host: 'TRANGTHU292', ip: '192.168.11.109', os.name: 'Windows 10', os.arch: 'amd64', os.version: '10.0', java.version: '1.8.0_131'
Driver info: io.appium.java_client.android.AndroidDriver
Capabilities [{appPackage=studio.crazybt.adventure, deviceScreenSize=720x1280, networkConnectionEnabled=true, noReset=true, warnings={}, databaseEnabled=false, version=, deviceName=4653bc57, fullReset=false, platform=ANDROID, deviceUDID=4653bc57, appActivity=studio.crazybt.adventure.activities.SplashActivity, desired={appPackage=studio.crazybt.adventure, appActivity=studio.crazybt.adventure.activities.SplashActivity, noReset=true, platformVersion=4.4.2, browserName=android, unicodeKeyboard=true, platformName=Android, version=, deviceName=4653bc57, fullReset=false, platform=ANDROID}, platformVersion=4.4.2, webStorageEnabled=false, locationContextEnabled=false, takesScreenshot=true, browserName=android, javascriptEnabled=true, deviceModel=SM-G7102, unicodeKeyboard=true, platformName=Android, deviceManufacturer=samsung}]
Session ID: 2baf1b49-d695-4dd5-aba2-941bfbff01ff
*** Element info: {Using=id, value=studio.crazybt.adventure:id/tlHomePage}
2018-03-12 22:56:09,396 - run -INFO - End testcase 24
2018-03-12 22:56:09,396 - run -INFO - Start testcase 25
2018-03-12 22:56:09,397 - check validate form create trips -INFO - Check validate
2018-03-12 22:56:09,397 - check validate form create trips -INFO - touch tab Ban tin
2018-03-12 22:56:09,748 - run -ERROR - An element could not be located on the page using the given search parameters. (WARNING: The server did not provide any stacktrace information)
Command duration or timeout: 350 milliseconds
For documentation on this error, please visit: http://seleniumhq.org/exceptions/no_such_element.html
Build info: version: 'unknown', revision: 'unknown', time: 'unknown'
System info: host: 'TRANGTHU292', ip: '192.168.11.109', os.name: 'Windows 10', os.arch: 'amd64', os.version: '10.0', java.version: '1.8.0_131'
Driver info: io.appium.java_client.android.AndroidDriver
Capabilities [{appPackage=studio.crazybt.adventure, deviceScreenSize=720x1280, networkConnectionEnabled=true, noReset=true, warnings={}, databaseEnabled=false, version=, deviceName=4653bc57, fullReset=false, platform=ANDROID, deviceUDID=4653bc57, appActivity=studio.crazybt.adventure.activities.SplashActivity, desired={appPackage=studio.crazybt.adventure, appActivity=studio.crazybt.adventure.activities.SplashActivity, noReset=true, platformVersion=4.4.2, browserName=android, unicodeKeyboard=true, platformName=Android, version=, deviceName=4653bc57, fullReset=false, platform=ANDROID}, platformVersion=4.4.2, webStorageEnabled=false, locationContextEnabled=false, takesScreenshot=true, browserName=android, javascriptEnabled=true, deviceModel=SM-G7102, unicodeKeyboard=true, platformName=Android, deviceManufacturer=samsung}]
Session ID: 2baf1b49-d695-4dd5-aba2-941bfbff01ff
*** Element info: {Using=id, value=studio.crazybt.adventure:id/tlHomePage}
2018-03-12 22:56:09,748 - run -INFO - End testcase 25
2018-03-12 22:56:09,748 - run -INFO - Start testcase 26
2018-03-12 22:56:09,749 - check validate form create trips -INFO - Check validate
2018-03-12 22:56:09,749 - check validate form create trips -INFO - touch tab Ban tin
2018-03-12 22:56:10,155 - run -ERROR - An element could not be located on the page using the given search parameters. (WARNING: The server did not provide any stacktrace information)
Command duration or timeout: 406 milliseconds
For documentation on this error, please visit: http://seleniumhq.org/exceptions/no_such_element.html
Build info: version: 'unknown', revision: 'unknown', time: 'unknown'
System info: host: 'TRANGTHU292', ip: '192.168.11.109', os.name: 'Windows 10', os.arch: 'amd64', os.version: '10.0', java.version: '1.8.0_131'
Driver info: io.appium.java_client.android.AndroidDriver
Capabilities [{appPackage=studio.crazybt.adventure, deviceScreenSize=720x1280, networkConnectionEnabled=true, noReset=true, warnings={}, databaseEnabled=false, version=, deviceName=4653bc57, fullReset=false, platform=ANDROID, deviceUDID=4653bc57, appActivity=studio.crazybt.adventure.activities.SplashActivity, desired={appPackage=studio.crazybt.adventure, appActivity=studio.crazybt.adventure.activities.SplashActivity, noReset=true, platformVersion=4.4.2, browserName=android, unicodeKeyboard=true, platformName=Android, version=, deviceName=4653bc57, fullReset=false, platform=ANDROID}, platformVersion=4.4.2, webStorageEnabled=false, locationContextEnabled=false, takesScreenshot=true, browserName=android, javascriptEnabled=true, deviceModel=SM-G7102, unicodeKeyboard=true, platformName=Android, deviceManufacturer=samsung}]
Session ID: 2baf1b49-d695-4dd5-aba2-941bfbff01ff
*** Element info: {Using=id, value=studio.crazybt.adventure:id/tlHomePage}
2018-03-12 22:56:10,156 - run -INFO - End testcase 26
2018-03-12 22:56:10,156 - run -INFO - Start testcase 27
2018-03-12 22:56:10,156 - check validate form create trips -INFO - Check validate
2018-03-12 22:56:10,156 - check validate form create trips -INFO - touch tab Ban tin
2018-03-12 22:56:10,288 - run -ERROR - An element could not be located on the page using the given search parameters. (WARNING: The server did not provide any stacktrace information)
Command duration or timeout: 131 milliseconds
For documentation on this error, please visit: http://seleniumhq.org/exceptions/no_such_element.html
Build info: version: 'unknown', revision: 'unknown', time: 'unknown'
System info: host: 'TRANGTHU292', ip: '192.168.11.109', os.name: 'Windows 10', os.arch: 'amd64', os.version: '10.0', java.version: '1.8.0_131'
Driver info: io.appium.java_client.android.AndroidDriver
Capabilities [{appPackage=studio.crazybt.adventure, deviceScreenSize=720x1280, networkConnectionEnabled=true, noReset=true, warnings={}, databaseEnabled=false, version=, deviceName=4653bc57, fullReset=false, platform=ANDROID, deviceUDID=4653bc57, appActivity=studio.crazybt.adventure.activities.SplashActivity, desired={appPackage=studio.crazybt.adventure, appActivity=studio.crazybt.adventure.activities.SplashActivity, noReset=true, platformVersion=4.4.2, browserName=android, unicodeKeyboard=true, platformName=Android, version=, deviceName=4653bc57, fullReset=false, platform=ANDROID}, platformVersion=4.4.2, webStorageEnabled=false, locationContextEnabled=false, takesScreenshot=true, browserName=android, javascriptEnabled=true, deviceModel=SM-G7102, unicodeKeyboard=true, platformName=Android, deviceManufacturer=samsung}]
Session ID: 2baf1b49-d695-4dd5-aba2-941bfbff01ff
*** Element info: {Using=id, value=studio.crazybt.adventure:id/tlHomePage}
2018-03-12 22:56:10,289 - run -INFO - End testcase 27
2018-03-12 22:56:10,289 - run -INFO - Start testcase 28
2018-03-12 22:56:10,289 - check validate form create trips -INFO - Check validate
2018-03-12 22:56:10,289 - check validate form create trips -INFO - touch tab Ban tin
2018-03-12 22:56:10,420 - run -ERROR - An element could not be located on the page using the given search parameters. (WARNING: The server did not provide any stacktrace information)
Command duration or timeout: 129 milliseconds
For documentation on this error, please visit: http://seleniumhq.org/exceptions/no_such_element.html
Build info: version: 'unknown', revision: 'unknown', time: 'unknown'
System info: host: 'TRANGTHU292', ip: '192.168.11.109', os.name: 'Windows 10', os.arch: 'amd64', os.version: '10.0', java.version: '1.8.0_131'
Driver info: io.appium.java_client.android.AndroidDriver
Capabilities [{appPackage=studio.crazybt.adventure, deviceScreenSize=720x1280, networkConnectionEnabled=true, noReset=true, warnings={}, databaseEnabled=false, version=, deviceName=4653bc57, fullReset=false, platform=ANDROID, deviceUDID=4653bc57, appActivity=studio.crazybt.adventure.activities.SplashActivity, desired={appPackage=studio.crazybt.adventure, appActivity=studio.crazybt.adventure.activities.SplashActivity, noReset=true, platformVersion=4.4.2, browserName=android, unicodeKeyboard=true, platformName=Android, version=, deviceName=4653bc57, fullReset=false, platform=ANDROID}, platformVersion=4.4.2, webStorageEnabled=false, locationContextEnabled=false, takesScreenshot=true, browserName=android, javascriptEnabled=true, deviceModel=SM-G7102, unicodeKeyboard=true, platformName=Android, deviceManufacturer=samsung}]
Session ID: 2baf1b49-d695-4dd5-aba2-941bfbff01ff
*** Element info: {Using=id, value=studio.crazybt.adventure:id/tlHomePage}
2018-03-12 22:56:10,420 - run -INFO - End testcase 28
2018-03-12 22:56:10,421 - run -INFO - Start testcase 29
2018-03-12 22:56:10,421 - check validate form create trips -INFO - Check validate
2018-03-12 22:56:10,421 - check validate form create trips -INFO - touch tab Ban tin
2018-03-12 22:56:10,705 - run -ERROR - An element could not be located on the page using the given search parameters. (WARNING: The server did not provide any stacktrace information)
Command duration or timeout: 283 milliseconds
For documentation on this error, please visit: http://seleniumhq.org/exceptions/no_such_element.html
Build info: version: 'unknown', revision: 'unknown', time: 'unknown'
System info: host: 'TRANGTHU292', ip: '192.168.11.109', os.name: 'Windows 10', os.arch: 'amd64', os.version: '10.0', java.version: '1.8.0_131'
Driver info: io.appium.java_client.android.AndroidDriver
Capabilities [{appPackage=studio.crazybt.adventure, deviceScreenSize=720x1280, networkConnectionEnabled=true, noReset=true, warnings={}, databaseEnabled=false, version=, deviceName=4653bc57, fullReset=false, platform=ANDROID, deviceUDID=4653bc57, appActivity=studio.crazybt.adventure.activities.SplashActivity, desired={appPackage=studio.crazybt.adventure, appActivity=studio.crazybt.adventure.activities.SplashActivity, noReset=true, platformVersion=4.4.2, browserName=android, unicodeKeyboard=true, platformName=Android, version=, deviceName=4653bc57, fullReset=false, platform=ANDROID}, platformVersion=4.4.2, webStorageEnabled=false, locationContextEnabled=false, takesScreenshot=true, browserName=android, javascriptEnabled=true, deviceModel=SM-G7102, unicodeKeyboard=true, platformName=Android, deviceManufacturer=samsung}]
Session ID: 2baf1b49-d695-4dd5-aba2-941bfbff01ff
*** Element info: {Using=id, value=studio.crazybt.adventure:id/tlHomePage}
2018-03-12 22:56:10,706 - run -INFO - End testcase 29
2018-03-12 22:56:10,706 - run -INFO - Start testcase 30
2018-03-12 22:56:10,707 - check validate form create trips -INFO - Check validate
2018-03-12 22:56:10,707 - check validate form create trips -INFO - touch tab Ban tin
2018-03-12 22:56:10,810 - run -ERROR - An element could not be located on the page using the given search parameters. (WARNING: The server did not provide any stacktrace information)
Command duration or timeout: 102 milliseconds
For documentation on this error, please visit: http://seleniumhq.org/exceptions/no_such_element.html
Build info: version: 'unknown', revision: 'unknown', time: 'unknown'
System info: host: 'TRANGTHU292', ip: '192.168.11.109', os.name: 'Windows 10', os.arch: 'amd64', os.version: '10.0', java.version: '1.8.0_131'
Driver info: io.appium.java_client.android.AndroidDriver
Capabilities [{appPackage=studio.crazybt.adventure, deviceScreenSize=720x1280, networkConnectionEnabled=true, noReset=true, warnings={}, databaseEnabled=false, version=, deviceName=4653bc57, fullReset=false, platform=ANDROID, deviceUDID=4653bc57, appActivity=studio.crazybt.adventure.activities.SplashActivity, desired={appPackage=studio.crazybt.adventure, appActivity=studio.crazybt.adventure.activities.SplashActivity, noReset=true, platformVersion=4.4.2, browserName=android, unicodeKeyboard=true, platformName=Android, version=, deviceName=4653bc57, fullReset=false, platform=ANDROID}, platformVersion=4.4.2, webStorageEnabled=false, locationContextEnabled=false, takesScreenshot=true, browserName=android, javascriptEnabled=true, deviceModel=SM-G7102, unicodeKeyboard=true, platformName=Android, deviceManufacturer=samsung}]
Session ID: 2baf1b49-d695-4dd5-aba2-941bfbff01ff
*** Element info: {Using=id, value=studio.crazybt.adventure:id/tlHomePage}
2018-03-12 22:56:10,810 - run -INFO - End testcase 30
2018-03-12 22:56:10,810 - run -INFO - Start testcase 31
2018-03-12 22:56:10,811 - check validate form create trips -INFO - Check validate
2018-03-12 22:56:10,811 - check validate form create trips -INFO - touch tab Ban tin
2018-03-12 22:56:11,084 - run -ERROR - An element could not be located on the page using the given search parameters. (WARNING: The server did not provide any stacktrace information)
Command duration or timeout: 272 milliseconds
For documentation on this error, please visit: http://seleniumhq.org/exceptions/no_such_element.html
Build info: version: 'unknown', revision: 'unknown', time: 'unknown'
System info: host: 'TRANGTHU292', ip: '192.168.11.109', os.name: 'Windows 10', os.arch: 'amd64', os.version: '10.0', java.version: '1.8.0_131'
Driver info: io.appium.java_client.android.AndroidDriver
Capabilities [{appPackage=studio.crazybt.adventure, deviceScreenSize=720x1280, networkConnectionEnabled=true, noReset=true, warnings={}, databaseEnabled=false, version=, deviceName=4653bc57, fullReset=false, platform=ANDROID, deviceUDID=4653bc57, appActivity=studio.crazybt.adventure.activities.SplashActivity, desired={appPackage=studio.crazybt.adventure, appActivity=studio.crazybt.adventure.activities.SplashActivity, noReset=true, platformVersion=4.4.2, browserName=android, unicodeKeyboard=true, platformName=Android, version=, deviceName=4653bc57, fullReset=false, platform=ANDROID}, platformVersion=4.4.2, webStorageEnabled=false, locationContextEnabled=false, takesScreenshot=true, browserName=android, javascriptEnabled=true, deviceModel=SM-G7102, unicodeKeyboard=true, platformName=Android, deviceManufacturer=samsung}]
Session ID: 2baf1b49-d695-4dd5-aba2-941bfbff01ff
*** Element info: {Using=id, value=studio.crazybt.adventure:id/tlHomePage}
2018-03-12 22:56:11,084 - run -INFO - End testcase 31
2018-03-12 22:56:11,085 - run -INFO - Start testcase 32
2018-03-12 22:56:11,085 - check validate form create trips -INFO - Check validate
2018-03-12 22:56:11,085 - check validate form create trips -INFO - touch tab Ban tin
2018-03-12 22:56:11,210 - run -ERROR - An element could not be located on the page using the given search parameters. (WARNING: The server did not provide any stacktrace information)
Command duration or timeout: 124 milliseconds
For documentation on this error, please visit: http://seleniumhq.org/exceptions/no_such_element.html
Build info: version: 'unknown', revision: 'unknown', time: 'unknown'
System info: host: 'TRANGTHU292', ip: '192.168.11.109', os.name: 'Windows 10', os.arch: 'amd64', os.version: '10.0', java.version: '1.8.0_131'
Driver info: io.appium.java_client.android.AndroidDriver
Capabilities [{appPackage=studio.crazybt.adventure, deviceScreenSize=720x1280, networkConnectionEnabled=true, noReset=true, warnings={}, databaseEnabled=false, version=, deviceName=4653bc57, fullReset=false, platform=ANDROID, deviceUDID=4653bc57, appActivity=studio.crazybt.adventure.activities.SplashActivity, desired={appPackage=studio.crazybt.adventure, appActivity=studio.crazybt.adventure.activities.SplashActivity, noReset=true, platformVersion=4.4.2, browserName=android, unicodeKeyboard=true, platformName=Android, version=, deviceName=4653bc57, fullReset=false, platform=ANDROID}, platformVersion=4.4.2, webStorageEnabled=false, locationContextEnabled=false, takesScreenshot=true, browserName=android, javascriptEnabled=true, deviceModel=SM-G7102, unicodeKeyboard=true, platformName=Android, deviceManufacturer=samsung}]
Session ID: 2baf1b49-d695-4dd5-aba2-941bfbff01ff
*** Element info: {Using=id, value=studio.crazybt.adventure:id/tlHomePage}
2018-03-12 22:56:11,210 - run -INFO - End testcase 32
2018-03-12 22:56:11,210 - run -INFO - Start testcase 33
2018-03-12 22:56:11,211 - check validate form create trips -INFO - Check validate
2018-03-12 22:56:11,211 - check validate form create trips -INFO - touch tab Ban tin
2018-03-12 22:56:11,486 - run -ERROR - An element could not be located on the page using the given search parameters. (WARNING: The server did not provide any stacktrace information)
Command duration or timeout: 274 milliseconds
For documentation on this error, please visit: http://seleniumhq.org/exceptions/no_such_element.html
Build info: version: 'unknown', revision: 'unknown', time: 'unknown'
System info: host: 'TRANGTHU292', ip: '192.168.11.109', os.name: 'Windows 10', os.arch: 'amd64', os.version: '10.0', java.version: '1.8.0_131'
Driver info: io.appium.java_client.android.AndroidDriver
Capabilities [{appPackage=studio.crazybt.adventure, deviceScreenSize=720x1280, networkConnectionEnabled=true, noReset=true, warnings={}, databaseEnabled=false, version=, deviceName=4653bc57, fullReset=false, platform=ANDROID, deviceUDID=4653bc57, appActivity=studio.crazybt.adventure.activities.SplashActivity, desired={appPackage=studio.crazybt.adventure, appActivity=studio.crazybt.adventure.activities.SplashActivity, noReset=true, platformVersion=4.4.2, browserName=android, unicodeKeyboard=true, platformName=Android, version=, deviceName=4653bc57, fullReset=false, platform=ANDROID}, platformVersion=4.4.2, webStorageEnabled=false, locationContextEnabled=false, takesScreenshot=true, browserName=android, javascriptEnabled=true, deviceModel=SM-G7102, unicodeKeyboard=true, platformName=Android, deviceManufacturer=samsung}]
Session ID: 2baf1b49-d695-4dd5-aba2-941bfbff01ff
*** Element info: {Using=id, value=studio.crazybt.adventure:id/tlHomePage}
2018-03-12 22:56:11,486 - run -INFO - End testcase 33
2018-03-12 22:56:11,487 - run -INFO - Start testcase 34
2018-03-12 22:56:11,487 - check validate form create trips -INFO - Check validate
2018-03-12 22:56:11,487 - check validate form create trips -INFO - touch tab Ban tin
2018-03-12 22:56:11,611 - run -ERROR - An element could not be located on the page using the given search parameters. (WARNING: The server did not provide any stacktrace information)
Command duration or timeout: 124 milliseconds
For documentation on this error, please visit: http://seleniumhq.org/exceptions/no_such_element.html
Build info: version: 'unknown', revision: 'unknown', time: 'unknown'
System info: host: 'TRANGTHU292', ip: '192.168.11.109', os.name: 'Windows 10', os.arch: 'amd64', os.version: '10.0', java.version: '1.8.0_131'
Driver info: io.appium.java_client.android.AndroidDriver
Capabilities [{appPackage=studio.crazybt.adventure, deviceScreenSize=720x1280, networkConnectionEnabled=true, noReset=true, warnings={}, databaseEnabled=false, version=, deviceName=4653bc57, fullReset=false, platform=ANDROID, deviceUDID=4653bc57, appActivity=studio.crazybt.adventure.activities.SplashActivity, desired={appPackage=studio.crazybt.adventure, appActivity=studio.crazybt.adventure.activities.SplashActivity, noReset=true, platformVersion=4.4.2, browserName=android, unicodeKeyboard=true, platformName=Android, version=, deviceName=4653bc57, fullReset=false, platform=ANDROID}, platformVersion=4.4.2, webStorageEnabled=false, locationContextEnabled=false, takesScreenshot=true, browserName=android, javascriptEnabled=true, deviceModel=SM-G7102, unicodeKeyboard=true, platformName=Android, deviceManufacturer=samsung}]
Session ID: 2baf1b49-d695-4dd5-aba2-941bfbff01ff
*** Element info: {Using=id, value=studio.crazybt.adventure:id/tlHomePage}
2018-03-12 22:56:11,612 - run -INFO - End testcase 34
2018-03-12 22:56:11,612 - run -INFO - Start testcase 35
2018-03-12 22:56:11,612 - check validate form create trips -INFO - Check validate
2018-03-12 22:56:11,612 - check validate form create trips -INFO - touch tab Ban tin
2018-03-12 22:56:11,959 - run -ERROR - An element could not be located on the page using the given search parameters. (WARNING: The server did not provide any stacktrace information)
Command duration or timeout: 347 milliseconds
For documentation on this error, please visit: http://seleniumhq.org/exceptions/no_such_element.html
Build info: version: 'unknown', revision: 'unknown', time: 'unknown'
System info: host: 'TRANGTHU292', ip: '192.168.11.109', os.name: 'Windows 10', os.arch: 'amd64', os.version: '10.0', java.version: '1.8.0_131'
Driver info: io.appium.java_client.android.AndroidDriver
Capabilities [{appPackage=studio.crazybt.adventure, deviceScreenSize=720x1280, networkConnectionEnabled=true, noReset=true, warnings={}, databaseEnabled=false, version=, deviceName=4653bc57, fullReset=false, platform=ANDROID, deviceUDID=4653bc57, appActivity=studio.crazybt.adventure.activities.SplashActivity, desired={appPackage=studio.crazybt.adventure, appActivity=studio.crazybt.adventure.activities.SplashActivity, noReset=true, platformVersion=4.4.2, browserName=android, unicodeKeyboard=true, platformName=Android, version=, deviceName=4653bc57, fullReset=false, platform=ANDROID}, platformVersion=4.4.2, webStorageEnabled=false, locationContextEnabled=false, takesScreenshot=true, browserName=android, javascriptEnabled=true, deviceModel=SM-G7102, unicodeKeyboard=true, platformName=Android, deviceManufacturer=samsung}]
Session ID: 2baf1b49-d695-4dd5-aba2-941bfbff01ff
*** Element info: {Using=id, value=studio.crazybt.adventure:id/tlHomePage}
2018-03-12 22:56:11,960 - run -INFO - End testcase 35
2018-03-12 22:56:11,960 - run -INFO - Start testcase 36
2018-03-12 22:56:11,960 - check validate form create trips -INFO - Check validate
2018-03-12 22:56:11,961 - check validate form create trips -INFO - touch tab Ban tin
2018-03-12 22:56:12,090 - run -ERROR - An element could not be located on the page using the given search parameters. (WARNING: The server did not provide any stacktrace information)
Command duration or timeout: 129 milliseconds
For documentation on this error, please visit: http://seleniumhq.org/exceptions/no_such_element.html
Build info: version: 'unknown', revision: 'unknown', time: 'unknown'
System info: host: 'TRANGTHU292', ip: '192.168.11.109', os.name: 'Windows 10', os.arch: 'amd64', os.version: '10.0', java.version: '1.8.0_131'
Driver info: io.appium.java_client.android.AndroidDriver
Capabilities [{appPackage=studio.crazybt.adventure, deviceScreenSize=720x1280, networkConnectionEnabled=true, noReset=true, warnings={}, databaseEnabled=false, version=, deviceName=4653bc57, fullReset=false, platform=ANDROID, deviceUDID=4653bc57, appActivity=studio.crazybt.adventure.activities.SplashActivity, desired={appPackage=studio.crazybt.adventure, appActivity=studio.crazybt.adventure.activities.SplashActivity, noReset=true, platformVersion=4.4.2, browserName=android, unicodeKeyboard=true, platformName=Android, version=, deviceName=4653bc57, fullReset=false, platform=ANDROID}, platformVersion=4.4.2, webStorageEnabled=false, locationContextEnabled=false, takesScreenshot=true, browserName=android, javascriptEnabled=true, deviceModel=SM-G7102, unicodeKeyboard=true, platformName=Android, deviceManufacturer=samsung}]
Session ID: 2baf1b49-d695-4dd5-aba2-941bfbff01ff
*** Element info: {Using=id, value=studio.crazybt.adventure:id/tlHomePage}
2018-03-12 22:56:12,090 - run -INFO - End testcase 36
2018-03-12 22:56:12,091 - run -INFO - Start testcase 37
2018-03-12 22:56:12,091 - check validate form create trips -INFO - Check validate
2018-03-12 22:56:12,091 - check validate form create trips -INFO - touch tab Ban tin
2018-03-12 22:56:12,220 - run -ERROR - An element could not be located on the page using the given search parameters. (WARNING: The server did not provide any stacktrace information)
Command duration or timeout: 128 milliseconds
For documentation on this error, please visit: http://seleniumhq.org/exceptions/no_such_element.html
Build info: version: 'unknown', revision: 'unknown', time: 'unknown'
System info: host: 'TRANGTHU292', ip: '192.168.11.109', os.name: 'Windows 10', os.arch: 'amd64', os.version: '10.0', java.version: '1.8.0_131'
Driver info: io.appium.java_client.android.AndroidDriver
Capabilities [{appPackage=studio.crazybt.adventure, deviceScreenSize=720x1280, networkConnectionEnabled=true, noReset=true, warnings={}, databaseEnabled=false, version=, deviceName=4653bc57, fullReset=false, platform=ANDROID, deviceUDID=4653bc57, appActivity=studio.crazybt.adventure.activities.SplashActivity, desired={appPackage=studio.crazybt.adventure, appActivity=studio.crazybt.adventure.activities.SplashActivity, noReset=true, platformVersion=4.4.2, browserName=android, unicodeKeyboard=true, platformName=Android, version=, deviceName=4653bc57, fullReset=false, platform=ANDROID}, platformVersion=4.4.2, webStorageEnabled=false, locationContextEnabled=false, takesScreenshot=true, browserName=android, javascriptEnabled=true, deviceModel=SM-G7102, unicodeKeyboard=true, platformName=Android, deviceManufacturer=samsung}]
Session ID: 2baf1b49-d695-4dd5-aba2-941bfbff01ff
*** Element info: {Using=id, value=studio.crazybt.adventure:id/tlHomePage}
2018-03-12 22:56:12,220 - run -INFO - End testcase 37
2018-03-12 22:56:12,220 - run -INFO - Start testcase 38
2018-03-12 22:56:12,221 - check validate form create trips -INFO - Check validate
2018-03-12 22:56:12,221 - check validate form create trips -INFO - touch tab Ban tin
2018-03-12 22:56:12,553 - run -ERROR - An element could not be located on the page using the given search parameters. (WARNING: The server did not provide any stacktrace information)
Command duration or timeout: 332 milliseconds
For documentation on this error, please visit: http://seleniumhq.org/exceptions/no_such_element.html
Build info: version: 'unknown', revision: 'unknown', time: 'unknown'
System info: host: 'TRANGTHU292', ip: '192.168.11.109', os.name: 'Windows 10', os.arch: 'amd64', os.version: '10.0', java.version: '1.8.0_131'
Driver info: io.appium.java_client.android.AndroidDriver
Capabilities [{appPackage=studio.crazybt.adventure, deviceScreenSize=720x1280, networkConnectionEnabled=true, noReset=true, warnings={}, databaseEnabled=false, version=, deviceName=4653bc57, fullReset=false, platform=ANDROID, deviceUDID=4653bc57, appActivity=studio.crazybt.adventure.activities.SplashActivity, desired={appPackage=studio.crazybt.adventure, appActivity=studio.crazybt.adventure.activities.SplashActivity, noReset=true, platformVersion=4.4.2, browserName=android, unicodeKeyboard=true, platformName=Android, version=, deviceName=4653bc57, fullReset=false, platform=ANDROID}, platformVersion=4.4.2, webStorageEnabled=false, locationContextEnabled=false, takesScreenshot=true, browserName=android, javascriptEnabled=true, deviceModel=SM-G7102, unicodeKeyboard=true, platformName=Android, deviceManufacturer=samsung}]
Session ID: 2baf1b49-d695-4dd5-aba2-941bfbff01ff
*** Element info: {Using=id, value=studio.crazybt.adventure:id/tlHomePage}
2018-03-12 22:56:12,554 - run -INFO - End testcase 38
2018-03-12 22:56:12,554 - run -INFO - Start testcase 39
2018-03-12 22:56:12,554 - check validate form create trips -INFO - Check validate
2018-03-12 22:56:12,555 - check validate form create trips -INFO - touch tab Ban tin
2018-03-12 22:56:12,725 - run -ERROR - An element could not be located on the page using the given search parameters. (WARNING: The server did not provide any stacktrace information)
Command duration or timeout: 170 milliseconds
For documentation on this error, please visit: http://seleniumhq.org/exceptions/no_such_element.html
Build info: version: 'unknown', revision: 'unknown', time: 'unknown'
System info: host: 'TRANGTHU292', ip: '192.168.11.109', os.name: 'Windows 10', os.arch: 'amd64', os.version: '10.0', java.version: '1.8.0_131'
Driver info: io.appium.java_client.android.AndroidDriver
Capabilities [{appPackage=studio.crazybt.adventure, deviceScreenSize=720x1280, networkConnectionEnabled=true, noReset=true, warnings={}, databaseEnabled=false, version=, deviceName=4653bc57, fullReset=false, platform=ANDROID, deviceUDID=4653bc57, appActivity=studio.crazybt.adventure.activities.SplashActivity, desired={appPackage=studio.crazybt.adventure, appActivity=studio.crazybt.adventure.activities.SplashActivity, noReset=true, platformVersion=4.4.2, browserName=android, unicodeKeyboard=true, platformName=Android, version=, deviceName=4653bc57, fullReset=false, platform=ANDROID}, platformVersion=4.4.2, webStorageEnabled=false, locationContextEnabled=false, takesScreenshot=true, browserName=android, javascriptEnabled=true, deviceModel=SM-G7102, unicodeKeyboard=true, platformName=Android, deviceManufacturer=samsung}]
Session ID: 2baf1b49-d695-4dd5-aba2-941bfbff01ff
*** Element info: {Using=id, value=studio.crazybt.adventure:id/tlHomePage}
2018-03-12 22:56:12,726 - run -INFO - End testcase 39
2018-03-12 22:56:12,726 - run -INFO - Start testcase 40
2018-03-12 22:56:12,727 - check validate form create trips -INFO - Check validate
2018-03-12 22:56:12,727 - check validate form create trips -INFO - touch tab Ban tin
2018-03-12 22:56:13,153 - run -ERROR - An element could not be located on the page using the given search parameters. (WARNING: The server did not provide any stacktrace information)
Command duration or timeout: 426 milliseconds
For documentation on this error, please visit: http://seleniumhq.org/exceptions/no_such_element.html
Build info: version: 'unknown', revision: 'unknown', time: 'unknown'
System info: host: 'TRANGTHU292', ip: '192.168.11.109', os.name: 'Windows 10', os.arch: 'amd64', os.version: '10.0', java.version: '1.8.0_131'
Driver info: io.appium.java_client.android.AndroidDriver
Capabilities [{appPackage=studio.crazybt.adventure, deviceScreenSize=720x1280, networkConnectionEnabled=true, noReset=true, warnings={}, databaseEnabled=false, version=, deviceName=4653bc57, fullReset=false, platform=ANDROID, deviceUDID=4653bc57, appActivity=studio.crazybt.adventure.activities.SplashActivity, desired={appPackage=studio.crazybt.adventure, appActivity=studio.crazybt.adventure.activities.SplashActivity, noReset=true, platformVersion=4.4.2, browserName=android, unicodeKeyboard=true, platformName=Android, version=, deviceName=4653bc57, fullReset=false, platform=ANDROID}, platformVersion=4.4.2, webStorageEnabled=false, locationContextEnabled=false, takesScreenshot=true, browserName=android, javascriptEnabled=true, deviceModel=SM-G7102, unicodeKeyboard=true, platformName=Android, deviceManufacturer=samsung}]
Session ID: 2baf1b49-d695-4dd5-aba2-941bfbff01ff
*** Element info: {Using=id, value=studio.crazybt.adventure:id/tlHomePage}
2018-03-12 22:56:13,154 - run -INFO - End testcase 40
2018-03-12 22:56:13,154 - run -INFO - Start testcase 41
2018-03-12 22:56:13,155 - run -INFO - End testcase 41
2018-03-12 22:56:13,156 - run -INFO - Start testcase 42
2018-03-12 22:56:13,157 - run -INFO - End testcase 42
2018-03-12 22:56:13,158 - run -INFO - Start testcase 43
2018-03-12 22:56:13,159 - run -INFO - End testcase 43
2018-03-12 22:56:13,159 - run -INFO - Start testcase 44
2018-03-12 22:56:13,160 - run -INFO - End testcase 44
2018-03-12 22:56:13,160 - run -INFO - Start testcase 45
2018-03-12 22:56:13,161 - run -INFO - End testcase 45
2018-03-12 22:56:13,161 - run -INFO - Start testcase 46
2018-03-12 22:56:13,162 - run -INFO - End testcase 46
2018-03-12 22:56:13,162 - run -INFO - Start testcase 47
2018-03-12 22:56:13,163 - run -INFO - End testcase 47
2018-03-12 22:56:13,163 - run -INFO - Start testcase 48
2018-03-12 22:56:13,167 - run -INFO - End testcase 48
2018-03-12 22:56:13,167 - run -INFO - Start testcase 49
2018-03-12 22:56:13,170 - run -INFO - End testcase 49
2018-03-12 22:56:13,170 - run -INFO - Start testcase 50
2018-03-12 22:56:13,173 - run -INFO - End testcase 50
2018-03-12 22:56:13,173 - run -INFO - Start testcase 51
2018-03-12 22:56:13,177 - run -INFO - End testcase 51
2018-03-12 22:56:13,177 - run -INFO - Start testcase 52
2018-03-12 22:56:13,181 - run -INFO - End testcase 52
2018-03-12 22:56:13,181 - run -INFO - Start testcase 53
2018-03-12 22:56:13,184 - run -INFO - End testcase 53
2018-03-12 22:56:13,190 - run -INFO - Start testcase 54
2018-03-12 22:56:13,209 - run -INFO - End testcase 54
2018-03-12 22:56:13,214 - run -INFO - Start testcase 55
2018-03-12 22:56:13,215 - checkDiary -INFO - touch button Đăng
2018-03-12 22:56:13,430 - run -ERROR - An element could not be located on the page using the given search parameters. (WARNING: The server did not provide any stacktrace information)
Command duration or timeout: 215 milliseconds
For documentation on this error, please visit: http://seleniumhq.org/exceptions/no_such_element.html
Build info: version: 'unknown', revision: 'unknown', time: 'unknown'
System info: host: 'TRANGTHU292', ip: '192.168.11.109', os.name: 'Windows 10', os.arch: 'amd64', os.version: '10.0', java.version: '1.8.0_131'
Driver info: io.appium.java_client.android.AndroidDriver
Capabilities [{appPackage=studio.crazybt.adventure, deviceScreenSize=720x1280, networkConnectionEnabled=true, noReset=true, warnings={}, databaseEnabled=false, version=, deviceName=4653bc57, fullReset=false, platform=ANDROID, deviceUDID=4653bc57, appActivity=studio.crazybt.adventure.activities.SplashActivity, desired={appPackage=studio.crazybt.adventure, appActivity=studio.crazybt.adventure.activities.SplashActivity, noReset=true, platformVersion=4.4.2, browserName=android, unicodeKeyboard=true, platformName=Android, version=, deviceName=4653bc57, fullReset=false, platform=ANDROID}, platformVersion=4.4.2, webStorageEnabled=false, locationContextEnabled=false, takesScreenshot=true, browserName=android, javascriptEnabled=true, deviceModel=SM-G7102, unicodeKeyboard=true, platformName=Android, deviceManufacturer=samsung}]
Session ID: 2baf1b49-d695-4dd5-aba2-941bfbff01ff
*** Element info: {Using=id, value=studio.crazybt.adventure:id/itemPost}
2018-03-12 22:56:13,431 - run -INFO - End testcase 55
2018-03-12 22:56:13,431 - run -INFO - Start testcase 56
2018-03-12 22:56:13,431 - checkDiary -INFO - touch button Đăng
2018-03-12 22:56:13,595 - run -ERROR - An element could not be located on the page using the given search parameters. (WARNING: The server did not provide any stacktrace information)
Command duration or timeout: 163 milliseconds
For documentation on this error, please visit: http://seleniumhq.org/exceptions/no_such_element.html
Build info: version: 'unknown', revision: 'unknown', time: 'unknown'
System info: host: 'TRANGTHU292', ip: '192.168.11.109', os.name: 'Windows 10', os.arch: 'amd64', os.version: '10.0', java.version: '1.8.0_131'
Driver info: io.appium.java_client.android.AndroidDriver
Capabilities [{appPackage=studio.crazybt.adventure, deviceScreenSize=720x1280, networkConnectionEnabled=true, noReset=true, warnings={}, databaseEnabled=false, version=, deviceName=4653bc57, fullReset=false, platform=ANDROID, deviceUDID=4653bc57, appActivity=studio.crazybt.adventure.activities.SplashActivity, desired={appPackage=studio.crazybt.adventure, appActivity=studio.crazybt.adventure.activities.SplashActivity, noReset=true, platformVersion=4.4.2, browserName=android, unicodeKeyboard=true, platformName=Android, version=, deviceName=4653bc57, fullReset=false, platform=ANDROID}, platformVersion=4.4.2, webStorageEnabled=false, locationContextEnabled=false, takesScreenshot=true, browserName=android, javascriptEnabled=true, deviceModel=SM-G7102, unicodeKeyboard=true, platformName=Android, deviceManufacturer=samsung}]
Session ID: 2baf1b49-d695-4dd5-aba2-941bfbff01ff
*** Element info: {Using=id, value=studio.crazybt.adventure:id/itemPost}
2018-03-12 22:56:13,595 - run -INFO - End testcase 56
2018-03-12 22:56:13,595 - run -INFO - Start testcase 57
2018-03-12 22:56:13,596 - checkDiary -INFO - touch button Đăng
2018-03-12 22:56:14,102 - run -ERROR - An element could not be located on the page using the given search parameters. (WARNING: The server did not provide any stacktrace information)
Command duration or timeout: 506 milliseconds
For documentation on this error, please visit: http://seleniumhq.org/exceptions/no_such_element.html
Build info: version: 'unknown', revision: 'unknown', time: 'unknown'
System info: host: 'TRANGTHU292', ip: '192.168.11.109', os.name: 'Windows 10', os.arch: 'amd64', os.version: '10.0', java.version: '1.8.0_131'
Driver info: io.appium.java_client.android.AndroidDriver
Capabilities [{appPackage=studio.crazybt.adventure, deviceScreenSize=720x1280, networkConnectionEnabled=true, noReset=true, warnings={}, databaseEnabled=false, version=, deviceName=4653bc57, fullReset=false, platform=ANDROID, deviceUDID=4653bc57, appActivity=studio.crazybt.adventure.activities.SplashActivity, desired={appPackage=studio.crazybt.adventure, appActivity=studio.crazybt.adventure.activities.SplashActivity, noReset=true, platformVersion=4.4.2, browserName=android, unicodeKeyboard=true, platformName=Android, version=, deviceName=4653bc57, fullReset=false, platform=ANDROID}, platformVersion=4.4.2, webStorageEnabled=false, locationContextEnabled=false, takesScreenshot=true, browserName=android, javascriptEnabled=true, deviceModel=SM-G7102, unicodeKeyboard=true, platformName=Android, deviceManufacturer=samsung}]
Session ID: 2baf1b49-d695-4dd5-aba2-941bfbff01ff
*** Element info: {Using=id, value=studio.crazybt.adventure:id/itemPost}
2018-03-12 22:56:14,103 - run -INFO - End testcase 57
2018-03-12 22:56:14,103 - run -INFO - Start testcase 58
2018-03-12 22:56:14,104 - run -INFO - End testcase 58
2018-03-12 22:56:14,104 - run -INFO - Start testcase 59
2018-03-12 22:56:14,105 - run -INFO - End testcase 59
2018-03-12 22:56:14,105 - run -INFO - Start testcase 60
2018-03-12 22:56:14,106 - run -INFO - End testcase 60
2018-03-12 22:56:14,106 - run -INFO - Start testcase 61
2018-03-12 22:56:14,108 - run -INFO - End testcase 61
2018-03-12 22:56:14,109 - run -INFO - Start testcase 62
2018-03-12 22:56:14,110 - run -INFO - End testcase 62
2018-03-12 22:56:14,110 - run -INFO - Start testcase 63
2018-03-12 22:56:14,111 - run -INFO - End testcase 63
2018-03-12 22:56:14,111 - run -INFO - Start testcase 64
2018-03-12 22:56:14,112 - run -INFO - End testcase 64
2018-03-12 22:56:14,113 - run -INFO - Start testcase 65
2018-03-12 22:56:14,114 - run -INFO - End testcase 65
2018-03-12 22:56:14,114 - run -INFO - Start testcase 66
2018-03-12 22:56:14,115 - run -INFO - End testcase 66
2018-03-12 22:56:14,116 - run -INFO - Start testcase 67
2018-03-12 22:56:14,117 - run -INFO - End testcase 67
2018-03-12 22:56:14,117 - run -INFO - Start testcase 68
2018-03-12 22:56:14,118 - run -INFO - End testcase 68
2018-03-12 22:56:14,118 - run -INFO - Start testcase 69
2018-03-12 22:56:14,119 - run -INFO - End testcase 69
2018-03-12 22:56:14,161 - end -INFO - Tong thoi gian chay: 554s ~ 9p14s
2018-03-12 22:56:14,162 - end -INFO - Tong time nghi: 26s ~ 0p26s
