2018-03-13 12:12:53,471 - open -INFO - Start test at 2018/03/13 12:12:53
2018-03-13 12:12:53,475 - open -INFO - Setup to connect devices
2018-03-13 12:13:27,212 - open -INFO - Done setup to connect devices
2018-03-13 12:13:27,212 - open -INFO - Connect database
2018-03-13 12:13:27,212 - open -INFO - Connect database success
2018-03-13 12:13:27,577 - run -INFO - Start testcase 1
2018-03-13 12:13:27,596 - run -INFO - End testcase 1
2018-03-13 12:13:27,596 - run -INFO - Start testcase 2
2018-03-13 12:13:27,612 - run -INFO - End testcase 2
2018-03-13 12:13:27,613 - run -INFO - Start testcase 3
2018-03-13 12:13:27,629 - run -INFO - End testcase 3
2018-03-13 12:13:27,630 - run -INFO - Start testcase 4
2018-03-13 12:13:27,648 - run -INFO - End testcase 4
2018-03-13 12:13:27,648 - run -INFO - Start testcase 5
2018-03-13 12:13:27,662 - run -INFO - End testcase 5
2018-03-13 12:13:27,662 - run -INFO - Start testcase 6
2018-03-13 12:13:27,677 - run -INFO - End testcase 6
2018-03-13 12:13:27,677 - run -INFO - Start testcase 7
2018-03-13 12:13:27,689 - run -INFO - End testcase 7
2018-03-13 12:13:27,689 - run -INFO - Start testcase 8
2018-03-13 12:13:27,700 - run -INFO - End testcase 8
2018-03-13 12:13:27,700 - run -INFO - Start testcase 9
2018-03-13 12:13:27,712 - run -INFO - End testcase 9
2018-03-13 12:13:27,712 - run -INFO - Start testcase 10
2018-03-13 12:13:27,724 - run -INFO - End testcase 10
2018-03-13 12:13:27,725 - run -INFO - Start testcase 11
2018-03-13 12:13:27,740 - run -INFO - End testcase 11
2018-03-13 12:13:27,740 - run -INFO - Start testcase 12
2018-03-13 12:13:27,753 - run -INFO - End testcase 12
2018-03-13 12:13:27,753 - run -INFO - Start testcase 13
2018-03-13 12:13:27,766 - run -INFO - End testcase 13
2018-03-13 12:13:27,766 - run -INFO - Start testcase 14
2018-03-13 12:13:27,778 - run -INFO - End testcase 14
2018-03-13 12:13:27,778 - run -INFO - Start testcase 15
2018-03-13 12:13:27,796 - run -INFO - End testcase 15
2018-03-13 12:13:27,797 - run -INFO - Start testcase 16
2018-03-13 12:13:27,810 - run -INFO - End testcase 16
2018-03-13 12:13:27,811 - run -INFO - Start testcase 17
2018-03-13 12:13:27,825 - run -INFO - End testcase 17
2018-03-13 12:13:27,825 - run -INFO - Start testcase 18
2018-03-13 12:13:27,855 - run -INFO - End testcase 18
2018-03-13 12:13:27,855 - run -INFO - Start testcase 19
2018-03-13 12:13:27,870 - run -INFO - End testcase 19
2018-03-13 12:13:27,870 - run -INFO - Start testcase 20
2018-03-13 12:13:27,881 - run -INFO - End testcase 20
2018-03-13 12:13:27,881 - run -INFO - Start testcase 21
2018-03-13 12:13:27,891 - run -INFO - End testcase 21
2018-03-13 12:13:27,892 - run -INFO - Start testcase 22
2018-03-13 12:13:27,907 - run -INFO - End testcase 22
2018-03-13 12:13:27,907 - run -INFO - Start testcase 23
2018-03-13 12:13:27,917 - run -INFO - End testcase 23
2018-03-13 12:13:27,917 - run -INFO - Start testcase 24
2018-03-13 12:13:27,925 - run -INFO - End testcase 24
2018-03-13 12:13:27,926 - run -INFO - Start testcase 25
2018-03-13 12:13:27,935 - run -INFO - End testcase 25
2018-03-13 12:13:27,936 - run -INFO - Start testcase 26
2018-03-13 12:13:27,946 - run -INFO - End testcase 26
2018-03-13 12:13:27,947 - run -INFO - Start testcase 27
2018-03-13 12:13:27,957 - run -INFO - End testcase 27
2018-03-13 12:13:27,957 - run -INFO - Start testcase 28
2018-03-13 12:13:27,965 - run -INFO - End testcase 28
2018-03-13 12:13:27,965 - run -INFO - Start testcase 29
2018-03-13 12:13:27,973 - run -INFO - End testcase 29
2018-03-13 12:13:27,974 - run -INFO - Start testcase 30
2018-03-13 12:13:27,981 - run -INFO - End testcase 30
2018-03-13 12:13:27,982 - run -INFO - Start testcase 31
2018-03-13 12:13:27,991 - run -INFO - End testcase 31
2018-03-13 12:13:27,991 - run -INFO - Start testcase 32
2018-03-13 12:13:28,003 - run -INFO - End testcase 32
2018-03-13 12:13:28,003 - run -INFO - Start testcase 33
2018-03-13 12:13:28,013 - run -INFO - End testcase 33
2018-03-13 12:13:28,013 - run -INFO - Start testcase 34
2018-03-13 12:13:28,022 - run -INFO - End testcase 34
2018-03-13 12:13:28,022 - run -INFO - Start testcase 35
2018-03-13 12:13:28,030 - run -INFO - End testcase 35
2018-03-13 12:13:28,031 - run -INFO - Start testcase 36
2018-03-13 12:13:28,041 - run -INFO - End testcase 36
2018-03-13 12:13:28,042 - run -INFO - Start testcase 37
2018-03-13 12:13:28,051 - run -INFO - End testcase 37
2018-03-13 12:13:28,052 - run -INFO - Start testcase 38
2018-03-13 12:13:28,066 - run -INFO - End testcase 38
2018-03-13 12:13:28,067 - run -INFO - Start testcase 39
2018-03-13 12:13:28,081 - run -INFO - End testcase 39
2018-03-13 12:13:28,081 - run -INFO - Start testcase 40
2018-03-13 12:13:28,094 - run -INFO - End testcase 40
2018-03-13 12:13:28,094 - run -INFO - Start testcase 41
2018-03-13 12:13:28,106 - joinAndInterested -INFO - check demo 1 yêu cầu tham gia va quan tâm
2018-03-13 12:13:28,106 - Logout -INFO - touch menu
2018-03-13 12:13:38,261 - Logout -INFO - touch Dang xuat
2018-03-13 12:13:39,362 - joinAndInterested -INFO - login demo1
2018-03-13 12:13:39,363 - Login -INFO - Start Login
2018-03-13 12:13:39,363 - Login -INFO - Login account
2018-03-13 12:13:39,364 - Login -INFO - click button login email
2018-03-13 12:13:40,894 - Login -INFO - send username
2018-03-13 12:13:53,753 - Login -INFO - send pass 
2018-03-13 12:14:08,368 - Login -INFO - click button login
2018-03-13 12:14:09,039 - joinAndInterested -INFO - touch chuyen di
2018-03-13 12:14:14,142 - joinAndInterested -INFO - touch quan tam
2018-03-13 12:14:14,608 - joinAndInterested -INFO - quay lại màn hình trước
2018-03-13 12:14:16,061 - joinAndInterested -INFO - Fail: demo 1 gửi yêu cầu tham gia và quan tâm không thành công
2018-03-13 12:14:19,987 - run -INFO - End testcase 41
2018-03-13 12:14:19,988 - run -INFO - Start testcase 42
2018-03-13 12:14:19,988 - joinAndInterested -INFO - check demo 2 yêu cầu tham gia va quan tâm
2018-03-13 12:14:19,988 - Logout -INFO - touch menu
2018-03-13 12:14:20,076 - joinAndInterested -INFO - Fail: demo 2 gửi yêu cầu tham gia và quan tâm không thành công
2018-03-13 12:14:23,836 - run -INFO - End testcase 42
2018-03-13 12:14:23,836 - run -INFO - Start testcase 43
2018-03-13 12:14:23,837 - joinAndInterested -INFO - check demo 3 yêu cầu tham gia va quan tâm
2018-03-13 12:14:23,837 - Logout -INFO - touch menu
2018-03-13 12:14:23,870 - joinAndInterested -INFO - Fail: demo 3 gửi yêu cầu tham gia và quan tâm không thành công
2018-03-13 12:14:28,264 - run -INFO - End testcase 43
2018-03-13 12:14:28,264 - run -INFO - Start testcase 44
2018-03-13 12:14:28,264 - joinAndInterested -INFO - demo 3 hủy yêu cầu tham gia va quan tâm
2018-03-13 12:14:28,265 - joinAndInterested -INFO - touch Hủy yêu cầu
2018-03-13 12:14:28,304 - joinAndInterested -INFO - Fail: demo 3 hủy yêu cầu tham gia va quan tâm không thành công
2018-03-13 12:14:32,364 - joinAndInterested -INFO - touch button quay lại màn hình tab Công khai
2018-03-13 12:14:32,433 - run -ERROR - An element could not be located on the page using the given search parameters. (WARNING: The server did not provide any stacktrace information)
Command duration or timeout: 63 milliseconds
For documentation on this error, please visit: http://seleniumhq.org/exceptions/no_such_element.html
Build info: version: 'unknown', revision: 'unknown', time: 'unknown'
System info: host: 'TRANGTHU292', ip: '192.168.1.4', os.name: 'Windows 10', os.arch: 'amd64', os.version: '10.0', java.version: '1.8.0_131'
Driver info: io.appium.java_client.android.AndroidDriver
Capabilities [{appPackage=studio.crazybt.adventure, deviceScreenSize=720x1280, networkConnectionEnabled=true, noReset=true, warnings={}, databaseEnabled=false, version=, deviceName=4653bc57, fullReset=false, platform=ANDROID, deviceUDID=4653bc57, appActivity=studio.crazybt.adventure.activities.SplashActivity, desired={appPackage=studio.crazybt.adventure, appActivity=studio.crazybt.adventure.activities.SplashActivity, noReset=true, platformVersion=4.4.2, browserName=android, unicodeKeyboard=true, platformName=Android, version=, deviceName=4653bc57, fullReset=false, platform=ANDROID}, platformVersion=4.4.2, webStorageEnabled=false, locationContextEnabled=false, takesScreenshot=true, browserName=android, javascriptEnabled=true, deviceModel=SM-G7102, unicodeKeyboard=true, platformName=Android, deviceManufacturer=samsung}]
Session ID: ea7ade9f-8d5c-44ff-87cf-c89f2083efa8
*** Element info: {Using=id, value=studio.crazybt.adventure:id/tbTrip}
2018-03-13 12:14:32,434 - run -INFO - End testcase 44
2018-03-13 12:14:32,435 - run -INFO - Start testcase 45
2018-03-13 12:14:32,435 - joinAndInterested -INFO - demo 3 hủy yêu cầu tham gia va quan tâm
2018-03-13 12:14:32,436 - joinAndInterested -INFO - touch Hủy yêu cầu
2018-03-13 12:14:32,496 - joinAndInterested -INFO - Fail: demo 3 hủy yêu cầu tham gia va quan tâm không thành công
2018-03-13 12:14:37,383 - joinAndInterested -INFO - touch button quay lại màn hình tab Công khai
2018-03-13 12:14:37,606 - run -ERROR - An element could not be located on the page using the given search parameters. (WARNING: The server did not provide any stacktrace information)
Command duration or timeout: 221 milliseconds
For documentation on this error, please visit: http://seleniumhq.org/exceptions/no_such_element.html
Build info: version: 'unknown', revision: 'unknown', time: 'unknown'
System info: host: 'TRANGTHU292', ip: '192.168.1.4', os.name: 'Windows 10', os.arch: 'amd64', os.version: '10.0', java.version: '1.8.0_131'
Driver info: io.appium.java_client.android.AndroidDriver
Capabilities [{appPackage=studio.crazybt.adventure, deviceScreenSize=720x1280, networkConnectionEnabled=true, noReset=true, warnings={}, databaseEnabled=false, version=, deviceName=4653bc57, fullReset=false, platform=ANDROID, deviceUDID=4653bc57, appActivity=studio.crazybt.adventure.activities.SplashActivity, desired={appPackage=studio.crazybt.adventure, appActivity=studio.crazybt.adventure.activities.SplashActivity, noReset=true, platformVersion=4.4.2, browserName=android, unicodeKeyboard=true, platformName=Android, version=, deviceName=4653bc57, fullReset=false, platform=ANDROID}, platformVersion=4.4.2, webStorageEnabled=false, locationContextEnabled=false, takesScreenshot=true, browserName=android, javascriptEnabled=true, deviceModel=SM-G7102, unicodeKeyboard=true, platformName=Android, deviceManufacturer=samsung}]
Session ID: ea7ade9f-8d5c-44ff-87cf-c89f2083efa8
*** Element info: {Using=id, value=studio.crazybt.adventure:id/tbTrip}
2018-03-13 12:14:37,607 - run -INFO - End testcase 45
2018-03-13 12:14:37,607 - run -INFO - Start testcase 46
2018-03-13 12:14:37,609 - joinAndInterested -INFO - demo 3 hủy yêu cầu tham gia va quan tâm
2018-03-13 12:14:37,609 - joinAndInterested -INFO - touch Hủy yêu cầu
2018-03-13 12:14:37,671 - joinAndInterested -INFO - Fail: demo 3 hủy yêu cầu tham gia va quan tâm không thành công
2018-03-13 12:14:41,514 - joinAndInterested -INFO - touch button quay lại màn hình tab Công khai
2018-03-13 12:14:41,555 - run -ERROR - An element could not be located on the page using the given search parameters. (WARNING: The server did not provide any stacktrace information)
Command duration or timeout: 41 milliseconds
For documentation on this error, please visit: http://seleniumhq.org/exceptions/no_such_element.html
Build info: version: 'unknown', revision: 'unknown', time: 'unknown'
System info: host: 'TRANGTHU292', ip: '192.168.1.4', os.name: 'Windows 10', os.arch: 'amd64', os.version: '10.0', java.version: '1.8.0_131'
Driver info: io.appium.java_client.android.AndroidDriver
Capabilities [{appPackage=studio.crazybt.adventure, deviceScreenSize=720x1280, networkConnectionEnabled=true, noReset=true, warnings={}, databaseEnabled=false, version=, deviceName=4653bc57, fullReset=false, platform=ANDROID, deviceUDID=4653bc57, appActivity=studio.crazybt.adventure.activities.SplashActivity, desired={appPackage=studio.crazybt.adventure, appActivity=studio.crazybt.adventure.activities.SplashActivity, noReset=true, platformVersion=4.4.2, browserName=android, unicodeKeyboard=true, platformName=Android, version=, deviceName=4653bc57, fullReset=false, platform=ANDROID}, platformVersion=4.4.2, webStorageEnabled=false, locationContextEnabled=false, takesScreenshot=true, browserName=android, javascriptEnabled=true, deviceModel=SM-G7102, unicodeKeyboard=true, platformName=Android, deviceManufacturer=samsung}]
Session ID: ea7ade9f-8d5c-44ff-87cf-c89f2083efa8
*** Element info: {Using=id, value=studio.crazybt.adventure:id/tbTrip}
2018-03-13 12:14:41,555 - run -INFO - End testcase 46
2018-03-13 12:14:41,556 - run -INFO - Start testcase 47
2018-03-13 12:14:41,556 - joinAndInterested -INFO - demo 3 hủy yêu cầu tham gia va quan tâm
2018-03-13 12:14:41,556 - joinAndInterested -INFO - touch Hủy yêu cầu
2018-03-13 12:14:41,627 - joinAndInterested -INFO - Fail: demo 3 hủy yêu cầu tham gia va quan tâm không thành công
2018-03-13 12:14:45,744 - joinAndInterested -INFO - touch button quay lại màn hình tab Công khai
2018-03-13 12:14:45,825 - run -ERROR - An element could not be located on the page using the given search parameters. (WARNING: The server did not provide any stacktrace information)
Command duration or timeout: 79 milliseconds
For documentation on this error, please visit: http://seleniumhq.org/exceptions/no_such_element.html
Build info: version: 'unknown', revision: 'unknown', time: 'unknown'
System info: host: 'TRANGTHU292', ip: '192.168.1.4', os.name: 'Windows 10', os.arch: 'amd64', os.version: '10.0', java.version: '1.8.0_131'
Driver info: io.appium.java_client.android.AndroidDriver
Capabilities [{appPackage=studio.crazybt.adventure, deviceScreenSize=720x1280, networkConnectionEnabled=true, noReset=true, warnings={}, databaseEnabled=false, version=, deviceName=4653bc57, fullReset=false, platform=ANDROID, deviceUDID=4653bc57, appActivity=studio.crazybt.adventure.activities.SplashActivity, desired={appPackage=studio.crazybt.adventure, appActivity=studio.crazybt.adventure.activities.SplashActivity, noReset=true, platformVersion=4.4.2, browserName=android, unicodeKeyboard=true, platformName=Android, version=, deviceName=4653bc57, fullReset=false, platform=ANDROID}, platformVersion=4.4.2, webStorageEnabled=false, locationContextEnabled=false, takesScreenshot=true, browserName=android, javascriptEnabled=true, deviceModel=SM-G7102, unicodeKeyboard=true, platformName=Android, deviceManufacturer=samsung}]
Session ID: ea7ade9f-8d5c-44ff-87cf-c89f2083efa8
*** Element info: {Using=id, value=studio.crazybt.adventure:id/tbTrip}
2018-03-13 12:14:45,826 - run -INFO - End testcase 47
2018-03-13 12:14:45,826 - run -INFO - Start testcase 48
2018-03-13 12:14:46,248 - run -INFO - End testcase 48
2018-03-13 12:14:46,249 - run -INFO - Start testcase 49
2018-03-13 12:14:46,253 - run -INFO - End testcase 49
2018-03-13 12:14:46,254 - run -INFO - Start testcase 50
2018-03-13 12:14:46,257 - run -INFO - End testcase 50
2018-03-13 12:14:46,258 - run -INFO - Start testcase 51
2018-03-13 12:14:46,262 - run -INFO - End testcase 51
2018-03-13 12:14:46,262 - run -INFO - Start testcase 52
2018-03-13 12:14:46,271 - checkDiscussion -INFO - Check tạo bài thảo luận thành công
2018-03-13 12:14:46,271 - Logout -INFO - touch menu
2018-03-13 12:14:46,447 - run -ERROR - An element could not be located on the page using the given search parameters. (WARNING: The server did not provide any stacktrace information)
Command duration or timeout: 174 milliseconds
For documentation on this error, please visit: http://seleniumhq.org/exceptions/no_such_element.html
Build info: version: 'unknown', revision: 'unknown', time: 'unknown'
System info: host: 'TRANGTHU292', ip: '192.168.1.4', os.name: 'Windows 10', os.arch: 'amd64', os.version: '10.0', java.version: '1.8.0_131'
Driver info: io.appium.java_client.android.AndroidDriver
Capabilities [{appPackage=studio.crazybt.adventure, deviceScreenSize=720x1280, networkConnectionEnabled=true, noReset=true, warnings={}, databaseEnabled=false, version=, deviceName=4653bc57, fullReset=false, platform=ANDROID, deviceUDID=4653bc57, appActivity=studio.crazybt.adventure.activities.SplashActivity, desired={appPackage=studio.crazybt.adventure, appActivity=studio.crazybt.adventure.activities.SplashActivity, noReset=true, platformVersion=4.4.2, browserName=android, unicodeKeyboard=true, platformName=Android, version=, deviceName=4653bc57, fullReset=false, platform=ANDROID}, platformVersion=4.4.2, webStorageEnabled=false, locationContextEnabled=false, takesScreenshot=true, browserName=android, javascriptEnabled=true, deviceModel=SM-G7102, unicodeKeyboard=true, platformName=Android, deviceManufacturer=samsung}]
Session ID: ea7ade9f-8d5c-44ff-87cf-c89f2083efa8
*** Element info: {Using=id, value=studio.crazybt.adventure:id/tbHomePage}
2018-03-13 12:14:46,448 - run -INFO - End testcase 52
2018-03-13 12:14:46,448 - run -INFO - Start testcase 53
2018-03-13 12:14:46,452 - checkDiscussion -INFO - Check tạo bài thảo luận thành công
2018-03-13 12:14:46,452 - Logout -INFO - touch menu
2018-03-13 12:14:46,625 - run -ERROR - An element could not be located on the page using the given search parameters. (WARNING: The server did not provide any stacktrace information)
Command duration or timeout: 172 milliseconds
For documentation on this error, please visit: http://seleniumhq.org/exceptions/no_such_element.html
Build info: version: 'unknown', revision: 'unknown', time: 'unknown'
System info: host: 'TRANGTHU292', ip: '192.168.1.4', os.name: 'Windows 10', os.arch: 'amd64', os.version: '10.0', java.version: '1.8.0_131'
Driver info: io.appium.java_client.android.AndroidDriver
Capabilities [{appPackage=studio.crazybt.adventure, deviceScreenSize=720x1280, networkConnectionEnabled=true, noReset=true, warnings={}, databaseEnabled=false, version=, deviceName=4653bc57, fullReset=false, platform=ANDROID, deviceUDID=4653bc57, appActivity=studio.crazybt.adventure.activities.SplashActivity, desired={appPackage=studio.crazybt.adventure, appActivity=studio.crazybt.adventure.activities.SplashActivity, noReset=true, platformVersion=4.4.2, browserName=android, unicodeKeyboard=true, platformName=Android, version=, deviceName=4653bc57, fullReset=false, platform=ANDROID}, platformVersion=4.4.2, webStorageEnabled=false, locationContextEnabled=false, takesScreenshot=true, browserName=android, javascriptEnabled=true, deviceModel=SM-G7102, unicodeKeyboard=true, platformName=Android, deviceManufacturer=samsung}]
Session ID: ea7ade9f-8d5c-44ff-87cf-c89f2083efa8
*** Element info: {Using=id, value=studio.crazybt.adventure:id/tbHomePage}
2018-03-13 12:14:46,626 - run -INFO - End testcase 53
2018-03-13 12:14:46,626 - run -INFO - Start testcase 54
2018-03-13 12:14:46,631 - checkDiscussion -INFO - Check tạo bài thảo luận thành công
2018-03-13 12:14:46,631 - Logout -INFO - touch menu
2018-03-13 12:14:46,733 - run -ERROR - An element could not be located on the page using the given search parameters. (WARNING: The server did not provide any stacktrace information)
Command duration or timeout: 100 milliseconds
For documentation on this error, please visit: http://seleniumhq.org/exceptions/no_such_element.html
Build info: version: 'unknown', revision: 'unknown', time: 'unknown'
System info: host: 'TRANGTHU292', ip: '192.168.1.4', os.name: 'Windows 10', os.arch: 'amd64', os.version: '10.0', java.version: '1.8.0_131'
Driver info: io.appium.java_client.android.AndroidDriver
Capabilities [{appPackage=studio.crazybt.adventure, deviceScreenSize=720x1280, networkConnectionEnabled=true, noReset=true, warnings={}, databaseEnabled=false, version=, deviceName=4653bc57, fullReset=false, platform=ANDROID, deviceUDID=4653bc57, appActivity=studio.crazybt.adventure.activities.SplashActivity, desired={appPackage=studio.crazybt.adventure, appActivity=studio.crazybt.adventure.activities.SplashActivity, noReset=true, platformVersion=4.4.2, browserName=android, unicodeKeyboard=true, platformName=Android, version=, deviceName=4653bc57, fullReset=false, platform=ANDROID}, platformVersion=4.4.2, webStorageEnabled=false, locationContextEnabled=false, takesScreenshot=true, browserName=android, javascriptEnabled=true, deviceModel=SM-G7102, unicodeKeyboard=true, platformName=Android, deviceManufacturer=samsung}]
Session ID: ea7ade9f-8d5c-44ff-87cf-c89f2083efa8
*** Element info: {Using=id, value=studio.crazybt.adventure:id/tbHomePage}
2018-03-13 12:14:46,733 - run -INFO - End testcase 54
2018-03-13 12:14:46,733 - run -INFO - Start testcase 55
2018-03-13 12:14:46,742 - run -INFO - End testcase 55
2018-03-13 12:14:46,742 - run -INFO - Start testcase 56
2018-03-13 12:14:46,752 - run -INFO - End testcase 56
2018-03-13 12:14:46,752 - run -INFO - Start testcase 57
2018-03-13 12:14:46,762 - run -INFO - End testcase 57
2018-03-13 12:14:46,762 - run -INFO - Start testcase 58
2018-03-13 12:14:47,229 - run -INFO - End testcase 58
2018-03-13 12:14:47,230 - run -INFO - Start testcase 59
2018-03-13 12:14:47,251 - run -INFO - End testcase 59
2018-03-13 12:14:47,251 - run -INFO - Start testcase 60
2018-03-13 12:14:47,266 - run -INFO - End testcase 60
2018-03-13 12:14:47,266 - run -INFO - Start testcase 61
2018-03-13 12:14:47,283 - run -INFO - End testcase 61
2018-03-13 12:14:47,284 - run -INFO - Start testcase 62
2018-03-13 12:14:47,295 - run -INFO - End testcase 62
2018-03-13 12:14:47,296 - run -INFO - Start testcase 63
2018-03-13 12:14:47,307 - run -INFO - End testcase 63
2018-03-13 12:14:47,308 - run -INFO - Start testcase 64
2018-03-13 12:14:47,319 - run -INFO - End testcase 64
2018-03-13 12:14:47,319 - run -INFO - Start testcase 65
2018-03-13 12:14:47,335 - run -INFO - End testcase 65
2018-03-13 12:14:47,336 - run -INFO - Start testcase 66
2018-03-13 12:14:47,348 - run -INFO - End testcase 66
2018-03-13 12:14:47,348 - run -INFO - Start testcase 67
2018-03-13 12:14:47,359 - run -INFO - End testcase 67
2018-03-13 12:14:47,359 - run -INFO - Start testcase 68
2018-03-13 12:14:47,368 - run -INFO - End testcase 68
2018-03-13 12:14:47,369 - run -INFO - Start testcase 69
2018-03-13 12:14:47,390 - run -INFO - End testcase 69
2018-03-13 12:14:47,417 - end -INFO - Tong thoi gian chay: 113s ~ 1p53s
2018-03-13 12:14:47,417 - end -INFO - Tong time nghi: 0s ~ 0p0s
