2018-03-12 22:33:07,433 - open -INFO - Start test at 2018/03/12 22:33:07
2018-03-12 22:33:07,436 - open -INFO - Setup to connect devices
2018-03-12 22:33:38,491 - open -INFO - Done setup to connect devices
2018-03-12 22:33:38,492 - open -INFO - Connect database
2018-03-12 22:33:38,492 - open -INFO - Connect database success
2018-03-12 22:33:38,959 - run -INFO - Start testcase 1
2018-03-12 22:33:38,970 - creatTrips -INFO - Start creat trips
2018-03-12 22:33:38,970 - creatTrips -INFO - touch tab Ban tin
2018-03-12 22:33:42,408 - creatTrips -INFO - touch +
2018-03-12 22:33:42,576 - creatTrips -INFO - touch  tao chuyen di
2018-03-12 22:33:45,480 - creatTrips -INFO - touch quyen rieng tu
2018-03-12 22:33:46,158 - creatTrips -INFO - touch Cong khai
2018-03-12 22:33:50,017 - creatTrips -INFO - send Ten chuyen di
2018-03-12 22:34:02,064 - creatTrips -INFO - send Mieu ta
2018-03-12 22:34:20,731 - creatTrips -INFO - touch Ban do Diem bat dau
2018-03-12 22:34:24,518 - creatTrips -INFO - send Diem bat dau
2018-03-12 22:34:25,528 - run -ERROR - An element could not be located on the page using the given search parameters. (WARNING: The server did not provide any stacktrace information)
Command duration or timeout: 1.00 seconds
For documentation on this error, please visit: http://seleniumhq.org/exceptions/no_such_element.html
Build info: version: 'unknown', revision: 'unknown', time: 'unknown'
System info: host: 'TRANGTHU292', ip: '192.168.11.109', os.name: 'Windows 10', os.arch: 'amd64', os.version: '10.0', java.version: '1.8.0_131'
Driver info: io.appium.java_client.android.AndroidDriver
Capabilities [{appPackage=studio.crazybt.adventure, deviceScreenSize=720x1280, networkConnectionEnabled=true, noReset=true, warnings={}, databaseEnabled=false, version=, deviceName=4653bc57, fullReset=false, platform=ANDROID, deviceUDID=4653bc57, appActivity=studio.crazybt.adventure.activities.SplashActivity, desired={appPackage=studio.crazybt.adventure, appActivity=studio.crazybt.adventure.activities.SplashActivity, noReset=true, platformVersion=4.4.2, browserName=android, unicodeKeyboard=true, platformName=Android, version=, deviceName=4653bc57, fullReset=false, platform=ANDROID}, platformVersion=4.4.2, webStorageEnabled=false, locationContextEnabled=false, takesScreenshot=true, browserName=android, javascriptEnabled=true, deviceModel=SM-G7102, unicodeKeyboard=true, platformName=Android, deviceManufacturer=samsung}]
Session ID: 197bcabc-87a3-4d23-90ef-a17f7447c16d
*** Element info: {Using=id, value=com.google.android.gms:id/edit_text}
2018-03-12 22:34:25,529 - run -INFO - End testcase 1
2018-03-12 22:34:25,529 - run -INFO - Start testcase 2
2018-03-12 22:34:25,529 - creatTrips -INFO - Start creat trips
2018-03-12 22:34:25,530 - creatTrips -INFO - touch tab Ban tin
2018-03-12 22:34:25,587 - run -ERROR - An element could not be located on the page using the given search parameters. (WARNING: The server did not provide any stacktrace information)
Command duration or timeout: 56 milliseconds
For documentation on this error, please visit: http://seleniumhq.org/exceptions/no_such_element.html
Build info: version: 'unknown', revision: 'unknown', time: 'unknown'
System info: host: 'TRANGTHU292', ip: '192.168.11.109', os.name: 'Windows 10', os.arch: 'amd64', os.version: '10.0', java.version: '1.8.0_131'
Driver info: io.appium.java_client.android.AndroidDriver
Capabilities [{appPackage=studio.crazybt.adventure, deviceScreenSize=720x1280, networkConnectionEnabled=true, noReset=true, warnings={}, databaseEnabled=false, version=, deviceName=4653bc57, fullReset=false, platform=ANDROID, deviceUDID=4653bc57, appActivity=studio.crazybt.adventure.activities.SplashActivity, desired={appPackage=studio.crazybt.adventure, appActivity=studio.crazybt.adventure.activities.SplashActivity, noReset=true, platformVersion=4.4.2, browserName=android, unicodeKeyboard=true, platformName=Android, version=, deviceName=4653bc57, fullReset=false, platform=ANDROID}, platformVersion=4.4.2, webStorageEnabled=false, locationContextEnabled=false, takesScreenshot=true, browserName=android, javascriptEnabled=true, deviceModel=SM-G7102, unicodeKeyboard=true, platformName=Android, deviceManufacturer=samsung}]
Session ID: 197bcabc-87a3-4d23-90ef-a17f7447c16d
*** Element info: {Using=id, value=studio.crazybt.adventure:id/tlHomePage}
2018-03-12 22:34:25,587 - run -INFO - End testcase 2
2018-03-12 22:34:25,587 - run -INFO - Start testcase 3
2018-03-12 22:34:25,588 - creatTrips -INFO - Start creat trips
2018-03-12 22:34:25,588 - creatTrips -INFO - touch tab Ban tin
2018-03-12 22:34:25,639 - run -ERROR - An element could not be located on the page using the given search parameters. (WARNING: The server did not provide any stacktrace information)
Command duration or timeout: 51 milliseconds
For documentation on this error, please visit: http://seleniumhq.org/exceptions/no_such_element.html
Build info: version: 'unknown', revision: 'unknown', time: 'unknown'
System info: host: 'TRANGTHU292', ip: '192.168.11.109', os.name: 'Windows 10', os.arch: 'amd64', os.version: '10.0', java.version: '1.8.0_131'
Driver info: io.appium.java_client.android.AndroidDriver
Capabilities [{appPackage=studio.crazybt.adventure, deviceScreenSize=720x1280, networkConnectionEnabled=true, noReset=true, warnings={}, databaseEnabled=false, version=, deviceName=4653bc57, fullReset=false, platform=ANDROID, deviceUDID=4653bc57, appActivity=studio.crazybt.adventure.activities.SplashActivity, desired={appPackage=studio.crazybt.adventure, appActivity=studio.crazybt.adventure.activities.SplashActivity, noReset=true, platformVersion=4.4.2, browserName=android, unicodeKeyboard=true, platformName=Android, version=, deviceName=4653bc57, fullReset=false, platform=ANDROID}, platformVersion=4.4.2, webStorageEnabled=false, locationContextEnabled=false, takesScreenshot=true, browserName=android, javascriptEnabled=true, deviceModel=SM-G7102, unicodeKeyboard=true, platformName=Android, deviceManufacturer=samsung}]
Session ID: 197bcabc-87a3-4d23-90ef-a17f7447c16d
*** Element info: {Using=id, value=studio.crazybt.adventure:id/tlHomePage}
2018-03-12 22:34:25,639 - run -INFO - End testcase 3
2018-03-12 22:34:25,667 - end -INFO - Tong thoi gian chay: 78s ~ 1p18s
2018-03-12 22:34:25,667 - end -INFO - Tong time nghi: 0s ~ 0p0s
